[0.190s] DEBUG:colcon:Command line arguments: ['/usr/bin/colcon', 'build', '--packages-select', 'te_demo']
[0.190s] DEBUG:colcon:Parsed command line arguments: Namespace(log_base=None, log_level=None, verb_name='build', build_base='build', install_base='install', merge_install=False, symlink_install=False, test_result_base=None, continue_on_error=False, executor='parallel', parallel_workers=2, event_handlers=None, ignore_user_meta=False, metas=['./colcon.meta'], base_paths=['.'], packages_ignore=None, packages_ignore_regex=None, paths=None, packages_up_to=None, packages_up_to_regex=None, packages_above=None, packages_above_and_dependencies=None, packages_above_depth=None, packages_select_by_dep=None, packages_skip_by_dep=None, packages_skip_up_to=None, packages_select_build_failed=False, packages_skip_build_finished=False, packages_select_test_failures=False, packages_skip_test_passed=False, packages_select=['te_demo'], packages_skip=None, packages_select_regex=None, packages_skip_regex=None, packages_start=None, packages_end=None, allow_overriding=[], cmake_args=None, cmake_target=None, cmake_target_skip_unavailable=False, cmake_clean_cache=False, cmake_clean_first=False, cmake_force_configure=False, ament_cmake_args=None, catkin_cmake_args=None, catkin_skip_building_tests=False, verb_parser=<colcon_defaults.argument_parser.defaults.DefaultArgumentsDecorator object at 0x7897b1ca6f80>, verb_extension=<colcon_core.verb.build.BuildVerb object at 0x7897b1ee05e0>, main=<bound method BuildVerb.main of <colcon_core.verb.build.BuildVerb object at 0x7897b1ee05e0>>)
[0.476s] Level 1:colcon.colcon_core.package_discovery:discover_packages(colcon_meta) check parameters
[0.476s] Level 1:colcon.colcon_core.package_discovery:discover_packages(recursive) check parameters
[0.477s] Level 1:colcon.colcon_core.package_discovery:discover_packages(ignore) check parameters
[0.477s] Level 1:colcon.colcon_core.package_discovery:discover_packages(path) check parameters
[0.477s] Level 1:colcon.colcon_core.package_discovery:discover_packages(colcon_meta) discover
[0.477s] Level 1:colcon.colcon_core.package_discovery:discover_packages(recursive) discover
[0.477s] INFO:colcon.colcon_core.package_discovery:Crawling recursively for packages in '/home/solar/myRos2/src'
[0.477s] Level 1:colcon.colcon_core.package_identification:_identify(.) by extensions ['ignore', 'ignore_ament_install']
[0.477s] Level 1:colcon.colcon_core.package_identification:_identify(.) by extension 'ignore'
[0.478s] Level 1:colcon.colcon_core.package_identification:_identify(.) by extension 'ignore_ament_install'
[0.478s] Level 1:colcon.colcon_core.package_identification:_identify(.) by extensions ['colcon_pkg']
[0.478s] Level 1:colcon.colcon_core.package_identification:_identify(.) by extension 'colcon_pkg'
[0.478s] Level 1:colcon.colcon_core.package_identification:_identify(.) by extensions ['colcon_meta']
[0.478s] Level 1:colcon.colcon_core.package_identification:_identify(.) by extension 'colcon_meta'
[0.478s] Level 1:colcon.colcon_core.package_identification:_identify(.) by extensions ['ros']
[0.478s] Level 1:colcon.colcon_core.package_identification:_identify(.) by extension 'ros'
[0.499s] Level 1:colcon.colcon_core.package_identification:_identify(.) by extensions ['cmake', 'python']
[0.499s] Level 1:colcon.colcon_core.package_identification:_identify(.) by extension 'cmake'
[0.499s] Level 1:colcon.colcon_core.package_identification:_identify(.) by extension 'python'
[0.500s] Level 1:colcon.colcon_core.package_identification:_identify(.) by extensions ['python_setup_py']
[0.500s] Level 1:colcon.colcon_core.package_identification:_identify(.) by extension 'python_setup_py'
[0.500s] Level 1:colcon.colcon_core.package_identification:_identify(build) by extensions ['ignore', 'ignore_ament_install']
[0.500s] Level 1:colcon.colcon_core.package_identification:_identify(build) by extension 'ignore'
[0.500s] Level 1:colcon.colcon_core.package_identification:_identify(build) ignored
[0.500s] Level 1:colcon.colcon_core.package_identification:_identify(install) by extensions ['ignore', 'ignore_ament_install']
[0.500s] Level 1:colcon.colcon_core.package_identification:_identify(install) by extension 'ignore'
[0.500s] Level 1:colcon.colcon_core.package_identification:_identify(install) ignored
[0.501s] Level 1:colcon.colcon_core.package_identification:_identify(log) by extensions ['ignore', 'ignore_ament_install']
[0.501s] Level 1:colcon.colcon_core.package_identification:_identify(log) by extension 'ignore'
[0.501s] Level 1:colcon.colcon_core.package_identification:_identify(log) ignored
[0.501s] Level 1:colcon.colcon_core.package_identification:_identify(te_demo) by extensions ['ignore', 'ignore_ament_install']
[0.501s] Level 1:colcon.colcon_core.package_identification:_identify(te_demo) by extension 'ignore'
[0.501s] Level 1:colcon.colcon_core.package_identification:_identify(te_demo) by extension 'ignore_ament_install'
[0.501s] Level 1:colcon.colcon_core.package_identification:_identify(te_demo) by extensions ['colcon_pkg']
[0.501s] Level 1:colcon.colcon_core.package_identification:_identify(te_demo) by extension 'colcon_pkg'
[0.501s] Level 1:colcon.colcon_core.package_identification:_identify(te_demo) by extensions ['colcon_meta']
[0.501s] Level 1:colcon.colcon_core.package_identification:_identify(te_demo) by extension 'colcon_meta'
[0.501s] Level 1:colcon.colcon_core.package_identification:_identify(te_demo) by extensions ['ros']
[0.501s] Level 1:colcon.colcon_core.package_identification:_identify(te_demo) by extension 'ros'
[0.506s] DEBUG:colcon.colcon_core.package_identification:Package 'te_demo' with type 'ros.ament_cmake' and name 'te_demo'
[0.506s] Level 1:colcon.colcon_core.package_discovery:discover_packages(recursive) using defaults
[0.506s] Level 1:colcon.colcon_core.package_discovery:discover_packages(ignore) discover
[0.506s] Level 1:colcon.colcon_core.package_discovery:discover_packages(ignore) using defaults
[0.507s] Level 1:colcon.colcon_core.package_discovery:discover_packages(path) discover
[0.507s] Level 1:colcon.colcon_core.package_discovery:discover_packages(path) using defaults
[0.540s] Level 1:colcon.colcon_core.package_discovery:discover_packages(prefix_path) check parameters
[0.540s] Level 1:colcon.colcon_core.package_discovery:discover_packages(prefix_path) discover
[0.545s] DEBUG:colcon.colcon_installed_package_information.package_discovery:Found 278 installed packages in /opt/ros/humble
[0.565s] Level 1:colcon.colcon_core.package_discovery:discover_packages(prefix_path) using defaults
[0.623s] Level 5:colcon.colcon_core.verb:set package 'te_demo' build argument 'cmake_args' from command line to 'None'
[0.623s] Level 5:colcon.colcon_core.verb:set package 'te_demo' build argument 'cmake_target' from command line to 'None'
[0.623s] Level 5:colcon.colcon_core.verb:set package 'te_demo' build argument 'cmake_target_skip_unavailable' from command line to 'False'
[0.623s] Level 5:colcon.colcon_core.verb:set package 'te_demo' build argument 'cmake_clean_cache' from command line to 'False'
[0.623s] Level 5:colcon.colcon_core.verb:set package 'te_demo' build argument 'cmake_clean_first' from command line to 'False'
[0.623s] Level 5:colcon.colcon_core.verb:set package 'te_demo' build argument 'cmake_force_configure' from command line to 'False'
[0.623s] Level 5:colcon.colcon_core.verb:set package 'te_demo' build argument 'ament_cmake_args' from command line to 'None'
[0.623s] Level 5:colcon.colcon_core.verb:set package 'te_demo' build argument 'catkin_cmake_args' from command line to 'None'
[0.623s] Level 5:colcon.colcon_core.verb:set package 'te_demo' build argument 'catkin_skip_building_tests' from command line to 'False'
[0.623s] DEBUG:colcon.colcon_core.verb:Building package 'te_demo' with the following arguments: {'ament_cmake_args': None, 'build_base': '/home/solar/myRos2/src/build/te_demo', 'catkin_cmake_args': None, 'catkin_skip_building_tests': False, 'cmake_args': None, 'cmake_clean_cache': False, 'cmake_clean_first': False, 'cmake_force_configure': False, 'cmake_target': None, 'cmake_target_skip_unavailable': False, 'install_base': '/home/solar/myRos2/src/install/te_demo', 'merge_install': False, 'path': '/home/solar/myRos2/src/te_demo', 'symlink_install': False, 'test_result_base': None}
[0.624s] INFO:colcon.colcon_core.executor:Executing jobs using 'parallel' executor
[0.627s] DEBUG:colcon.colcon_parallel_executor.executor.parallel:run_until_complete
[0.627s] INFO:colcon.colcon_ros.task.ament_cmake.build:Building ROS package in '/home/solar/myRos2/src/te_demo' with build type 'ament_cmake'
[0.628s] INFO:colcon.colcon_cmake.task.cmake.build:Building CMake package in '/home/solar/myRos2/src/te_demo'
[0.632s] INFO:colcon.colcon_core.plugin_system:Skipping extension 'colcon_core.shell.bat': Not used on non-Windows systems
[0.633s] INFO:colcon.colcon_core.shell:Skip shell extension 'powershell' for command environment: Not usable outside of PowerShell
[0.633s] DEBUG:colcon.colcon_core.shell:Skip shell extension 'dsv' for command environment
[0.649s] DEBUG:colcon.colcon_core.event_handler.log_command:Invoking command in '/home/solar/myRos2/src/build/te_demo': CMAKE_PREFIX_PATH=/opt/ros/humble /usr/bin/cmake /home/solar/myRos2/src/te_demo -DCMAKE_INSTALL_PREFIX=/home/solar/myRos2/src/install/te_demo
[4.986s] DEBUG:colcon.colcon_core.event_handler.log_command:Invoked command in '/home/solar/myRos2/src/build/te_demo' returned '0': CMAKE_PREFIX_PATH=/opt/ros/humble /usr/bin/cmake /home/solar/myRos2/src/te_demo -DCMAKE_INSTALL_PREFIX=/home/solar/myRos2/src/install/te_demo
[4.992s] DEBUG:colcon.colcon_core.event_handler.log_command:Invoking command in '/home/solar/myRos2/src/build/te_demo': CMAKE_PREFIX_PATH=/opt/ros/humble /usr/bin/cmake --build /home/solar/myRos2/src/build/te_demo -- -j2 -l2
[16.021s] DEBUG:colcon.colcon_core.event_handler.log_command:Invoked command in '/home/solar/myRos2/src/build/te_demo' returned '0': CMAKE_PREFIX_PATH=/opt/ros/humble /usr/bin/cmake --build /home/solar/myRos2/src/build/te_demo -- -j2 -l2
[16.047s] DEBUG:colcon.colcon_core.event_handler.log_command:Invoking command in '/home/solar/myRos2/src/build/te_demo': CMAKE_PREFIX_PATH=/opt/ros/humble /usr/bin/cmake --install /home/solar/myRos2/src/build/te_demo
[16.220s] Level 1:colcon.colcon_core.environment:create_environment_scripts_only(te_demo)
[16.222s] DEBUG:colcon.colcon_core.event_handler.log_command:Invoked command in '/home/solar/myRos2/src/build/te_demo' returned '0': CMAKE_PREFIX_PATH=/opt/ros/humble /usr/bin/cmake --install /home/solar/myRos2/src/build/te_demo
[16.246s] Level 1:colcon.colcon_core.environment:checking '/home/solar/myRos2/src/install/te_demo' for CMake module files
[16.247s] Level 1:colcon.colcon_core.environment:checking '/home/solar/myRos2/src/install/te_demo' for CMake config files
[16.249s] Level 1:colcon.colcon_core.shell:create_environment_hook('te_demo', 'cmake_prefix_path')
[16.249s] INFO:colcon.colcon_core.shell:Creating environment hook '/home/solar/myRos2/src/install/te_demo/share/te_demo/hook/cmake_prefix_path.ps1'
[16.251s] INFO:colcon.colcon_core.shell:Creating environment descriptor '/home/solar/myRos2/src/install/te_demo/share/te_demo/hook/cmake_prefix_path.dsv'
[16.253s] INFO:colcon.colcon_core.shell:Creating environment hook '/home/solar/myRos2/src/install/te_demo/share/te_demo/hook/cmake_prefix_path.sh'
[16.256s] Level 1:colcon.colcon_core.environment:checking '/home/solar/myRos2/src/install/te_demo/lib'
[16.256s] Level 1:colcon.colcon_core.shell:create_environment_hook('te_demo', 'ld_library_path_lib')
[16.257s] INFO:colcon.colcon_core.shell:Creating environment hook '/home/solar/myRos2/src/install/te_demo/share/te_demo/hook/ld_library_path_lib.ps1'
[16.257s] INFO:colcon.colcon_core.shell:Creating environment descriptor '/home/solar/myRos2/src/install/te_demo/share/te_demo/hook/ld_library_path_lib.dsv'
[16.258s] INFO:colcon.colcon_core.shell:Creating environment hook '/home/solar/myRos2/src/install/te_demo/share/te_demo/hook/ld_library_path_lib.sh'
[16.259s] Level 1:colcon.colcon_core.environment:checking '/home/solar/myRos2/src/install/te_demo/bin'
[16.259s] Level 1:colcon.colcon_core.environment:checking '/home/solar/myRos2/src/install/te_demo/lib/pkgconfig/te_demo.pc'
[16.259s] Level 1:colcon.colcon_core.environment:checking '/home/solar/myRos2/src/install/te_demo/lib/python3.10/site-packages'
[16.260s] Level 1:colcon.colcon_core.environment:checking '/home/solar/myRos2/src/install/te_demo/bin'
[16.260s] INFO:colcon.colcon_core.shell:Creating package script '/home/solar/myRos2/src/install/te_demo/share/te_demo/package.ps1'
[16.263s] INFO:colcon.colcon_core.shell:Creating package descriptor '/home/solar/myRos2/src/install/te_demo/share/te_demo/package.dsv'
[16.265s] INFO:colcon.colcon_core.shell:Creating package script '/home/solar/myRos2/src/install/te_demo/share/te_demo/package.sh'
[16.267s] INFO:colcon.colcon_core.shell:Creating package script '/home/solar/myRos2/src/install/te_demo/share/te_demo/package.bash'
[16.269s] INFO:colcon.colcon_core.shell:Creating package script '/home/solar/myRos2/src/install/te_demo/share/te_demo/package.zsh'
[16.271s] Level 1:colcon.colcon_core.environment:create_file_with_runtime_dependencies(/home/solar/myRos2/src/install/te_demo/share/colcon-core/packages/te_demo)
[16.273s] Level 1:colcon.colcon_core.environment:create_environment_scripts_only(te_demo)
[16.273s] Level 1:colcon.colcon_core.environment:checking '/home/solar/myRos2/src/install/te_demo' for CMake module files
[16.274s] Level 1:colcon.colcon_core.environment:checking '/home/solar/myRos2/src/install/te_demo' for CMake config files
[16.275s] Level 1:colcon.colcon_core.shell:create_environment_hook('te_demo', 'cmake_prefix_path')
[16.276s] INFO:colcon.colcon_core.shell:Creating environment hook '/home/solar/myRos2/src/install/te_demo/share/te_demo/hook/cmake_prefix_path.ps1'
[16.277s] INFO:colcon.colcon_core.shell:Creating environment descriptor '/home/solar/myRos2/src/install/te_demo/share/te_demo/hook/cmake_prefix_path.dsv'
[16.279s] INFO:colcon.colcon_core.shell:Creating environment hook '/home/solar/myRos2/src/install/te_demo/share/te_demo/hook/cmake_prefix_path.sh'
[16.280s] Level 1:colcon.colcon_core.environment:checking '/home/solar/myRos2/src/install/te_demo/lib'
[16.281s] Level 1:colcon.colcon_core.shell:create_environment_hook('te_demo', 'ld_library_path_lib')
[16.281s] INFO:colcon.colcon_core.shell:Creating environment hook '/home/solar/myRos2/src/install/te_demo/share/te_demo/hook/ld_library_path_lib.ps1'
[16.282s] INFO:colcon.colcon_core.shell:Creating environment descriptor '/home/solar/myRos2/src/install/te_demo/share/te_demo/hook/ld_library_path_lib.dsv'
[16.283s] INFO:colcon.colcon_core.shell:Creating environment hook '/home/solar/myRos2/src/install/te_demo/share/te_demo/hook/ld_library_path_lib.sh'
[16.285s] Level 1:colcon.colcon_core.environment:checking '/home/solar/myRos2/src/install/te_demo/bin'
[16.285s] Level 1:colcon.colcon_core.environment:checking '/home/solar/myRos2/src/install/te_demo/lib/pkgconfig/te_demo.pc'
[16.285s] Level 1:colcon.colcon_core.environment:checking '/home/solar/myRos2/src/install/te_demo/lib/python3.10/site-packages'
[16.286s] Level 1:colcon.colcon_core.environment:checking '/home/solar/myRos2/src/install/te_demo/bin'
[16.286s] INFO:colcon.colcon_core.shell:Creating package script '/home/solar/myRos2/src/install/te_demo/share/te_demo/package.ps1'
[16.287s] INFO:colcon.colcon_core.shell:Creating package descriptor '/home/solar/myRos2/src/install/te_demo/share/te_demo/package.dsv'
[16.289s] INFO:colcon.colcon_core.shell:Creating package script '/home/solar/myRos2/src/install/te_demo/share/te_demo/package.sh'
[16.290s] INFO:colcon.colcon_core.shell:Creating package script '/home/solar/myRos2/src/install/te_demo/share/te_demo/package.bash'
[16.291s] INFO:colcon.colcon_core.shell:Creating package script '/home/solar/myRos2/src/install/te_demo/share/te_demo/package.zsh'
[16.292s] Level 1:colcon.colcon_core.environment:create_file_with_runtime_dependencies(/home/solar/myRos2/src/install/te_demo/share/colcon-core/packages/te_demo)
[16.293s] DEBUG:colcon.colcon_parallel_executor.executor.parallel:closing loop
[16.294s] DEBUG:colcon.colcon_parallel_executor.executor.parallel:loop closed
[16.295s] DEBUG:colcon.colcon_parallel_executor.executor.parallel:run_until_complete finished with '0'
[16.295s] DEBUG:colcon.colcon_core.event_reactor:joining thread
[16.305s] INFO:colcon.colcon_core.plugin_system:Skipping extension 'colcon_notification.desktop_notification.terminal_notifier': Not used on non-Darwin systems
[16.305s] INFO:colcon.colcon_core.plugin_system:Skipping extension 'colcon_notification.desktop_notification.win32': Not used on non-Windows systems
[16.306s] INFO:colcon.colcon_notification.desktop_notification:Sending desktop notification using 'notify2'
[16.309s] DEBUG:colcon.colcon_notification.desktop_notification.notify2:Failed to initialize notify2: org.freedesktop.DBus.Error.ServiceUnknown: The name org.freedesktop.Notifications was not provided by any .service files
[16.309s] DEBUG:colcon.colcon_core.event_reactor:joined thread
[16.310s] INFO:colcon.colcon_core.shell:Creating prefix script '/home/solar/myRos2/src/install/local_setup.ps1'
[16.312s] INFO:colcon.colcon_core.shell:Creating prefix util module '/home/solar/myRos2/src/install/_local_setup_util_ps1.py'
[16.314s] INFO:colcon.colcon_core.shell:Creating prefix chain script '/home/solar/myRos2/src/install/setup.ps1'
[16.316s] INFO:colcon.colcon_core.shell:Creating prefix script '/home/solar/myRos2/src/install/local_setup.sh'
[16.317s] INFO:colcon.colcon_core.shell:Creating prefix util module '/home/solar/myRos2/src/install/_local_setup_util_sh.py'
[16.318s] INFO:colcon.colcon_core.shell:Creating prefix chain script '/home/solar/myRos2/src/install/setup.sh'
[16.320s] INFO:colcon.colcon_core.shell:Creating prefix script '/home/solar/myRos2/src/install/local_setup.bash'
[16.321s] INFO:colcon.colcon_core.shell:Creating prefix chain script '/home/solar/myRos2/src/install/setup.bash'
[16.322s] INFO:colcon.colcon_core.shell:Creating prefix script '/home/solar/myRos2/src/install/local_setup.zsh'
[16.323s] INFO:colcon.colcon_core.shell:Creating prefix chain script '/home/solar/myRos2/src/install/setup.zsh'
