[0.162s] DEBUG:colcon:Command line arguments: ['/usr/bin/colcon', 'build']
[0.163s] DEBUG:colcon:Parsed command line arguments: Namespace(log_base=None, log_level=None, verb_name='build', build_base='build', install_base='install', merge_install=False, symlink_install=False, test_result_base=None, continue_on_error=False, executor='parallel', parallel_workers=2, event_handlers=None, ignore_user_meta=False, metas=['./colcon.meta'], base_paths=['.'], packages_ignore=None, packages_ignore_regex=None, paths=None, packages_up_to=None, packages_up_to_regex=None, packages_above=None, packages_above_and_dependencies=None, packages_above_depth=None, packages_select_by_dep=None, packages_skip_by_dep=None, packages_skip_up_to=None, packages_select_build_failed=False, packages_skip_build_finished=False, packages_select_test_failures=False, packages_skip_test_passed=False, packages_select=None, packages_skip=None, packages_select_regex=None, packages_skip_regex=None, packages_start=None, packages_end=None, allow_overriding=[], cmake_args=None, cmake_target=None, cmake_target_skip_unavailable=False, cmake_clean_cache=False, cmake_clean_first=False, cmake_force_configure=False, ament_cmake_args=None, catkin_cmake_args=None, catkin_skip_building_tests=False, verb_parser=<colcon_defaults.argument_parser.defaults.DefaultArgumentsDecorator object at 0x7b3f6e2a6f50>, verb_extension=<colcon_core.verb.build.BuildVerb object at 0x7b3f6e4e05b0>, main=<bound method BuildVerb.main of <colcon_core.verb.build.BuildVerb object at 0x7b3f6e4e05b0>>)
[0.407s] Level 1:colcon.colcon_core.package_discovery:discover_packages(colcon_meta) check parameters
[0.407s] Level 1:colcon.colcon_core.package_discovery:discover_packages(recursive) check parameters
[0.407s] Level 1:colcon.colcon_core.package_discovery:discover_packages(ignore) check parameters
[0.407s] Level 1:colcon.colcon_core.package_discovery:discover_packages(path) check parameters
[0.407s] Level 1:colcon.colcon_core.package_discovery:discover_packages(colcon_meta) discover
[0.407s] Level 1:colcon.colcon_core.package_discovery:discover_packages(recursive) discover
[0.407s] INFO:colcon.colcon_core.package_discovery:Crawling recursively for packages in '/home/solar/myRos2'
[0.408s] Level 1:colcon.colcon_core.package_identification:_identify(.) by extensions ['ignore', 'ignore_ament_install']
[0.408s] Level 1:colcon.colcon_core.package_identification:_identify(.) by extension 'ignore'
[0.408s] Level 1:colcon.colcon_core.package_identification:_identify(.) by extension 'ignore_ament_install'
[0.408s] Level 1:colcon.colcon_core.package_identification:_identify(.) by extensions ['colcon_pkg']
[0.408s] Level 1:colcon.colcon_core.package_identification:_identify(.) by extension 'colcon_pkg'
[0.408s] Level 1:colcon.colcon_core.package_identification:_identify(.) by extensions ['colcon_meta']
[0.408s] Level 1:colcon.colcon_core.package_identification:_identify(.) by extension 'colcon_meta'
[0.408s] Level 1:colcon.colcon_core.package_identification:_identify(.) by extensions ['ros']
[0.408s] Level 1:colcon.colcon_core.package_identification:_identify(.) by extension 'ros'
[0.425s] Level 1:colcon.colcon_core.package_identification:_identify(.) by extensions ['cmake', 'python']
[0.426s] Level 1:colcon.colcon_core.package_identification:_identify(.) by extension 'cmake'
[0.426s] Level 1:colcon.colcon_core.package_identification:_identify(.) by extension 'python'
[0.426s] Level 1:colcon.colcon_core.package_identification:_identify(.) by extensions ['python_setup_py']
[0.426s] Level 1:colcon.colcon_core.package_identification:_identify(.) by extension 'python_setup_py'
[0.426s] Level 1:colcon.colcon_core.package_identification:_identify(build) by extensions ['ignore', 'ignore_ament_install']
[0.426s] Level 1:colcon.colcon_core.package_identification:_identify(build) by extension 'ignore'
[0.426s] Level 1:colcon.colcon_core.package_identification:_identify(build) ignored
[0.426s] Level 1:colcon.colcon_core.package_identification:_identify(install) by extensions ['ignore', 'ignore_ament_install']
[0.426s] Level 1:colcon.colcon_core.package_identification:_identify(install) by extension 'ignore'
[0.426s] Level 1:colcon.colcon_core.package_identification:_identify(install) ignored
[0.427s] Level 1:colcon.colcon_core.package_identification:_identify(log) by extensions ['ignore', 'ignore_ament_install']
[0.427s] Level 1:colcon.colcon_core.package_identification:_identify(log) by extension 'ignore'
[0.427s] Level 1:colcon.colcon_core.package_identification:_identify(log) ignored
[0.427s] Level 1:colcon.colcon_core.package_identification:_identify(src) by extensions ['ignore', 'ignore_ament_install']
[0.427s] Level 1:colcon.colcon_core.package_identification:_identify(src) by extension 'ignore'
[0.427s] Level 1:colcon.colcon_core.package_identification:_identify(src) by extension 'ignore_ament_install'
[0.427s] Level 1:colcon.colcon_core.package_identification:_identify(src) by extensions ['colcon_pkg']
[0.427s] Level 1:colcon.colcon_core.package_identification:_identify(src) by extension 'colcon_pkg'
[0.427s] Level 1:colcon.colcon_core.package_identification:_identify(src) by extensions ['colcon_meta']
[0.428s] Level 1:colcon.colcon_core.package_identification:_identify(src) by extension 'colcon_meta'
[0.428s] Level 1:colcon.colcon_core.package_identification:_identify(src) by extensions ['ros']
[0.428s] Level 1:colcon.colcon_core.package_identification:_identify(src) by extension 'ros'
[0.428s] Level 1:colcon.colcon_core.package_identification:_identify(src) by extensions ['cmake', 'python']
[0.428s] Level 1:colcon.colcon_core.package_identification:_identify(src) by extension 'cmake'
[0.428s] Level 1:colcon.colcon_core.package_identification:_identify(src) by extension 'python'
[0.428s] Level 1:colcon.colcon_core.package_identification:_identify(src) by extensions ['python_setup_py']
[0.428s] Level 1:colcon.colcon_core.package_identification:_identify(src) by extension 'python_setup_py'
[0.428s] Level 1:colcon.colcon_core.package_identification:_identify(src/install) by extensions ['ignore', 'ignore_ament_install']
[0.428s] Level 1:colcon.colcon_core.package_identification:_identify(src/install) by extension 'ignore'
[0.429s] Level 1:colcon.colcon_core.package_identification:_identify(src/install) ignored
[0.429s] Level 1:colcon.colcon_core.package_identification:_identify(src/log) by extensions ['ignore', 'ignore_ament_install']
[0.429s] Level 1:colcon.colcon_core.package_identification:_identify(src/log) by extension 'ignore'
[0.429s] Level 1:colcon.colcon_core.package_identification:_identify(src/log) ignored
[0.429s] Level 1:colcon.colcon_core.package_identification:_identify(src/te_demo) by extensions ['ignore', 'ignore_ament_install']
[0.429s] Level 1:colcon.colcon_core.package_identification:_identify(src/te_demo) by extension 'ignore'
[0.429s] Level 1:colcon.colcon_core.package_identification:_identify(src/te_demo) by extension 'ignore_ament_install'
[0.429s] Level 1:colcon.colcon_core.package_identification:_identify(src/te_demo) by extensions ['colcon_pkg']
[0.429s] Level 1:colcon.colcon_core.package_identification:_identify(src/te_demo) by extension 'colcon_pkg'
[0.429s] Level 1:colcon.colcon_core.package_identification:_identify(src/te_demo) by extensions ['colcon_meta']
[0.429s] Level 1:colcon.colcon_core.package_identification:_identify(src/te_demo) by extension 'colcon_meta'
[0.429s] Level 1:colcon.colcon_core.package_identification:_identify(src/te_demo) by extensions ['ros']
[0.429s] Level 1:colcon.colcon_core.package_identification:_identify(src/te_demo) by extension 'ros'
[0.433s] DEBUG:colcon.colcon_core.package_identification:Package 'src/te_demo' with type 'ros.ament_cmake' and name 'te_demo'
[0.433s] Level 1:colcon.colcon_core.package_discovery:discover_packages(recursive) using defaults
[0.433s] Level 1:colcon.colcon_core.package_discovery:discover_packages(ignore) discover
[0.433s] Level 1:colcon.colcon_core.package_discovery:discover_packages(ignore) using defaults
[0.433s] Level 1:colcon.colcon_core.package_discovery:discover_packages(path) discover
[0.433s] Level 1:colcon.colcon_core.package_discovery:discover_packages(path) using defaults
[0.463s] Level 1:colcon.colcon_core.package_discovery:discover_packages(prefix_path) check parameters
[0.464s] Level 1:colcon.colcon_core.package_discovery:discover_packages(prefix_path) discover
[0.467s] DEBUG:colcon.colcon_installed_package_information.package_discovery:Found 278 installed packages in /opt/ros/humble
[0.486s] Level 1:colcon.colcon_core.package_discovery:discover_packages(prefix_path) using defaults
[0.542s] Level 5:colcon.colcon_core.verb:set package 'te_demo' build argument 'cmake_args' from command line to 'None'
[0.542s] Level 5:colcon.colcon_core.verb:set package 'te_demo' build argument 'cmake_target' from command line to 'None'
[0.542s] Level 5:colcon.colcon_core.verb:set package 'te_demo' build argument 'cmake_target_skip_unavailable' from command line to 'False'
[0.542s] Level 5:colcon.colcon_core.verb:set package 'te_demo' build argument 'cmake_clean_cache' from command line to 'False'
[0.542s] Level 5:colcon.colcon_core.verb:set package 'te_demo' build argument 'cmake_clean_first' from command line to 'False'
[0.542s] Level 5:colcon.colcon_core.verb:set package 'te_demo' build argument 'cmake_force_configure' from command line to 'False'
[0.542s] Level 5:colcon.colcon_core.verb:set package 'te_demo' build argument 'ament_cmake_args' from command line to 'None'
[0.542s] Level 5:colcon.colcon_core.verb:set package 'te_demo' build argument 'catkin_cmake_args' from command line to 'None'
[0.542s] Level 5:colcon.colcon_core.verb:set package 'te_demo' build argument 'catkin_skip_building_tests' from command line to 'False'
[0.542s] DEBUG:colcon.colcon_core.verb:Building package 'te_demo' with the following arguments: {'ament_cmake_args': None, 'build_base': '/home/solar/myRos2/build/te_demo', 'catkin_cmake_args': None, 'catkin_skip_building_tests': False, 'cmake_args': None, 'cmake_clean_cache': False, 'cmake_clean_first': False, 'cmake_force_configure': False, 'cmake_target': None, 'cmake_target_skip_unavailable': False, 'install_base': '/home/solar/myRos2/install/te_demo', 'merge_install': False, 'path': '/home/solar/myRos2/src/te_demo', 'symlink_install': False, 'test_result_base': None}
[0.542s] INFO:colcon.colcon_core.executor:Executing jobs using 'parallel' executor
[0.544s] DEBUG:colcon.colcon_parallel_executor.executor.parallel:run_until_complete
[0.545s] INFO:colcon.colcon_ros.task.ament_cmake.build:Building ROS package in '/home/solar/myRos2/src/te_demo' with build type 'ament_cmake'
[0.545s] INFO:colcon.colcon_cmake.task.cmake.build:Building CMake package in '/home/solar/myRos2/src/te_demo'
[0.551s] INFO:colcon.colcon_core.plugin_system:Skipping extension 'colcon_core.shell.bat': Not used on non-Windows systems
[0.552s] INFO:colcon.colcon_core.shell:Skip shell extension 'powershell' for command environment: Not usable outside of PowerShell
[0.552s] DEBUG:colcon.colcon_core.shell:Skip shell extension 'dsv' for command environment
[0.569s] DEBUG:colcon.colcon_core.event_handler.log_command:Invoking command in '/home/solar/myRos2/build/te_demo': CMAKE_PREFIX_PATH=/opt/ros/humble /usr/bin/cmake /home/solar/myRos2/src/te_demo -DCMAKE_INSTALL_PREFIX=/home/solar/myRos2/install/te_demo
[3.664s] DEBUG:colcon.colcon_core.event_handler.log_command:Invoked command in '/home/solar/myRos2/build/te_demo' returned '0': CMAKE_PREFIX_PATH=/opt/ros/humble /usr/bin/cmake /home/solar/myRos2/src/te_demo -DCMAKE_INSTALL_PREFIX=/home/solar/myRos2/install/te_demo
[3.665s] DEBUG:colcon.colcon_core.event_handler.log_command:Invoking command in '/home/solar/myRos2/build/te_demo': CMAKE_PREFIX_PATH=/opt/ros/humble /usr/bin/cmake --build /home/solar/myRos2/build/te_demo -- -j2 -l2
[15.358s] DEBUG:colcon.colcon_core.event_handler.log_command:Invoked command in '/home/solar/myRos2/build/te_demo' returned '0': CMAKE_PREFIX_PATH=/opt/ros/humble /usr/bin/cmake --build /home/solar/myRos2/build/te_demo -- -j2 -l2
[15.377s] DEBUG:colcon.colcon_core.event_handler.log_command:Invoking command in '/home/solar/myRos2/build/te_demo': CMAKE_PREFIX_PATH=/opt/ros/humble /usr/bin/cmake --install /home/solar/myRos2/build/te_demo
[15.548s] Level 1:colcon.colcon_core.environment:create_environment_scripts_only(te_demo)
[15.550s] DEBUG:colcon.colcon_core.event_handler.log_command:Invoked command in '/home/solar/myRos2/build/te_demo' returned '0': CMAKE_PREFIX_PATH=/opt/ros/humble /usr/bin/cmake --install /home/solar/myRos2/build/te_demo
[15.552s] Level 1:colcon.colcon_core.environment:checking '/home/solar/myRos2/install/te_demo' for CMake module files
[15.553s] Level 1:colcon.colcon_core.environment:checking '/home/solar/myRos2/install/te_demo' for CMake config files
[15.554s] Level 1:colcon.colcon_core.shell:create_environment_hook('te_demo', 'cmake_prefix_path')
[15.555s] INFO:colcon.colcon_core.shell:Creating environment hook '/home/solar/myRos2/install/te_demo/share/te_demo/hook/cmake_prefix_path.ps1'
[15.556s] INFO:colcon.colcon_core.shell:Creating environment descriptor '/home/solar/myRos2/install/te_demo/share/te_demo/hook/cmake_prefix_path.dsv'
[15.556s] INFO:colcon.colcon_core.shell:Creating environment hook '/home/solar/myRos2/install/te_demo/share/te_demo/hook/cmake_prefix_path.sh'
[15.557s] Level 1:colcon.colcon_core.environment:checking '/home/solar/myRos2/install/te_demo/lib'
[15.558s] Level 1:colcon.colcon_core.shell:create_environment_hook('te_demo', 'ld_library_path_lib')
[15.558s] INFO:colcon.colcon_core.shell:Creating environment hook '/home/solar/myRos2/install/te_demo/share/te_demo/hook/ld_library_path_lib.ps1'
[15.559s] INFO:colcon.colcon_core.shell:Creating environment descriptor '/home/solar/myRos2/install/te_demo/share/te_demo/hook/ld_library_path_lib.dsv'
[15.559s] INFO:colcon.colcon_core.shell:Creating environment hook '/home/solar/myRos2/install/te_demo/share/te_demo/hook/ld_library_path_lib.sh'
[15.560s] Level 1:colcon.colcon_core.environment:checking '/home/solar/myRos2/install/te_demo/bin'
[15.560s] Level 1:colcon.colcon_core.environment:checking '/home/solar/myRos2/install/te_demo/lib/pkgconfig/te_demo.pc'
[15.561s] Level 1:colcon.colcon_core.environment:checking '/home/solar/myRos2/install/te_demo/lib/python3.10/site-packages'
[15.561s] Level 1:colcon.colcon_core.environment:checking '/home/solar/myRos2/install/te_demo/bin'
[15.561s] INFO:colcon.colcon_core.shell:Creating package script '/home/solar/myRos2/install/te_demo/share/te_demo/package.ps1'
[15.563s] INFO:colcon.colcon_core.shell:Creating package descriptor '/home/solar/myRos2/install/te_demo/share/te_demo/package.dsv'
[15.564s] INFO:colcon.colcon_core.shell:Creating package script '/home/solar/myRos2/install/te_demo/share/te_demo/package.sh'
[15.566s] INFO:colcon.colcon_core.shell:Creating package script '/home/solar/myRos2/install/te_demo/share/te_demo/package.bash'
[15.567s] INFO:colcon.colcon_core.shell:Creating package script '/home/solar/myRos2/install/te_demo/share/te_demo/package.zsh'
[15.568s] Level 1:colcon.colcon_core.environment:create_file_with_runtime_dependencies(/home/solar/myRos2/install/te_demo/share/colcon-core/packages/te_demo)
[15.569s] Level 1:colcon.colcon_core.environment:create_environment_scripts_only(te_demo)
[15.569s] Level 1:colcon.colcon_core.environment:checking '/home/solar/myRos2/install/te_demo' for CMake module files
[15.570s] Level 1:colcon.colcon_core.environment:checking '/home/solar/myRos2/install/te_demo' for CMake config files
[15.572s] Level 1:colcon.colcon_core.shell:create_environment_hook('te_demo', 'cmake_prefix_path')
[15.572s] INFO:colcon.colcon_core.shell:Creating environment hook '/home/solar/myRos2/install/te_demo/share/te_demo/hook/cmake_prefix_path.ps1'
[15.573s] INFO:colcon.colcon_core.shell:Creating environment descriptor '/home/solar/myRos2/install/te_demo/share/te_demo/hook/cmake_prefix_path.dsv'
[15.574s] INFO:colcon.colcon_core.shell:Creating environment hook '/home/solar/myRos2/install/te_demo/share/te_demo/hook/cmake_prefix_path.sh'
[15.575s] Level 1:colcon.colcon_core.environment:checking '/home/solar/myRos2/install/te_demo/lib'
[15.576s] Level 1:colcon.colcon_core.shell:create_environment_hook('te_demo', 'ld_library_path_lib')
[15.576s] INFO:colcon.colcon_core.shell:Creating environment hook '/home/solar/myRos2/install/te_demo/share/te_demo/hook/ld_library_path_lib.ps1'
[15.577s] INFO:colcon.colcon_core.shell:Creating environment descriptor '/home/solar/myRos2/install/te_demo/share/te_demo/hook/ld_library_path_lib.dsv'
[15.578s] INFO:colcon.colcon_core.shell:Creating environment hook '/home/solar/myRos2/install/te_demo/share/te_demo/hook/ld_library_path_lib.sh'
[15.580s] Level 1:colcon.colcon_core.environment:checking '/home/solar/myRos2/install/te_demo/bin'
[15.580s] Level 1:colcon.colcon_core.environment:checking '/home/solar/myRos2/install/te_demo/lib/pkgconfig/te_demo.pc'
[15.581s] Level 1:colcon.colcon_core.environment:checking '/home/solar/myRos2/install/te_demo/lib/python3.10/site-packages'
[15.581s] Level 1:colcon.colcon_core.environment:checking '/home/solar/myRos2/install/te_demo/bin'
[15.582s] INFO:colcon.colcon_core.shell:Creating package script '/home/solar/myRos2/install/te_demo/share/te_demo/package.ps1'
[15.583s] INFO:colcon.colcon_core.shell:Creating package descriptor '/home/solar/myRos2/install/te_demo/share/te_demo/package.dsv'
[15.584s] INFO:colcon.colcon_core.shell:Creating package script '/home/solar/myRos2/install/te_demo/share/te_demo/package.sh'
[15.585s] INFO:colcon.colcon_core.shell:Creating package script '/home/solar/myRos2/install/te_demo/share/te_demo/package.bash'
[15.586s] INFO:colcon.colcon_core.shell:Creating package script '/home/solar/myRos2/install/te_demo/share/te_demo/package.zsh'
[15.587s] Level 1:colcon.colcon_core.environment:create_file_with_runtime_dependencies(/home/solar/myRos2/install/te_demo/share/colcon-core/packages/te_demo)
[15.589s] DEBUG:colcon.colcon_parallel_executor.executor.parallel:closing loop
[15.589s] DEBUG:colcon.colcon_parallel_executor.executor.parallel:loop closed
[15.589s] DEBUG:colcon.colcon_parallel_executor.executor.parallel:run_until_complete finished with '0'
[15.589s] DEBUG:colcon.colcon_core.event_reactor:joining thread
[15.599s] INFO:colcon.colcon_core.plugin_system:Skipping extension 'colcon_notification.desktop_notification.terminal_notifier': Not used on non-Darwin systems
[15.600s] INFO:colcon.colcon_core.plugin_system:Skipping extension 'colcon_notification.desktop_notification.win32': Not used on non-Windows systems
[15.600s] INFO:colcon.colcon_notification.desktop_notification:Sending desktop notification using 'notify2'
[15.603s] DEBUG:colcon.colcon_notification.desktop_notification.notify2:Failed to initialize notify2: org.freedesktop.DBus.Error.ServiceUnknown: The name org.freedesktop.Notifications was not provided by any .service files
[15.603s] DEBUG:colcon.colcon_core.event_reactor:joined thread
[15.604s] INFO:colcon.colcon_core.shell:Creating prefix script '/home/solar/myRos2/install/local_setup.ps1'
[15.605s] INFO:colcon.colcon_core.shell:Creating prefix util module '/home/solar/myRos2/install/_local_setup_util_ps1.py'
[15.607s] INFO:colcon.colcon_core.shell:Creating prefix chain script '/home/solar/myRos2/install/setup.ps1'
[15.608s] INFO:colcon.colcon_core.shell:Creating prefix script '/home/solar/myRos2/install/local_setup.sh'
[15.609s] INFO:colcon.colcon_core.shell:Creating prefix util module '/home/solar/myRos2/install/_local_setup_util_sh.py'
[15.610s] INFO:colcon.colcon_core.shell:Creating prefix chain script '/home/solar/myRos2/install/setup.sh'
[15.612s] INFO:colcon.colcon_core.shell:Creating prefix script '/home/solar/myRos2/install/local_setup.bash'
[15.613s] INFO:colcon.colcon_core.shell:Creating prefix chain script '/home/solar/myRos2/install/setup.bash'
[15.615s] INFO:colcon.colcon_core.shell:Creating prefix script '/home/solar/myRos2/install/local_setup.zsh'
[15.616s] INFO:colcon.colcon_core.shell:Creating prefix chain script '/home/solar/myRos2/install/setup.zsh'
