[0.162s] DEBUG:colcon:Command line arguments: ['/usr/bin/colcon', 'build']
[0.162s] DEBUG:colcon:Parsed command line arguments: Namespace(log_base=None, log_level=None, verb_name='build', build_base='build', install_base='install', merge_install=False, symlink_install=False, test_result_base=None, continue_on_error=False, executor='parallel', parallel_workers=2, event_handlers=None, ignore_user_meta=False, metas=['./colcon.meta'], base_paths=['.'], packages_ignore=None, packages_ignore_regex=None, paths=None, packages_up_to=None, packages_up_to_regex=None, packages_above=None, packages_above_and_dependencies=None, packages_above_depth=None, packages_select_by_dep=None, packages_skip_by_dep=None, packages_skip_up_to=None, packages_select_build_failed=False, packages_skip_build_finished=False, packages_select_test_failures=False, packages_skip_test_passed=False, packages_select=None, packages_skip=None, packages_select_regex=None, packages_skip_regex=None, packages_start=None, packages_end=None, allow_overriding=[], cmake_args=None, cmake_target=None, cmake_target_skip_unavailable=False, cmake_clean_cache=False, cmake_clean_first=False, cmake_force_configure=False, ament_cmake_args=None, catkin_cmake_args=None, catkin_skip_building_tests=False, verb_parser=<colcon_defaults.argument_parser.defaults.DefaultArgumentsDecorator object at 0x79d50801b130>, verb_extension=<colcon_core.verb.build.BuildVerb object at 0x79d5081cc790>, main=<bound method BuildVerb.main of <colcon_core.verb.build.BuildVerb object at 0x79d5081cc790>>)
[0.402s] Level 1:colcon.colcon_core.package_discovery:discover_packages(colcon_meta) check parameters
[0.402s] Level 1:colcon.colcon_core.package_discovery:discover_packages(recursive) check parameters
[0.402s] Level 1:colcon.colcon_core.package_discovery:discover_packages(ignore) check parameters
[0.402s] Level 1:colcon.colcon_core.package_discovery:discover_packages(path) check parameters
[0.402s] Level 1:colcon.colcon_core.package_discovery:discover_packages(colcon_meta) discover
[0.402s] Level 1:colcon.colcon_core.package_discovery:discover_packages(recursive) discover
[0.402s] INFO:colcon.colcon_core.package_discovery:Crawling recursively for packages in '/home/solar/myRos2'
[0.402s] Level 1:colcon.colcon_core.package_identification:_identify(.) by extensions ['ignore', 'ignore_ament_install']
[0.403s] Level 1:colcon.colcon_core.package_identification:_identify(.) by extension 'ignore'
[0.403s] Level 1:colcon.colcon_core.package_identification:_identify(.) by extension 'ignore_ament_install'
[0.403s] Level 1:colcon.colcon_core.package_identification:_identify(.) by extensions ['colcon_pkg']
[0.403s] Level 1:colcon.colcon_core.package_identification:_identify(.) by extension 'colcon_pkg'
[0.403s] Level 1:colcon.colcon_core.package_identification:_identify(.) by extensions ['colcon_meta']
[0.403s] Level 1:colcon.colcon_core.package_identification:_identify(.) by extension 'colcon_meta'
[0.403s] Level 1:colcon.colcon_core.package_identification:_identify(.) by extensions ['ros']
[0.403s] Level 1:colcon.colcon_core.package_identification:_identify(.) by extension 'ros'
[0.422s] Level 1:colcon.colcon_core.package_identification:_identify(.) by extensions ['cmake', 'python']
[0.422s] Level 1:colcon.colcon_core.package_identification:_identify(.) by extension 'cmake'
[0.422s] Level 1:colcon.colcon_core.package_identification:_identify(.) by extension 'python'
[0.422s] Level 1:colcon.colcon_core.package_identification:_identify(.) by extensions ['python_setup_py']
[0.422s] Level 1:colcon.colcon_core.package_identification:_identify(.) by extension 'python_setup_py'
[0.422s] Level 1:colcon.colcon_core.package_identification:_identify(build) by extensions ['ignore', 'ignore_ament_install']
[0.422s] Level 1:colcon.colcon_core.package_identification:_identify(build) by extension 'ignore'
[0.422s] Level 1:colcon.colcon_core.package_identification:_identify(build) ignored
[0.423s] Level 1:colcon.colcon_core.package_identification:_identify(install) by extensions ['ignore', 'ignore_ament_install']
[0.423s] Level 1:colcon.colcon_core.package_identification:_identify(install) by extension 'ignore'
[0.423s] Level 1:colcon.colcon_core.package_identification:_identify(install) ignored
[0.423s] Level 1:colcon.colcon_core.package_identification:_identify(log) by extensions ['ignore', 'ignore_ament_install']
[0.423s] Level 1:colcon.colcon_core.package_identification:_identify(log) by extension 'ignore'
[0.423s] Level 1:colcon.colcon_core.package_identification:_identify(log) ignored
[0.423s] Level 1:colcon.colcon_core.package_identification:_identify(src) by extensions ['ignore', 'ignore_ament_install']
[0.423s] Level 1:colcon.colcon_core.package_identification:_identify(src) by extension 'ignore'
[0.423s] Level 1:colcon.colcon_core.package_identification:_identify(src) by extension 'ignore_ament_install'
[0.423s] Level 1:colcon.colcon_core.package_identification:_identify(src) by extensions ['colcon_pkg']
[0.424s] Level 1:colcon.colcon_core.package_identification:_identify(src) by extension 'colcon_pkg'
[0.424s] Level 1:colcon.colcon_core.package_identification:_identify(src) by extensions ['colcon_meta']
[0.424s] Level 1:colcon.colcon_core.package_identification:_identify(src) by extension 'colcon_meta'
[0.424s] Level 1:colcon.colcon_core.package_identification:_identify(src) by extensions ['ros']
[0.424s] Level 1:colcon.colcon_core.package_identification:_identify(src) by extension 'ros'
[0.424s] Level 1:colcon.colcon_core.package_identification:_identify(src) by extensions ['cmake', 'python']
[0.424s] Level 1:colcon.colcon_core.package_identification:_identify(src) by extension 'cmake'
[0.424s] Level 1:colcon.colcon_core.package_identification:_identify(src) by extension 'python'
[0.424s] Level 1:colcon.colcon_core.package_identification:_identify(src) by extensions ['python_setup_py']
[0.424s] Level 1:colcon.colcon_core.package_identification:_identify(src) by extension 'python_setup_py'
[0.424s] Level 1:colcon.colcon_core.package_identification:_identify(src/te_demo) by extensions ['ignore', 'ignore_ament_install']
[0.424s] Level 1:colcon.colcon_core.package_identification:_identify(src/te_demo) by extension 'ignore'
[0.425s] Level 1:colcon.colcon_core.package_identification:_identify(src/te_demo) by extension 'ignore_ament_install'
[0.425s] Level 1:colcon.colcon_core.package_identification:_identify(src/te_demo) by extensions ['colcon_pkg']
[0.425s] Level 1:colcon.colcon_core.package_identification:_identify(src/te_demo) by extension 'colcon_pkg'
[0.425s] Level 1:colcon.colcon_core.package_identification:_identify(src/te_demo) by extensions ['colcon_meta']
[0.425s] Level 1:colcon.colcon_core.package_identification:_identify(src/te_demo) by extension 'colcon_meta'
[0.425s] Level 1:colcon.colcon_core.package_identification:_identify(src/te_demo) by extensions ['ros']
[0.425s] Level 1:colcon.colcon_core.package_identification:_identify(src/te_demo) by extension 'ros'
[0.428s] DEBUG:colcon.colcon_core.package_identification:Package 'src/te_demo' with type 'ros.ament_cmake' and name 'te_demo'
[0.428s] Level 1:colcon.colcon_core.package_discovery:discover_packages(recursive) using defaults
[0.429s] Level 1:colcon.colcon_core.package_discovery:discover_packages(ignore) discover
[0.429s] Level 1:colcon.colcon_core.package_discovery:discover_packages(ignore) using defaults
[0.429s] Level 1:colcon.colcon_core.package_discovery:discover_packages(path) discover
[0.429s] Level 1:colcon.colcon_core.package_discovery:discover_packages(path) using defaults
[0.462s] Level 1:colcon.colcon_core.package_discovery:discover_packages(prefix_path) check parameters
[0.462s] Level 1:colcon.colcon_core.package_discovery:discover_packages(prefix_path) discover
[0.466s] DEBUG:colcon.colcon_installed_package_information.package_discovery:Found 1 installed packages in /home/solar/myRos2/install
[0.468s] DEBUG:colcon.colcon_installed_package_information.package_discovery:Found 271 installed packages in /opt/ros/humble
[0.472s] Level 1:colcon.colcon_core.package_discovery:discover_packages(prefix_path) using defaults
[0.543s] Level 5:colcon.colcon_core.verb:set package 'te_demo' build argument 'cmake_args' from command line to 'None'
[0.543s] Level 5:colcon.colcon_core.verb:set package 'te_demo' build argument 'cmake_target' from command line to 'None'
[0.543s] Level 5:colcon.colcon_core.verb:set package 'te_demo' build argument 'cmake_target_skip_unavailable' from command line to 'False'
[0.543s] Level 5:colcon.colcon_core.verb:set package 'te_demo' build argument 'cmake_clean_cache' from command line to 'False'
[0.543s] Level 5:colcon.colcon_core.verb:set package 'te_demo' build argument 'cmake_clean_first' from command line to 'False'
[0.543s] Level 5:colcon.colcon_core.verb:set package 'te_demo' build argument 'cmake_force_configure' from command line to 'False'
[0.543s] Level 5:colcon.colcon_core.verb:set package 'te_demo' build argument 'ament_cmake_args' from command line to 'None'
[0.544s] Level 5:colcon.colcon_core.verb:set package 'te_demo' build argument 'catkin_cmake_args' from command line to 'None'
[0.544s] Level 5:colcon.colcon_core.verb:set package 'te_demo' build argument 'catkin_skip_building_tests' from command line to 'False'
[0.544s] DEBUG:colcon.colcon_core.verb:Building package 'te_demo' with the following arguments: {'ament_cmake_args': None, 'build_base': '/home/solar/myRos2/build/te_demo', 'catkin_cmake_args': None, 'catkin_skip_building_tests': False, 'cmake_args': None, 'cmake_clean_cache': False, 'cmake_clean_first': False, 'cmake_force_configure': False, 'cmake_target': None, 'cmake_target_skip_unavailable': False, 'install_base': '/home/solar/myRos2/install/te_demo', 'merge_install': False, 'path': '/home/solar/myRos2/src/te_demo', 'symlink_install': False, 'test_result_base': None}
[0.544s] INFO:colcon.colcon_core.executor:Executing jobs using 'parallel' executor
[0.546s] DEBUG:colcon.colcon_parallel_executor.executor.parallel:run_until_complete
[0.547s] INFO:colcon.colcon_ros.task.ament_cmake.build:Building ROS package in '/home/solar/myRos2/src/te_demo' with build type 'ament_cmake'
[0.547s] INFO:colcon.colcon_cmake.task.cmake.build:Building CMake package in '/home/solar/myRos2/src/te_demo'
[0.551s] INFO:colcon.colcon_core.plugin_system:Skipping extension 'colcon_core.shell.bat': Not used on non-Windows systems
[0.551s] INFO:colcon.colcon_core.shell:Skip shell extension 'powershell' for command environment: Not usable outside of PowerShell
[0.551s] DEBUG:colcon.colcon_core.shell:Skip shell extension 'dsv' for command environment
[0.579s] DEBUG:colcon.colcon_core.event_handler.log_command:Invoking command in '/home/solar/myRos2/build/te_demo': CMAKE_PREFIX_PATH=${CMAKE_PREFIX_PATH}:/opt/ros/humble /usr/bin/cmake --build /home/solar/myRos2/build/te_demo -- -j2 -l2
[2.973s] DEBUG:colcon.colcon_core.event_handler.log_command:Invoked command in '/home/solar/myRos2/build/te_demo' returned '0': CMAKE_PREFIX_PATH=${CMAKE_PREFIX_PATH}:/opt/ros/humble /usr/bin/cmake --build /home/solar/myRos2/build/te_demo -- -j2 -l2
[2.993s] DEBUG:colcon.colcon_core.event_handler.log_command:Invoking command in '/home/solar/myRos2/build/te_demo': CMAKE_PREFIX_PATH=${CMAKE_PREFIX_PATH}:/opt/ros/humble /usr/bin/cmake --install /home/solar/myRos2/build/te_demo
[3.100s] Level 1:colcon.colcon_core.environment:create_environment_scripts_only(te_demo)
[3.102s] DEBUG:colcon.colcon_core.event_handler.log_command:Invoked command in '/home/solar/myRos2/build/te_demo' returned '0': CMAKE_PREFIX_PATH=${CMAKE_PREFIX_PATH}:/opt/ros/humble /usr/bin/cmake --install /home/solar/myRos2/build/te_demo
[3.104s] Level 1:colcon.colcon_core.environment:checking '/home/solar/myRos2/install/te_demo' for CMake module files
[3.106s] Level 1:colcon.colcon_core.environment:checking '/home/solar/myRos2/install/te_demo' for CMake config files
[3.107s] Level 1:colcon.colcon_core.shell:create_environment_hook('te_demo', 'cmake_prefix_path')
[3.107s] INFO:colcon.colcon_core.shell:Creating environment hook '/home/solar/myRos2/install/te_demo/share/te_demo/hook/cmake_prefix_path.ps1'
[3.108s] INFO:colcon.colcon_core.shell:Creating environment descriptor '/home/solar/myRos2/install/te_demo/share/te_demo/hook/cmake_prefix_path.dsv'
[3.111s] INFO:colcon.colcon_core.shell:Creating environment hook '/home/solar/myRos2/install/te_demo/share/te_demo/hook/cmake_prefix_path.sh'
[3.113s] Level 1:colcon.colcon_core.environment:checking '/home/solar/myRos2/install/te_demo/lib'
[3.113s] Level 1:colcon.colcon_core.shell:create_environment_hook('te_demo', 'ld_library_path_lib')
[3.114s] INFO:colcon.colcon_core.shell:Creating environment hook '/home/solar/myRos2/install/te_demo/share/te_demo/hook/ld_library_path_lib.ps1'
[3.115s] INFO:colcon.colcon_core.shell:Creating environment descriptor '/home/solar/myRos2/install/te_demo/share/te_demo/hook/ld_library_path_lib.dsv'
[3.116s] INFO:colcon.colcon_core.shell:Creating environment hook '/home/solar/myRos2/install/te_demo/share/te_demo/hook/ld_library_path_lib.sh'
[3.117s] Level 1:colcon.colcon_core.environment:checking '/home/solar/myRos2/install/te_demo/bin'
[3.117s] Level 1:colcon.colcon_core.environment:checking '/home/solar/myRos2/install/te_demo/lib/pkgconfig/te_demo.pc'
[3.118s] Level 1:colcon.colcon_core.environment:checking '/home/solar/myRos2/install/te_demo/lib/python3.10/site-packages'
[3.118s] Level 1:colcon.colcon_core.environment:checking '/home/solar/myRos2/install/te_demo/bin'
[3.119s] INFO:colcon.colcon_core.shell:Creating package script '/home/solar/myRos2/install/te_demo/share/te_demo/package.ps1'
[3.121s] INFO:colcon.colcon_core.shell:Creating package descriptor '/home/solar/myRos2/install/te_demo/share/te_demo/package.dsv'
[3.123s] INFO:colcon.colcon_core.shell:Creating package script '/home/solar/myRos2/install/te_demo/share/te_demo/package.sh'
[3.125s] INFO:colcon.colcon_core.shell:Creating package script '/home/solar/myRos2/install/te_demo/share/te_demo/package.bash'
[3.126s] INFO:colcon.colcon_core.shell:Creating package script '/home/solar/myRos2/install/te_demo/share/te_demo/package.zsh'
[3.128s] Level 1:colcon.colcon_core.environment:create_file_with_runtime_dependencies(/home/solar/myRos2/install/te_demo/share/colcon-core/packages/te_demo)
[3.130s] Level 1:colcon.colcon_core.environment:create_environment_scripts_only(te_demo)
[3.130s] Level 1:colcon.colcon_core.environment:checking '/home/solar/myRos2/install/te_demo' for CMake module files
[3.131s] Level 1:colcon.colcon_core.environment:checking '/home/solar/myRos2/install/te_demo' for CMake config files
[3.132s] Level 1:colcon.colcon_core.shell:create_environment_hook('te_demo', 'cmake_prefix_path')
[3.133s] INFO:colcon.colcon_core.shell:Creating environment hook '/home/solar/myRos2/install/te_demo/share/te_demo/hook/cmake_prefix_path.ps1'
[3.134s] INFO:colcon.colcon_core.shell:Creating environment descriptor '/home/solar/myRos2/install/te_demo/share/te_demo/hook/cmake_prefix_path.dsv'
[3.134s] INFO:colcon.colcon_core.shell:Creating environment hook '/home/solar/myRos2/install/te_demo/share/te_demo/hook/cmake_prefix_path.sh'
[3.137s] Level 1:colcon.colcon_core.environment:checking '/home/solar/myRos2/install/te_demo/lib'
[3.137s] Level 1:colcon.colcon_core.shell:create_environment_hook('te_demo', 'ld_library_path_lib')
[3.137s] INFO:colcon.colcon_core.shell:Creating environment hook '/home/solar/myRos2/install/te_demo/share/te_demo/hook/ld_library_path_lib.ps1'
[3.139s] INFO:colcon.colcon_core.shell:Creating environment descriptor '/home/solar/myRos2/install/te_demo/share/te_demo/hook/ld_library_path_lib.dsv'
[3.140s] INFO:colcon.colcon_core.shell:Creating environment hook '/home/solar/myRos2/install/te_demo/share/te_demo/hook/ld_library_path_lib.sh'
[3.141s] Level 1:colcon.colcon_core.environment:checking '/home/solar/myRos2/install/te_demo/bin'
[3.141s] Level 1:colcon.colcon_core.environment:checking '/home/solar/myRos2/install/te_demo/lib/pkgconfig/te_demo.pc'
[3.141s] Level 1:colcon.colcon_core.environment:checking '/home/solar/myRos2/install/te_demo/lib/python3.10/site-packages'
[3.142s] Level 1:colcon.colcon_core.environment:checking '/home/solar/myRos2/install/te_demo/bin'
[3.142s] INFO:colcon.colcon_core.shell:Creating package script '/home/solar/myRos2/install/te_demo/share/te_demo/package.ps1'
[3.144s] INFO:colcon.colcon_core.shell:Creating package descriptor '/home/solar/myRos2/install/te_demo/share/te_demo/package.dsv'
[3.145s] INFO:colcon.colcon_core.shell:Creating package script '/home/solar/myRos2/install/te_demo/share/te_demo/package.sh'
[3.146s] INFO:colcon.colcon_core.shell:Creating package script '/home/solar/myRos2/install/te_demo/share/te_demo/package.bash'
[3.147s] INFO:colcon.colcon_core.shell:Creating package script '/home/solar/myRos2/install/te_demo/share/te_demo/package.zsh'
[3.149s] Level 1:colcon.colcon_core.environment:create_file_with_runtime_dependencies(/home/solar/myRos2/install/te_demo/share/colcon-core/packages/te_demo)
[3.151s] DEBUG:colcon.colcon_parallel_executor.executor.parallel:closing loop
[3.151s] DEBUG:colcon.colcon_parallel_executor.executor.parallel:loop closed
[3.151s] DEBUG:colcon.colcon_parallel_executor.executor.parallel:run_until_complete finished with '0'
[3.152s] DEBUG:colcon.colcon_core.event_reactor:joining thread
[3.161s] INFO:colcon.colcon_core.plugin_system:Skipping extension 'colcon_notification.desktop_notification.terminal_notifier': Not used on non-Darwin systems
[3.162s] INFO:colcon.colcon_core.plugin_system:Skipping extension 'colcon_notification.desktop_notification.win32': Not used on non-Windows systems
[3.162s] INFO:colcon.colcon_notification.desktop_notification:Sending desktop notification using 'notify2'
[3.211s] DEBUG:colcon.colcon_core.event_reactor:joined thread
[3.211s] INFO:colcon.colcon_core.shell:Creating prefix script '/home/solar/myRos2/install/local_setup.ps1'
[3.214s] INFO:colcon.colcon_core.shell:Creating prefix util module '/home/solar/myRos2/install/_local_setup_util_ps1.py'
[3.217s] INFO:colcon.colcon_core.shell:Creating prefix chain script '/home/solar/myRos2/install/setup.ps1'
[3.220s] INFO:colcon.colcon_core.shell:Creating prefix script '/home/solar/myRos2/install/local_setup.sh'
[3.222s] INFO:colcon.colcon_core.shell:Creating prefix util module '/home/solar/myRos2/install/_local_setup_util_sh.py'
[3.223s] INFO:colcon.colcon_core.shell:Creating prefix chain script '/home/solar/myRos2/install/setup.sh'
[3.226s] INFO:colcon.colcon_core.shell:Creating prefix script '/home/solar/myRos2/install/local_setup.bash'
[3.228s] INFO:colcon.colcon_core.shell:Creating prefix chain script '/home/solar/myRos2/install/setup.bash'
[3.230s] INFO:colcon.colcon_core.shell:Creating prefix script '/home/solar/myRos2/install/local_setup.zsh'
[3.231s] INFO:colcon.colcon_core.shell:Creating prefix chain script '/home/solar/myRos2/install/setup.zsh'
