[0.020s] Invoking command in '/home/solar/myRos2/build/te_demo': CMAKE_PREFIX_PATH=/opt/ros/humble /usr/bin/cmake /home/solar/myRos2/src/te_demo -DCMAKE_INSTALL_PREFIX=/home/solar/myRos2/install/te_demo
[0.128s] -- The C compiler identification is GNU 11.4.0
[0.234s] -- The CXX compiler identification is GNU 11.4.0
[0.251s] -- Detecting C compiler ABI info
[0.391s] -- Detecting C compiler ABI info - done
[0.403s] -- Check for working C compiler: /usr/bin/cc - skipped
[0.404s] -- Detecting C compile features
[0.406s] -- Detecting C compile features - done
[0.409s] -- Detecting CXX compiler ABI info
[0.564s] -- Detecting CXX compiler ABI info - done
[0.576s] -- Check for working CXX compiler: /usr/bin/c++ - skipped
[0.577s] -- Detecting CXX compile features
[0.578s] -- Detecting CXX compile features - done
[0.582s] -- Found ament_cmake: 1.3.12 (/opt/ros/humble/share/ament_cmake/cmake)
[0.842s] -- Found Python3: /usr/bin/python3 (found version "3.10.12") found components: Interpreter 
[0.997s] -- Found rosidl_default_generators: 1.2.0 (/opt/ros/humble/share/rosidl_default_generators/cmake)
[1.002s] -- Using all available rosidl_typesupport_c: rosidl_typesupport_fastrtps_c;rosidl_typesupport_introspection_c
[1.012s] -- Found rosidl_adapter: 3.1.7 (/opt/ros/humble/share/rosidl_adapter/cmake)
[1.076s] -- Using all available rosidl_typesupport_cpp: rosidl_typesupport_fastrtps_cpp;rosidl_typesupport_introspection_cpp
[1.129s] -- Found std_msgs: 4.9.0 (/opt/ros/humble/share/std_msgs/cmake)
[1.169s] -- Found geometry_msgs: 4.9.0 (/opt/ros/humble/share/geometry_msgs/cmake)
[1.735s] -- Found ament_cmake_ros: 0.10.0 (/opt/ros/humble/share/ament_cmake_ros/cmake)
[2.156s] -- Using all available rosidl_typesupport_c: rosidl_typesupport_fastrtps_c;rosidl_typesupport_introspection_c
[2.731s] -- Using all available rosidl_typesupport_cpp: rosidl_typesupport_fastrtps_cpp;rosidl_typesupport_introspection_cpp
[2.768s] -- Found PythonInterp: /usr/bin/python3 (found suitable version "3.10.12", minimum required is "3.6") 
[2.769s] -- Found python_cmake_module: 0.10.0 (/opt/ros/humble/share/python_cmake_module/cmake)
[2.808s] -- Found PythonLibs: /usr/lib/x86_64-linux-gnu/libpython3.10.so (found suitable version "3.10.12", minimum required is "3.5") 
[2.808s] -- Using PYTHON_EXECUTABLE: /usr/bin/python3
[2.808s] -- Using PYTHON_INCLUDE_DIRS: /usr/include/python3.10
[2.808s] -- Using PYTHON_LIBRARIES: /usr/lib/x86_64-linux-gnu/libpython3.10.so
[2.845s] -- Found PythonExtra: .so  
[2.952s] -- Found ament_lint_auto: 0.12.14 (/opt/ros/humble/share/ament_lint_auto/cmake)
[2.981s] -- Added test 'flake8' to check Python code syntax and style conventions
[2.982s] -- Added test 'lint_cmake' to check CMake code style
[2.982s] -- Added test 'pep257' to check Python code against some of the docstring style conventions in PEP 257
[2.985s] -- Added test 'xmllint' to check XML markup files
[2.990s] -- Configuring done
[3.072s] -- Generating done
[3.097s] -- Build files have been written to: /home/solar/myRos2/build/te_demo
[3.116s] Invoked command in '/home/solar/myRos2/build/te_demo' returned '0': CMAKE_PREFIX_PATH=/opt/ros/humble /usr/bin/cmake /home/solar/myRos2/src/te_demo -DCMAKE_INSTALL_PREFIX=/home/solar/myRos2/install/te_demo
[3.116s] Invoking command in '/home/solar/myRos2/build/te_demo': CMAKE_PREFIX_PATH=/opt/ros/humble /usr/bin/cmake --build /home/solar/myRos2/build/te_demo -- -j2 -l2
[3.202s] [  2%] [34m[1mGenerating C code for ROS interfaces[0m
[3.225s] [  4%] [34m[1mGenerating C++ code for ROS interfaces[0m
[4.276s] [  4%] Built target te_demo__cpp
[4.290s] [  6%] [32mBuilding C object CMakeFiles/te_demo__rosidl_generator_c.dir/rosidl_generator_c/te_demo/srv/detail/add__functions.c.o[0m
[4.297s] [  8%] [32mBuilding C object CMakeFiles/te_demo__rosidl_generator_c.dir/rosidl_generator_c/te_demo/srv/detail/sum__functions.c.o[0m
[4.398s] [ 10%] [32mBuilding C object CMakeFiles/te_demo__rosidl_generator_c.dir/rosidl_generator_c/te_demo/action/detail/move__functions.c.o[0m
[4.435s] [ 10%] Built target ament_cmake_python_copy_te_demo
[4.458s] [ 12%] [34m[1mGenerating C++ type support dispatch for ROS interfaces[0m
[4.614s] [ 14%] [32m[1mLinking C shared library libte_demo__rosidl_generator_c.so[0m
[4.697s] [ 14%] Built target te_demo__rosidl_generator_c
[4.724s] [ 17%] [34m[1mGenerating C++ type support for eProsima Fast-RTPS[0m
[5.026s] [ 19%] [32mBuilding CXX object CMakeFiles/te_demo__rosidl_typesupport_cpp.dir/rosidl_typesupport_cpp/te_demo/srv/add__type_support.cpp.o[0m
[5.470s] [ 21%] [32mBuilding CXX object CMakeFiles/te_demo__rosidl_typesupport_cpp.dir/rosidl_typesupport_cpp/te_demo/srv/sum__type_support.cpp.o[0m
[5.600s] [ 23%] [32mBuilding CXX object CMakeFiles/te_demo__rosidl_typesupport_fastrtps_cpp.dir/rosidl_typesupport_fastrtps_cpp/te_demo/srv/detail/dds_fastrtps/add__type_support.cpp.o[0m
[5.902s] [ 25%] [32mBuilding CXX object CMakeFiles/te_demo__rosidl_typesupport_cpp.dir/rosidl_typesupport_cpp/te_demo/action/move__type_support.cpp.o[0m
[6.357s] [ 27%] [32mBuilding CXX object CMakeFiles/te_demo__rosidl_typesupport_fastrtps_cpp.dir/rosidl_typesupport_fastrtps_cpp/te_demo/srv/detail/dds_fastrtps/sum__type_support.cpp.o[0m
[6.719s] [ 29%] [32m[1mLinking CXX shared library libte_demo__rosidl_typesupport_cpp.so[0m
[6.805s] [ 29%] Built target te_demo__rosidl_typesupport_cpp
[6.828s] [ 31%] [34m[1mGenerating C++ introspection for ROS interfaces[0m
[7.024s] [ 34%] [32mBuilding CXX object CMakeFiles/te_demo__rosidl_typesupport_fastrtps_cpp.dir/rosidl_typesupport_fastrtps_cpp/te_demo/action/detail/dds_fastrtps/move__type_support.cpp.o[0m
[7.544s] [ 36%] [32mBuilding CXX object CMakeFiles/te_demo__rosidl_typesupport_introspection_cpp.dir/rosidl_typesupport_introspection_cpp/te_demo/srv/detail/add__type_support.cpp.o[0m
[8.056s] [ 38%] [32m[1mLinking CXX shared library libte_demo__rosidl_typesupport_fastrtps_cpp.so[0m
[8.173s] [ 40%] [32mBuilding CXX object CMakeFiles/te_demo__rosidl_typesupport_introspection_cpp.dir/rosidl_typesupport_introspection_cpp/te_demo/srv/detail/sum__type_support.cpp.o[0m
[8.223s] [ 40%] Built target te_demo__rosidl_typesupport_fastrtps_cpp
[8.598s] running egg_info
[8.601s] creating te_demo.egg-info
[8.601s] writing te_demo.egg-info/PKG-INFO
[8.601s] writing dependency_links to te_demo.egg-info/dependency_links.txt
[8.603s] writing top-level names to te_demo.egg-info/top_level.txt
[8.604s] writing manifest file 'te_demo.egg-info/SOURCES.txt'
[8.606s] reading manifest file 'te_demo.egg-info/SOURCES.txt'
[8.607s] writing manifest file 'te_demo.egg-info/SOURCES.txt'
[8.658s] [ 40%] Built target ament_cmake_python_build_te_demo_egg
[8.681s] [ 42%] [34m[1mGenerating C type support for eProsima Fast-RTPS[0m
[8.775s] [ 44%] [32mBuilding CXX object CMakeFiles/te_demo__rosidl_typesupport_introspection_cpp.dir/rosidl_typesupport_introspection_cpp/te_demo/action/detail/move__type_support.cpp.o[0m
[9.499s] [ 46%] [32mBuilding CXX object CMakeFiles/te_demo__rosidl_typesupport_fastrtps_c.dir/rosidl_typesupport_fastrtps_c/te_demo/srv/detail/add__type_support_c.cpp.o[0m
[10.008s] [ 48%] [32m[1mLinking CXX shared library libte_demo__rosidl_typesupport_introspection_cpp.so[0m
[10.054s] [ 51%] [32mBuilding CXX object CMakeFiles/te_demo__rosidl_typesupport_fastrtps_c.dir/rosidl_typesupport_fastrtps_c/te_demo/srv/detail/sum__type_support_c.cpp.o[0m
[10.165s] [ 51%] Built target te_demo__rosidl_typesupport_introspection_cpp
[10.188s] [ 53%] [32mBuilding CXX object CMakeFiles/te_demo__rosidl_typesupport_fastrtps_c.dir/rosidl_typesupport_fastrtps_c/te_demo/action/detail/move__type_support_c.cpp.o[0m
[10.608s] [ 55%] [34m[1mGenerating C introspection for ROS interfaces[0m
[10.788s] [ 57%] [32m[1mLinking CXX shared library libte_demo__rosidl_typesupport_fastrtps_c.so[0m
[10.953s] [ 57%] Built target te_demo__rosidl_typesupport_fastrtps_c
[10.975s] [ 59%] [34m[1mGenerating C type support dispatch for ROS interfaces[0m
[11.406s] [ 61%] [32mBuilding C object CMakeFiles/te_demo__rosidl_typesupport_introspection_c.dir/rosidl_typesupport_introspection_c/te_demo/srv/detail/add__type_support.c.o[0m
[11.476s] [ 63%] [32mBuilding C object CMakeFiles/te_demo__rosidl_typesupport_introspection_c.dir/rosidl_typesupport_introspection_c/te_demo/srv/detail/sum__type_support.c.o[0m
[11.524s] [ 65%] [32mBuilding CXX object CMakeFiles/te_demo__rosidl_typesupport_c.dir/rosidl_typesupport_c/te_demo/srv/add__type_support.cpp.o[0m
[11.552s] [ 68%] [32mBuilding C object CMakeFiles/te_demo__rosidl_typesupport_introspection_c.dir/rosidl_typesupport_introspection_c/te_demo/action/detail/move__type_support.c.o[0m
[11.588s] [ 70%] [32mBuilding CXX object CMakeFiles/te_demo__rosidl_typesupport_c.dir/rosidl_typesupport_c/te_demo/srv/sum__type_support.cpp.o[0m
[11.642s] [ 72%] [32m[1mLinking C shared library libte_demo__rosidl_typesupport_introspection_c.so[0m
[11.653s] [ 74%] [32mBuilding CXX object CMakeFiles/te_demo__rosidl_typesupport_c.dir/rosidl_typesupport_c/te_demo/action/move__type_support.cpp.o[0m
[11.714s] [ 74%] Built target te_demo__rosidl_typesupport_introspection_c
[11.750s] [ 76%] [32m[1mLinking CXX shared library libte_demo__rosidl_typesupport_c.so[0m
[11.836s] [ 76%] Built target te_demo__rosidl_typesupport_c
[11.884s] [ 76%] Built target te_demo
[11.930s] [ 78%] [34m[1mGenerating Python code for ROS interfaces[0m
[13.466s] [ 78%] Built target te_demo__py
[13.515s] [ 82%] [32mBuilding C object CMakeFiles/te_demo__rosidl_generator_py.dir/rosidl_generator_py/te_demo/srv/_sum_s.c.o[0m
[13.515s] [ 82%] [32mBuilding C object CMakeFiles/te_demo__rosidl_generator_py.dir/rosidl_generator_py/te_demo/srv/_add_s.c.o[0m
[13.698s] [ 85%] [32mBuilding C object CMakeFiles/te_demo__rosidl_generator_py.dir/rosidl_generator_py/te_demo/action/_move_s.c.o[0m
[13.938s] [ 87%] [32m[1mLinking C shared library rosidl_generator_py/te_demo/libte_demo__rosidl_generator_py.so[0m
[14.028s] [ 87%] Built target te_demo__rosidl_generator_py
[14.074s] [ 89%] [32mBuilding C object CMakeFiles/te_demo__rosidl_typesupport_introspection_c__pyext.dir/rosidl_generator_py/te_demo/_te_demo_s.ep.rosidl_typesupport_introspection_c.c.o[0m
[14.076s] [ 91%] [32mBuilding C object CMakeFiles/te_demo__rosidl_typesupport_fastrtps_c__pyext.dir/rosidl_generator_py/te_demo/_te_demo_s.ep.rosidl_typesupport_fastrtps_c.c.o[0m
[14.309s] [ 93%] [32m[1mLinking C shared library rosidl_generator_py/te_demo/te_demo_s__rosidl_typesupport_introspection_c.cpython-310-x86_64-linux-gnu.so[0m
[14.322s] [ 95%] [32m[1mLinking C shared library rosidl_generator_py/te_demo/te_demo_s__rosidl_typesupport_fastrtps_c.cpython-310-x86_64-linux-gnu.so[0m
[14.401s] [ 95%] Built target te_demo__rosidl_typesupport_introspection_c__pyext
[14.422s] [ 95%] Built target te_demo__rosidl_typesupport_fastrtps_c__pyext
[14.446s] [ 97%] [32mBuilding C object CMakeFiles/te_demo__rosidl_typesupport_c__pyext.dir/rosidl_generator_py/te_demo/_te_demo_s.ep.rosidl_typesupport_c.c.o[0m
[14.688s] [100%] [32m[1mLinking C shared library rosidl_generator_py/te_demo/te_demo_s__rosidl_typesupport_c.cpython-310-x86_64-linux-gnu.so[0m
[14.781s] [100%] Built target te_demo__rosidl_typesupport_c__pyext
[14.809s] Invoked command in '/home/solar/myRos2/build/te_demo' returned '0': CMAKE_PREFIX_PATH=/opt/ros/humble /usr/bin/cmake --build /home/solar/myRos2/build/te_demo -- -j2 -l2
[14.828s] Invoking command in '/home/solar/myRos2/build/te_demo': CMAKE_PREFIX_PATH=/opt/ros/humble /usr/bin/cmake --install /home/solar/myRos2/build/te_demo
[14.844s] -- Install configuration: ""
[14.844s] -- Installing: /home/solar/myRos2/install/te_demo/share/ament_index/resource_index/rosidl_interfaces/te_demo
[14.844s] -- Installing: /home/solar/myRos2/install/te_demo/include/te_demo/te_demo
[14.844s] -- Installing: /home/solar/myRos2/install/te_demo/include/te_demo/te_demo/srv
[14.845s] -- Installing: /home/solar/myRos2/install/te_demo/include/te_demo/te_demo/srv/add.h
[14.845s] -- Installing: /home/solar/myRos2/install/te_demo/include/te_demo/te_demo/srv/detail
[14.846s] -- Installing: /home/solar/myRos2/install/te_demo/include/te_demo/te_demo/srv/detail/add__type_support.h
[14.846s] -- Installing: /home/solar/myRos2/install/te_demo/include/te_demo/te_demo/srv/detail/add__struct.h
[14.846s] -- Installing: /home/solar/myRos2/install/te_demo/include/te_demo/te_demo/srv/detail/sum__functions.c
[14.846s] -- Installing: /home/solar/myRos2/install/te_demo/include/te_demo/te_demo/srv/detail/sum__struct.h
[14.847s] -- Installing: /home/solar/myRos2/install/te_demo/include/te_demo/te_demo/srv/detail/sum__type_support.h
[14.847s] -- Installing: /home/solar/myRos2/install/te_demo/include/te_demo/te_demo/srv/detail/sum__functions.h
[14.847s] -- Installing: /home/solar/myRos2/install/te_demo/include/te_demo/te_demo/srv/detail/add__functions.h
[14.848s] -- Installing: /home/solar/myRos2/install/te_demo/include/te_demo/te_demo/srv/detail/add__functions.c
[14.848s] -- Installing: /home/solar/myRos2/install/te_demo/include/te_demo/te_demo/srv/sum.h
[14.849s] -- Installing: /home/solar/myRos2/install/te_demo/include/te_demo/te_demo/msg
[14.849s] -- Installing: /home/solar/myRos2/install/te_demo/include/te_demo/te_demo/msg/rosidl_generator_c__visibility_control.h
[14.849s] -- Installing: /home/solar/myRos2/install/te_demo/include/te_demo/te_demo/action
[14.849s] -- Installing: /home/solar/myRos2/install/te_demo/include/te_demo/te_demo/action/detail
[14.849s] -- Installing: /home/solar/myRos2/install/te_demo/include/te_demo/te_demo/action/detail/move__type_support.h
[14.849s] -- Installing: /home/solar/myRos2/install/te_demo/include/te_demo/te_demo/action/detail/move__functions.h
[14.850s] -- Installing: /home/solar/myRos2/install/te_demo/include/te_demo/te_demo/action/detail/move__struct.h
[14.850s] -- Installing: /home/solar/myRos2/install/te_demo/include/te_demo/te_demo/action/detail/move__functions.c
[14.850s] -- Installing: /home/solar/myRos2/install/te_demo/include/te_demo/te_demo/action/move.h
[14.851s] -- Installing: /home/solar/myRos2/install/te_demo/share/te_demo/environment/library_path.sh
[14.852s] -- Installing: /home/solar/myRos2/install/te_demo/share/te_demo/environment/library_path.dsv
[14.852s] -- Installing: /home/solar/myRos2/install/te_demo/lib/libte_demo__rosidl_generator_c.so
[14.853s] -- Set runtime path of "/home/solar/myRos2/install/te_demo/lib/libte_demo__rosidl_generator_c.so" to ""
[14.853s] -- Up-to-date: /home/solar/myRos2/install/te_demo/include/te_demo/te_demo
[14.853s] -- Up-to-date: /home/solar/myRos2/install/te_demo/include/te_demo/te_demo/srv
[14.853s] -- Up-to-date: /home/solar/myRos2/install/te_demo/include/te_demo/te_demo/srv/detail
[14.853s] -- Installing: /home/solar/myRos2/install/te_demo/include/te_demo/te_demo/srv/detail/sum__rosidl_typesupport_fastrtps_c.h
[14.854s] -- Installing: /home/solar/myRos2/install/te_demo/include/te_demo/te_demo/srv/detail/add__rosidl_typesupport_fastrtps_c.h
[14.854s] -- Up-to-date: /home/solar/myRos2/install/te_demo/include/te_demo/te_demo/msg
[14.854s] -- Installing: /home/solar/myRos2/install/te_demo/include/te_demo/te_demo/msg/rosidl_typesupport_fastrtps_c__visibility_control.h
[14.854s] -- Up-to-date: /home/solar/myRos2/install/te_demo/include/te_demo/te_demo/action
[14.854s] -- Up-to-date: /home/solar/myRos2/install/te_demo/include/te_demo/te_demo/action/detail
[14.854s] -- Installing: /home/solar/myRos2/install/te_demo/include/te_demo/te_demo/action/detail/move__rosidl_typesupport_fastrtps_c.h
[14.855s] -- Installing: /home/solar/myRos2/install/te_demo/lib/libte_demo__rosidl_typesupport_fastrtps_c.so
[14.856s] -- Set runtime path of "/home/solar/myRos2/install/te_demo/lib/libte_demo__rosidl_typesupport_fastrtps_c.so" to ""
[14.856s] -- Up-to-date: /home/solar/myRos2/install/te_demo/include/te_demo/te_demo
[14.856s] -- Up-to-date: /home/solar/myRos2/install/te_demo/include/te_demo/te_demo/srv
[14.856s] -- Up-to-date: /home/solar/myRos2/install/te_demo/include/te_demo/te_demo/srv/detail
[14.856s] -- Installing: /home/solar/myRos2/install/te_demo/include/te_demo/te_demo/srv/detail/add__type_support.c
[14.856s] -- Installing: /home/solar/myRos2/install/te_demo/include/te_demo/te_demo/srv/detail/sum__type_support.c
[14.857s] -- Installing: /home/solar/myRos2/install/te_demo/include/te_demo/te_demo/srv/detail/sum__rosidl_typesupport_introspection_c.h
[14.857s] -- Installing: /home/solar/myRos2/install/te_demo/include/te_demo/te_demo/srv/detail/add__rosidl_typesupport_introspection_c.h
[14.857s] -- Up-to-date: /home/solar/myRos2/install/te_demo/include/te_demo/te_demo/msg
[14.857s] -- Installing: /home/solar/myRos2/install/te_demo/include/te_demo/te_demo/msg/rosidl_typesupport_introspection_c__visibility_control.h
[14.857s] -- Up-to-date: /home/solar/myRos2/install/te_demo/include/te_demo/te_demo/action
[14.858s] -- Up-to-date: /home/solar/myRos2/install/te_demo/include/te_demo/te_demo/action/detail
[14.858s] -- Installing: /home/solar/myRos2/install/te_demo/include/te_demo/te_demo/action/detail/move__rosidl_typesupport_introspection_c.h
[14.858s] -- Installing: /home/solar/myRos2/install/te_demo/include/te_demo/te_demo/action/detail/move__type_support.c
[14.859s] -- Installing: /home/solar/myRos2/install/te_demo/lib/libte_demo__rosidl_typesupport_introspection_c.so
[14.860s] -- Set runtime path of "/home/solar/myRos2/install/te_demo/lib/libte_demo__rosidl_typesupport_introspection_c.so" to ""
[14.860s] -- Installing: /home/solar/myRos2/install/te_demo/lib/libte_demo__rosidl_typesupport_c.so
[14.860s] -- Set runtime path of "/home/solar/myRos2/install/te_demo/lib/libte_demo__rosidl_typesupport_c.so" to ""
[14.860s] -- Up-to-date: /home/solar/myRos2/install/te_demo/include/te_demo/te_demo
[14.860s] -- Up-to-date: /home/solar/myRos2/install/te_demo/include/te_demo/te_demo/srv
[14.860s] -- Installing: /home/solar/myRos2/install/te_demo/include/te_demo/te_demo/srv/sum.hpp
[14.860s] -- Up-to-date: /home/solar/myRos2/install/te_demo/include/te_demo/te_demo/srv/detail
[14.860s] -- Installing: /home/solar/myRos2/install/te_demo/include/te_demo/te_demo/srv/detail/sum__struct.hpp
[14.861s] -- Installing: /home/solar/myRos2/install/te_demo/include/te_demo/te_demo/srv/detail/sum__traits.hpp
[14.861s] -- Installing: /home/solar/myRos2/install/te_demo/include/te_demo/te_demo/srv/detail/add__traits.hpp
[14.862s] -- Installing: /home/solar/myRos2/install/te_demo/include/te_demo/te_demo/srv/detail/sum__builder.hpp
[14.862s] -- Installing: /home/solar/myRos2/install/te_demo/include/te_demo/te_demo/srv/detail/add__struct.hpp
[14.862s] -- Installing: /home/solar/myRos2/install/te_demo/include/te_demo/te_demo/srv/detail/sum__type_support.hpp
[14.863s] -- Installing: /home/solar/myRos2/install/te_demo/include/te_demo/te_demo/srv/detail/add__builder.hpp
[14.863s] -- Installing: /home/solar/myRos2/install/te_demo/include/te_demo/te_demo/srv/detail/add__type_support.hpp
[14.864s] -- Installing: /home/solar/myRos2/install/te_demo/include/te_demo/te_demo/srv/add.hpp
[14.864s] -- Up-to-date: /home/solar/myRos2/install/te_demo/include/te_demo/te_demo/msg
[14.864s] -- Installing: /home/solar/myRos2/install/te_demo/include/te_demo/te_demo/msg/rosidl_generator_cpp__visibility_control.hpp
[14.864s] -- Up-to-date: /home/solar/myRos2/install/te_demo/include/te_demo/te_demo/action
[14.864s] -- Up-to-date: /home/solar/myRos2/install/te_demo/include/te_demo/te_demo/action/detail
[14.864s] -- Installing: /home/solar/myRos2/install/te_demo/include/te_demo/te_demo/action/detail/move__traits.hpp
[14.865s] -- Installing: /home/solar/myRos2/install/te_demo/include/te_demo/te_demo/action/detail/move__builder.hpp
[14.865s] -- Installing: /home/solar/myRos2/install/te_demo/include/te_demo/te_demo/action/detail/move__struct.hpp
[14.865s] -- Installing: /home/solar/myRos2/install/te_demo/include/te_demo/te_demo/action/detail/move__type_support.hpp
[14.865s] -- Installing: /home/solar/myRos2/install/te_demo/include/te_demo/te_demo/action/move.hpp
[14.865s] -- Up-to-date: /home/solar/myRos2/install/te_demo/include/te_demo/te_demo
[14.866s] -- Up-to-date: /home/solar/myRos2/install/te_demo/include/te_demo/te_demo/srv
[14.866s] -- Up-to-date: /home/solar/myRos2/install/te_demo/include/te_demo/te_demo/srv/detail
[14.866s] -- Installing: /home/solar/myRos2/install/te_demo/include/te_demo/te_demo/srv/detail/dds_fastrtps
[14.866s] -- Installing: /home/solar/myRos2/install/te_demo/include/te_demo/te_demo/srv/detail/add__rosidl_typesupport_fastrtps_cpp.hpp
[14.866s] -- Installing: /home/solar/myRos2/install/te_demo/include/te_demo/te_demo/srv/detail/sum__rosidl_typesupport_fastrtps_cpp.hpp
[14.867s] -- Up-to-date: /home/solar/myRos2/install/te_demo/include/te_demo/te_demo/msg
[14.867s] -- Installing: /home/solar/myRos2/install/te_demo/include/te_demo/te_demo/msg/rosidl_typesupport_fastrtps_cpp__visibility_control.h
[14.867s] -- Up-to-date: /home/solar/myRos2/install/te_demo/include/te_demo/te_demo/action
[14.867s] -- Up-to-date: /home/solar/myRos2/install/te_demo/include/te_demo/te_demo/action/detail
[14.868s] -- Installing: /home/solar/myRos2/install/te_demo/include/te_demo/te_demo/action/detail/dds_fastrtps
[14.868s] -- Installing: /home/solar/myRos2/install/te_demo/include/te_demo/te_demo/action/detail/move__rosidl_typesupport_fastrtps_cpp.hpp
[14.868s] -- Installing: /home/solar/myRos2/install/te_demo/lib/libte_demo__rosidl_typesupport_fastrtps_cpp.so
[14.870s] -- Set runtime path of "/home/solar/myRos2/install/te_demo/lib/libte_demo__rosidl_typesupport_fastrtps_cpp.so" to ""
[14.870s] -- Up-to-date: /home/solar/myRos2/install/te_demo/include/te_demo/te_demo
[14.870s] -- Up-to-date: /home/solar/myRos2/install/te_demo/include/te_demo/te_demo/srv
[14.870s] -- Up-to-date: /home/solar/myRos2/install/te_demo/include/te_demo/te_demo/srv/detail
[14.870s] -- Installing: /home/solar/myRos2/install/te_demo/include/te_demo/te_demo/srv/detail/sum__rosidl_typesupport_introspection_cpp.hpp
[14.870s] -- Installing: /home/solar/myRos2/install/te_demo/include/te_demo/te_demo/srv/detail/add__type_support.cpp
[14.870s] -- Installing: /home/solar/myRos2/install/te_demo/include/te_demo/te_demo/srv/detail/sum__type_support.cpp
[14.870s] -- Installing: /home/solar/myRos2/install/te_demo/include/te_demo/te_demo/srv/detail/add__rosidl_typesupport_introspection_cpp.hpp
[14.871s] -- Up-to-date: /home/solar/myRos2/install/te_demo/include/te_demo/te_demo/action
[14.871s] -- Up-to-date: /home/solar/myRos2/install/te_demo/include/te_demo/te_demo/action/detail
[14.871s] -- Installing: /home/solar/myRos2/install/te_demo/include/te_demo/te_demo/action/detail/move__rosidl_typesupport_introspection_cpp.hpp
[14.871s] -- Installing: /home/solar/myRos2/install/te_demo/include/te_demo/te_demo/action/detail/move__type_support.cpp
[14.872s] -- Installing: /home/solar/myRos2/install/te_demo/lib/libte_demo__rosidl_typesupport_introspection_cpp.so
[14.873s] -- Set runtime path of "/home/solar/myRos2/install/te_demo/lib/libte_demo__rosidl_typesupport_introspection_cpp.so" to ""
[14.873s] -- Installing: /home/solar/myRos2/install/te_demo/lib/libte_demo__rosidl_typesupport_cpp.so
[14.874s] -- Set runtime path of "/home/solar/myRos2/install/te_demo/lib/libte_demo__rosidl_typesupport_cpp.so" to ""
[14.874s] -- Installing: /home/solar/myRos2/install/te_demo/share/te_demo/environment/pythonpath.sh
[14.875s] -- Installing: /home/solar/myRos2/install/te_demo/share/te_demo/environment/pythonpath.dsv
[14.875s] -- Installing: /home/solar/myRos2/install/te_demo/local/lib/python3.10/dist-packages/te_demo-0.0.1-py3.10.egg-info
[14.875s] -- Installing: /home/solar/myRos2/install/te_demo/local/lib/python3.10/dist-packages/te_demo-0.0.1-py3.10.egg-info/top_level.txt
[14.876s] -- Installing: /home/solar/myRos2/install/te_demo/local/lib/python3.10/dist-packages/te_demo-0.0.1-py3.10.egg-info/dependency_links.txt
[14.876s] -- Installing: /home/solar/myRos2/install/te_demo/local/lib/python3.10/dist-packages/te_demo-0.0.1-py3.10.egg-info/PKG-INFO
[14.877s] -- Installing: /home/solar/myRos2/install/te_demo/local/lib/python3.10/dist-packages/te_demo-0.0.1-py3.10.egg-info/SOURCES.txt
[14.878s] -- Installing: /home/solar/myRos2/install/te_demo/local/lib/python3.10/dist-packages/te_demo
[14.878s] -- Installing: /home/solar/myRos2/install/te_demo/local/lib/python3.10/dist-packages/te_demo/te_demo_s__rosidl_typesupport_introspection_c.cpython-310-x86_64-linux-gnu.so
[14.879s] -- Installing: /home/solar/myRos2/install/te_demo/local/lib/python3.10/dist-packages/te_demo/libte_demo__rosidl_generator_py.so
[14.879s] -- Installing: /home/solar/myRos2/install/te_demo/local/lib/python3.10/dist-packages/te_demo/srv
[14.879s] -- Installing: /home/solar/myRos2/install/te_demo/local/lib/python3.10/dist-packages/te_demo/srv/__init__.py
[14.880s] -- Installing: /home/solar/myRos2/install/te_demo/local/lib/python3.10/dist-packages/te_demo/srv/_add_s.c
[14.880s] -- Installing: /home/solar/myRos2/install/te_demo/local/lib/python3.10/dist-packages/te_demo/srv/_sum_s.c
[14.880s] -- Installing: /home/solar/myRos2/install/te_demo/local/lib/python3.10/dist-packages/te_demo/srv/_sum.py
[14.880s] -- Installing: /home/solar/myRos2/install/te_demo/local/lib/python3.10/dist-packages/te_demo/srv/_add.py
[14.882s] -- Installing: /home/solar/myRos2/install/te_demo/local/lib/python3.10/dist-packages/te_demo/__init__.py
[14.882s] -- Installing: /home/solar/myRos2/install/te_demo/local/lib/python3.10/dist-packages/te_demo/te_demo_s__rosidl_typesupport_fastrtps_c.cpython-310-x86_64-linux-gnu.so
[14.883s] -- Installing: /home/solar/myRos2/install/te_demo/local/lib/python3.10/dist-packages/te_demo/te_demo_s__rosidl_typesupport_c.cpython-310-x86_64-linux-gnu.so
[14.883s] -- Installing: /home/solar/myRos2/install/te_demo/local/lib/python3.10/dist-packages/te_demo/_te_demo_s.ep.rosidl_typesupport_c.c
[14.883s] -- Installing: /home/solar/myRos2/install/te_demo/local/lib/python3.10/dist-packages/te_demo/action
[14.883s] -- Installing: /home/solar/myRos2/install/te_demo/local/lib/python3.10/dist-packages/te_demo/action/__init__.py
[14.884s] -- Installing: /home/solar/myRos2/install/te_demo/local/lib/python3.10/dist-packages/te_demo/action/_move_s.c
[14.884s] -- Installing: /home/solar/myRos2/install/te_demo/local/lib/python3.10/dist-packages/te_demo/action/_move.py
[14.884s] -- Installing: /home/solar/myRos2/install/te_demo/local/lib/python3.10/dist-packages/te_demo/_te_demo_s.ep.rosidl_typesupport_fastrtps_c.c
[14.884s] -- Installing: /home/solar/myRos2/install/te_demo/local/lib/python3.10/dist-packages/te_demo/_te_demo_s.ep.rosidl_typesupport_introspection_c.c
[14.956s] Listing '/home/solar/myRos2/install/te_demo/local/lib/python3.10/dist-packages/te_demo'...
[14.956s] Compiling '/home/solar/myRos2/install/te_demo/local/lib/python3.10/dist-packages/te_demo/__init__.py'...
[14.956s] Listing '/home/solar/myRos2/install/te_demo/local/lib/python3.10/dist-packages/te_demo/action'...
[14.957s] Compiling '/home/solar/myRos2/install/te_demo/local/lib/python3.10/dist-packages/te_demo/action/__init__.py'...
[14.957s] Compiling '/home/solar/myRos2/install/te_demo/local/lib/python3.10/dist-packages/te_demo/action/_move.py'...
[14.957s] Listing '/home/solar/myRos2/install/te_demo/local/lib/python3.10/dist-packages/te_demo/srv'...
[14.957s] Compiling '/home/solar/myRos2/install/te_demo/local/lib/python3.10/dist-packages/te_demo/srv/__init__.py'...
[14.957s] Compiling '/home/solar/myRos2/install/te_demo/local/lib/python3.10/dist-packages/te_demo/srv/_add.py'...
[14.957s] Compiling '/home/solar/myRos2/install/te_demo/local/lib/python3.10/dist-packages/te_demo/srv/_sum.py'...
[14.966s] -- Installing: /home/solar/myRos2/install/te_demo/local/lib/python3.10/dist-packages/te_demo/te_demo_s__rosidl_typesupport_fastrtps_c.cpython-310-x86_64-linux-gnu.so
[14.966s] -- Set runtime path of "/home/solar/myRos2/install/te_demo/local/lib/python3.10/dist-packages/te_demo/te_demo_s__rosidl_typesupport_fastrtps_c.cpython-310-x86_64-linux-gnu.so" to ""
[14.968s] -- Installing: /home/solar/myRos2/install/te_demo/local/lib/python3.10/dist-packages/te_demo/te_demo_s__rosidl_typesupport_introspection_c.cpython-310-x86_64-linux-gnu.so
[14.968s] -- Set runtime path of "/home/solar/myRos2/install/te_demo/local/lib/python3.10/dist-packages/te_demo/te_demo_s__rosidl_typesupport_introspection_c.cpython-310-x86_64-linux-gnu.so" to ""
[14.968s] -- Installing: /home/solar/myRos2/install/te_demo/local/lib/python3.10/dist-packages/te_demo/te_demo_s__rosidl_typesupport_c.cpython-310-x86_64-linux-gnu.so
[14.969s] -- Set runtime path of "/home/solar/myRos2/install/te_demo/local/lib/python3.10/dist-packages/te_demo/te_demo_s__rosidl_typesupport_c.cpython-310-x86_64-linux-gnu.so" to ""
[14.971s] -- Installing: /home/solar/myRos2/install/te_demo/lib/libte_demo__rosidl_generator_py.so
[14.971s] -- Set runtime path of "/home/solar/myRos2/install/te_demo/lib/libte_demo__rosidl_generator_py.so" to ""
[14.971s] -- Installing: /home/solar/myRos2/install/te_demo/share/te_demo/srv/Add.idl
[14.972s] -- Installing: /home/solar/myRos2/install/te_demo/share/te_demo/srv/Sum.idl
[14.973s] -- Installing: /home/solar/myRos2/install/te_demo/share/te_demo/action/Move.idl
[14.974s] -- Installing: /home/solar/myRos2/install/te_demo/share/te_demo/srv/Add.srv
[14.975s] -- Installing: /home/solar/myRos2/install/te_demo/share/te_demo/srv/Add_Request.msg
[14.975s] -- Installing: /home/solar/myRos2/install/te_demo/share/te_demo/srv/Add_Response.msg
[14.976s] -- Installing: /home/solar/myRos2/install/te_demo/share/te_demo/srv/Sum.srv
[14.976s] -- Installing: /home/solar/myRos2/install/te_demo/share/te_demo/srv/Sum_Request.msg
[14.977s] -- Installing: /home/solar/myRos2/install/te_demo/share/te_demo/srv/Sum_Response.msg
[14.977s] -- Installing: /home/solar/myRos2/install/te_demo/share/te_demo/action/Move.action
[14.978s] -- Installing: /home/solar/myRos2/install/te_demo/lib/te_demo/server
[14.979s] -- Installing: /home/solar/myRos2/install/te_demo/lib/te_demo/cli
[14.979s] -- Installing: /home/solar/myRos2/install/te_demo/lib/te_demo/sum_server
[14.981s] -- Installing: /home/solar/myRos2/install/te_demo/lib/te_demo/sum_client
[14.981s] -- Installing: /home/solar/myRos2/install/te_demo/lib/te_demo/move_action_server
[14.982s] -- Installing: /home/solar/myRos2/install/te_demo/lib/te_demo/move_action_client
[14.982s] -- Installing: /home/solar/myRos2/install/te_demo/share/ament_index/resource_index/package_run_dependencies/te_demo
[14.982s] -- Installing: /home/solar/myRos2/install/te_demo/share/ament_index/resource_index/parent_prefix_path/te_demo
[14.982s] -- Installing: /home/solar/myRos2/install/te_demo/share/te_demo/environment/ament_prefix_path.sh
[14.982s] -- Installing: /home/solar/myRos2/install/te_demo/share/te_demo/environment/ament_prefix_path.dsv
[14.982s] -- Installing: /home/solar/myRos2/install/te_demo/share/te_demo/environment/path.sh
[14.983s] -- Installing: /home/solar/myRos2/install/te_demo/share/te_demo/environment/path.dsv
[14.983s] -- Installing: /home/solar/myRos2/install/te_demo/share/te_demo/local_setup.bash
[14.983s] -- Installing: /home/solar/myRos2/install/te_demo/share/te_demo/local_setup.sh
[14.984s] -- Installing: /home/solar/myRos2/install/te_demo/share/te_demo/local_setup.zsh
[14.984s] -- Installing: /home/solar/myRos2/install/te_demo/share/te_demo/local_setup.dsv
[14.984s] -- Installing: /home/solar/myRos2/install/te_demo/share/te_demo/package.dsv
[14.985s] -- Installing: /home/solar/myRos2/install/te_demo/share/ament_index/resource_index/packages/te_demo
[14.985s] -- Installing: /home/solar/myRos2/install/te_demo/share/te_demo/cmake/export_te_demo__rosidl_generator_cExport.cmake
[14.986s] -- Installing: /home/solar/myRos2/install/te_demo/share/te_demo/cmake/export_te_demo__rosidl_generator_cExport-noconfig.cmake
[14.986s] -- Installing: /home/solar/myRos2/install/te_demo/share/te_demo/cmake/export_te_demo__rosidl_typesupport_fastrtps_cExport.cmake
[14.987s] -- Installing: /home/solar/myRos2/install/te_demo/share/te_demo/cmake/export_te_demo__rosidl_typesupport_fastrtps_cExport-noconfig.cmake
[14.987s] -- Installing: /home/solar/myRos2/install/te_demo/share/te_demo/cmake/te_demo__rosidl_typesupport_introspection_cExport.cmake
[14.987s] -- Installing: /home/solar/myRos2/install/te_demo/share/te_demo/cmake/te_demo__rosidl_typesupport_introspection_cExport-noconfig.cmake
[14.988s] -- Installing: /home/solar/myRos2/install/te_demo/share/te_demo/cmake/te_demo__rosidl_typesupport_cExport.cmake
[14.988s] -- Installing: /home/solar/myRos2/install/te_demo/share/te_demo/cmake/te_demo__rosidl_typesupport_cExport-noconfig.cmake
[14.989s] -- Installing: /home/solar/myRos2/install/te_demo/share/te_demo/cmake/export_te_demo__rosidl_generator_cppExport.cmake
[14.989s] -- Installing: /home/solar/myRos2/install/te_demo/share/te_demo/cmake/export_te_demo__rosidl_typesupport_fastrtps_cppExport.cmake
[14.989s] -- Installing: /home/solar/myRos2/install/te_demo/share/te_demo/cmake/export_te_demo__rosidl_typesupport_fastrtps_cppExport-noconfig.cmake
[14.990s] -- Installing: /home/solar/myRos2/install/te_demo/share/te_demo/cmake/te_demo__rosidl_typesupport_introspection_cppExport.cmake
[14.990s] -- Installing: /home/solar/myRos2/install/te_demo/share/te_demo/cmake/te_demo__rosidl_typesupport_introspection_cppExport-noconfig.cmake
[14.990s] -- Installing: /home/solar/myRos2/install/te_demo/share/te_demo/cmake/te_demo__rosidl_typesupport_cppExport.cmake
[14.991s] -- Installing: /home/solar/myRos2/install/te_demo/share/te_demo/cmake/te_demo__rosidl_typesupport_cppExport-noconfig.cmake
[14.991s] -- Installing: /home/solar/myRos2/install/te_demo/share/te_demo/cmake/export_te_demo__rosidl_generator_pyExport.cmake
[14.991s] -- Installing: /home/solar/myRos2/install/te_demo/share/te_demo/cmake/export_te_demo__rosidl_generator_pyExport-noconfig.cmake
[14.992s] -- Installing: /home/solar/myRos2/install/te_demo/share/te_demo/cmake/rosidl_cmake-extras.cmake
[14.992s] -- Installing: /home/solar/myRos2/install/te_demo/share/te_demo/cmake/ament_cmake_export_dependencies-extras.cmake
[14.993s] -- Installing: /home/solar/myRos2/install/te_demo/share/te_demo/cmake/ament_cmake_export_include_directories-extras.cmake
[14.993s] -- Installing: /home/solar/myRos2/install/te_demo/share/te_demo/cmake/ament_cmake_export_libraries-extras.cmake
[14.993s] -- Installing: /home/solar/myRos2/install/te_demo/share/te_demo/cmake/ament_cmake_export_targets-extras.cmake
[14.994s] -- Installing: /home/solar/myRos2/install/te_demo/share/te_demo/cmake/rosidl_cmake_export_typesupport_targets-extras.cmake
[14.994s] -- Installing: /home/solar/myRos2/install/te_demo/share/te_demo/cmake/rosidl_cmake_export_typesupport_libraries-extras.cmake
[14.994s] -- Installing: /home/solar/myRos2/install/te_demo/share/te_demo/cmake/te_demoConfig.cmake
[14.995s] -- Installing: /home/solar/myRos2/install/te_demo/share/te_demo/cmake/te_demoConfig-version.cmake
[14.996s] -- Installing: /home/solar/myRos2/install/te_demo/share/te_demo/package.xml
[15.001s] Invoked command in '/home/solar/myRos2/build/te_demo' returned '0': CMAKE_PREFIX_PATH=/opt/ros/humble /usr/bin/cmake --install /home/solar/myRos2/build/te_demo
