[0.027s] Invoking command in '/home/solar/myRos2/build/te_demo': CMAKE_PREFIX_PATH=/opt/ros/humble /usr/bin/cmake --build /home/solar/myRos2/build/te_demo -- -j2 -l2
[0.137s] [  9%] Built target te_demo__rosidl_generator_c
[0.150s] [ 12%] Built target te_demo__cpp
[0.197s] [ 22%] Built target te_demo__rosidl_typesupport_cpp
[0.199s] [ 22%] Built target ament_cmake_python_copy_te_demo
[0.248s] [ 32%] Built target te_demo__rosidl_typesupport_fastrtps_c
[0.255s] [ 41%] Built target te_demo__rosidl_typesupport_introspection_c
[0.295s] [ 51%] Built target te_demo__rosidl_typesupport_c
[0.303s] [ 61%] Built target te_demo__rosidl_typesupport_fastrtps_cpp
[0.345s] [ 70%] Built target te_demo__rosidl_typesupport_introspection_cpp
[0.388s] [ 70%] Built target te_demo
[0.433s] [ 74%] Built target te_demo__py
[0.481s] [ 80%] Built target te_demo__rosidl_generator_py
[0.527s] [ 87%] Built target te_demo__rosidl_typesupport_fastrtps_c__pyext
[0.574s] [ 93%] Built target te_demo__rosidl_typesupport_introspection_c__pyext
[0.621s] [100%] Built target te_demo__rosidl_typesupport_c__pyext
[0.712s] running egg_info
[0.713s] writing te_demo.egg-info/PKG-INFO
[0.715s] writing dependency_links to te_demo.egg-info/dependency_links.txt
[0.717s] writing top-level names to te_demo.egg-info/top_level.txt
[0.721s] reading manifest file 'te_demo.egg-info/SOURCES.txt'
[0.721s] writing manifest file 'te_demo.egg-info/SOURCES.txt'
[0.773s] [100%] Built target ament_cmake_python_build_te_demo_egg
[0.798s] Invoked command in '/home/solar/myRos2/build/te_demo' returned '0': CMAKE_PREFIX_PATH=/opt/ros/humble /usr/bin/cmake --build /home/solar/myRos2/build/te_demo -- -j2 -l2
[0.819s] Invoking command in '/home/solar/myRos2/build/te_demo': CMAKE_PREFIX_PATH=/opt/ros/humble /usr/bin/cmake --install /home/solar/myRos2/build/te_demo
[0.834s] -- Install configuration: ""
[0.834s] -- Up-to-date: /home/solar/myRos2/install/te_demo/share/ament_index/resource_index/rosidl_interfaces/te_demo
[0.835s] -- Up-to-date: /home/solar/myRos2/install/te_demo/include/te_demo/te_demo
[0.835s] -- Up-to-date: /home/solar/myRos2/install/te_demo/include/te_demo/te_demo/srv
[0.835s] -- Up-to-date: /home/solar/myRos2/install/te_demo/include/te_demo/te_demo/srv/add.h
[0.835s] -- Up-to-date: /home/solar/myRos2/install/te_demo/include/te_demo/te_demo/srv/detail
[0.836s] -- Up-to-date: /home/solar/myRos2/install/te_demo/include/te_demo/te_demo/srv/detail/add__type_support.h
[0.836s] -- Up-to-date: /home/solar/myRos2/install/te_demo/include/te_demo/te_demo/srv/detail/add__struct.h
[0.836s] -- Up-to-date: /home/solar/myRos2/install/te_demo/include/te_demo/te_demo/srv/detail/add__functions.h
[0.836s] -- Up-to-date: /home/solar/myRos2/install/te_demo/include/te_demo/te_demo/srv/detail/add__functions.c
[0.836s] -- Up-to-date: /home/solar/myRos2/install/te_demo/include/te_demo/te_demo/msg
[0.837s] -- Up-to-date: /home/solar/myRos2/install/te_demo/include/te_demo/te_demo/msg/rosidl_generator_c__visibility_control.h
[0.837s] -- Up-to-date: /home/solar/myRos2/install/te_demo/share/te_demo/environment/library_path.sh
[0.837s] -- Up-to-date: /home/solar/myRos2/install/te_demo/share/te_demo/environment/library_path.dsv
[0.837s] -- Up-to-date: /home/solar/myRos2/install/te_demo/lib/libte_demo__rosidl_generator_c.so
[0.837s] -- Up-to-date: /home/solar/myRos2/install/te_demo/include/te_demo/te_demo
[0.838s] -- Up-to-date: /home/solar/myRos2/install/te_demo/include/te_demo/te_demo/srv
[0.838s] -- Up-to-date: /home/solar/myRos2/install/te_demo/include/te_demo/te_demo/srv/detail
[0.838s] -- Up-to-date: /home/solar/myRos2/install/te_demo/include/te_demo/te_demo/srv/detail/add__rosidl_typesupport_fastrtps_c.h
[0.838s] -- Up-to-date: /home/solar/myRos2/install/te_demo/include/te_demo/te_demo/msg
[0.838s] -- Up-to-date: /home/solar/myRos2/install/te_demo/include/te_demo/te_demo/msg/rosidl_typesupport_fastrtps_c__visibility_control.h
[0.838s] -- Up-to-date: /home/solar/myRos2/install/te_demo/lib/libte_demo__rosidl_typesupport_fastrtps_c.so
[0.838s] -- Up-to-date: /home/solar/myRos2/install/te_demo/include/te_demo/te_demo
[0.838s] -- Up-to-date: /home/solar/myRos2/install/te_demo/include/te_demo/te_demo/srv
[0.839s] -- Up-to-date: /home/solar/myRos2/install/te_demo/include/te_demo/te_demo/srv/detail
[0.839s] -- Up-to-date: /home/solar/myRos2/install/te_demo/include/te_demo/te_demo/srv/detail/add__type_support.c
[0.839s] -- Up-to-date: /home/solar/myRos2/install/te_demo/include/te_demo/te_demo/srv/detail/add__rosidl_typesupport_introspection_c.h
[0.839s] -- Up-to-date: /home/solar/myRos2/install/te_demo/include/te_demo/te_demo/msg
[0.839s] -- Up-to-date: /home/solar/myRos2/install/te_demo/include/te_demo/te_demo/msg/rosidl_typesupport_introspection_c__visibility_control.h
[0.839s] -- Up-to-date: /home/solar/myRos2/install/te_demo/lib/libte_demo__rosidl_typesupport_introspection_c.so
[0.840s] -- Up-to-date: /home/solar/myRos2/install/te_demo/lib/libte_demo__rosidl_typesupport_c.so
[0.840s] -- Up-to-date: /home/solar/myRos2/install/te_demo/include/te_demo/te_demo
[0.847s] -- Up-to-date: /home/solar/myRos2/install/te_demo/include/te_demo/te_demo/srv
[0.847s] -- Up-to-date: /home/solar/myRos2/install/te_demo/include/te_demo/te_demo/srv/detail
[0.848s] -- Up-to-date: /home/solar/myRos2/install/te_demo/include/te_demo/te_demo/srv/detail/add__traits.hpp
[0.849s] -- Up-to-date: /home/solar/myRos2/install/te_demo/include/te_demo/te_demo/srv/detail/add__struct.hpp
[0.849s] -- Up-to-date: /home/solar/myRos2/install/te_demo/include/te_demo/te_demo/srv/detail/add__builder.hpp
[0.849s] -- Up-to-date: /home/solar/myRos2/install/te_demo/include/te_demo/te_demo/srv/detail/add__type_support.hpp
[0.849s] -- Up-to-date: /home/solar/myRos2/install/te_demo/include/te_demo/te_demo/srv/add.hpp
[0.849s] -- Up-to-date: /home/solar/myRos2/install/te_demo/include/te_demo/te_demo/msg
[0.849s] -- Up-to-date: /home/solar/myRos2/install/te_demo/include/te_demo/te_demo/msg/rosidl_generator_cpp__visibility_control.hpp
[0.849s] -- Up-to-date: /home/solar/myRos2/install/te_demo/include/te_demo/te_demo
[0.850s] -- Up-to-date: /home/solar/myRos2/install/te_demo/include/te_demo/te_demo/srv
[0.850s] -- Up-to-date: /home/solar/myRos2/install/te_demo/include/te_demo/te_demo/srv/detail
[0.850s] -- Up-to-date: /home/solar/myRos2/install/te_demo/include/te_demo/te_demo/srv/detail/dds_fastrtps
[0.850s] -- Up-to-date: /home/solar/myRos2/install/te_demo/include/te_demo/te_demo/srv/detail/add__rosidl_typesupport_fastrtps_cpp.hpp
[0.850s] -- Up-to-date: /home/solar/myRos2/install/te_demo/include/te_demo/te_demo/msg
[0.850s] -- Up-to-date: /home/solar/myRos2/install/te_demo/include/te_demo/te_demo/msg/rosidl_typesupport_fastrtps_cpp__visibility_control.h
[0.850s] -- Up-to-date: /home/solar/myRos2/install/te_demo/lib/libte_demo__rosidl_typesupport_fastrtps_cpp.so
[0.850s] -- Up-to-date: /home/solar/myRos2/install/te_demo/include/te_demo/te_demo
[0.850s] -- Up-to-date: /home/solar/myRos2/install/te_demo/include/te_demo/te_demo/srv
[0.850s] -- Up-to-date: /home/solar/myRos2/install/te_demo/include/te_demo/te_demo/srv/detail
[0.850s] -- Up-to-date: /home/solar/myRos2/install/te_demo/include/te_demo/te_demo/srv/detail/add__type_support.cpp
[0.850s] -- Up-to-date: /home/solar/myRos2/install/te_demo/include/te_demo/te_demo/srv/detail/add__rosidl_typesupport_introspection_cpp.hpp
[0.850s] -- Up-to-date: /home/solar/myRos2/install/te_demo/lib/libte_demo__rosidl_typesupport_introspection_cpp.so
[0.851s] -- Up-to-date: /home/solar/myRos2/install/te_demo/lib/libte_demo__rosidl_typesupport_cpp.so
[0.851s] -- Up-to-date: /home/solar/myRos2/install/te_demo/share/te_demo/environment/pythonpath.sh
[0.851s] -- Up-to-date: /home/solar/myRos2/install/te_demo/share/te_demo/environment/pythonpath.dsv
[0.851s] -- Up-to-date: /home/solar/myRos2/install/te_demo/local/lib/python3.10/dist-packages/te_demo-0.0.1-py3.10.egg-info
[0.851s] -- Installing: /home/solar/myRos2/install/te_demo/local/lib/python3.10/dist-packages/te_demo-0.0.1-py3.10.egg-info/top_level.txt
[0.851s] -- Installing: /home/solar/myRos2/install/te_demo/local/lib/python3.10/dist-packages/te_demo-0.0.1-py3.10.egg-info/dependency_links.txt
[0.851s] -- Installing: /home/solar/myRos2/install/te_demo/local/lib/python3.10/dist-packages/te_demo-0.0.1-py3.10.egg-info/PKG-INFO
[0.851s] -- Installing: /home/solar/myRos2/install/te_demo/local/lib/python3.10/dist-packages/te_demo-0.0.1-py3.10.egg-info/SOURCES.txt
[0.851s] -- Up-to-date: /home/solar/myRos2/install/te_demo/local/lib/python3.10/dist-packages/te_demo
[0.851s] -- Up-to-date: /home/solar/myRos2/install/te_demo/local/lib/python3.10/dist-packages/te_demo/te_demo_s__rosidl_typesupport_introspection_c.cpython-310-x86_64-linux-gnu.so
[0.852s] -- Up-to-date: /home/solar/myRos2/install/te_demo/local/lib/python3.10/dist-packages/te_demo/libte_demo__rosidl_generator_py.so
[0.852s] -- Up-to-date: /home/solar/myRos2/install/te_demo/local/lib/python3.10/dist-packages/te_demo/srv
[0.852s] -- Up-to-date: /home/solar/myRos2/install/te_demo/local/lib/python3.10/dist-packages/te_demo/srv/__init__.py
[0.852s] -- Up-to-date: /home/solar/myRos2/install/te_demo/local/lib/python3.10/dist-packages/te_demo/srv/_add_s.c
[0.852s] -- Up-to-date: /home/solar/myRos2/install/te_demo/local/lib/python3.10/dist-packages/te_demo/srv/_add.py
[0.852s] -- Up-to-date: /home/solar/myRos2/install/te_demo/local/lib/python3.10/dist-packages/te_demo/__init__.py
[0.852s] -- Up-to-date: /home/solar/myRos2/install/te_demo/local/lib/python3.10/dist-packages/te_demo/te_demo_s__rosidl_typesupport_fastrtps_c.cpython-310-x86_64-linux-gnu.so
[0.852s] -- Up-to-date: /home/solar/myRos2/install/te_demo/local/lib/python3.10/dist-packages/te_demo/te_demo_s__rosidl_typesupport_c.cpython-310-x86_64-linux-gnu.so
[0.852s] -- Up-to-date: /home/solar/myRos2/install/te_demo/local/lib/python3.10/dist-packages/te_demo/_te_demo_s.ep.rosidl_typesupport_c.c
[0.852s] -- Up-to-date: /home/solar/myRos2/install/te_demo/local/lib/python3.10/dist-packages/te_demo/_te_demo_s.ep.rosidl_typesupport_fastrtps_c.c
[0.852s] -- Up-to-date: /home/solar/myRos2/install/te_demo/local/lib/python3.10/dist-packages/te_demo/_te_demo_s.ep.rosidl_typesupport_introspection_c.c
[0.893s] Listing '/home/solar/myRos2/install/te_demo/local/lib/python3.10/dist-packages/te_demo'...
[0.893s] Listing '/home/solar/myRos2/install/te_demo/local/lib/python3.10/dist-packages/te_demo/srv'...
[0.901s] -- Up-to-date: /home/solar/myRos2/install/te_demo/local/lib/python3.10/dist-packages/te_demo/te_demo_s__rosidl_typesupport_fastrtps_c.cpython-310-x86_64-linux-gnu.so
[0.901s] -- Up-to-date: /home/solar/myRos2/install/te_demo/local/lib/python3.10/dist-packages/te_demo/te_demo_s__rosidl_typesupport_introspection_c.cpython-310-x86_64-linux-gnu.so
[0.902s] -- Up-to-date: /home/solar/myRos2/install/te_demo/local/lib/python3.10/dist-packages/te_demo/te_demo_s__rosidl_typesupport_c.cpython-310-x86_64-linux-gnu.so
[0.902s] -- Up-to-date: /home/solar/myRos2/install/te_demo/lib/libte_demo__rosidl_generator_py.so
[0.903s] -- Up-to-date: /home/solar/myRos2/install/te_demo/share/te_demo/srv/Add.idl
[0.903s] -- Up-to-date: /home/solar/myRos2/install/te_demo/share/te_demo/srv/Add.srv
[0.903s] -- Up-to-date: /home/solar/myRos2/install/te_demo/share/te_demo/srv/Add_Request.msg
[0.904s] -- Up-to-date: /home/solar/myRos2/install/te_demo/share/te_demo/srv/Add_Response.msg
[0.904s] -- Up-to-date: /home/solar/myRos2/install/te_demo/lib/te_demo/server
[0.904s] -- Up-to-date: /home/solar/myRos2/install/te_demo/lib/te_demo/cli
[0.904s] -- Up-to-date: /home/solar/myRos2/install/te_demo/share/ament_index/resource_index/package_run_dependencies/te_demo
[0.904s] -- Up-to-date: /home/solar/myRos2/install/te_demo/share/ament_index/resource_index/parent_prefix_path/te_demo
[0.904s] -- Up-to-date: /home/solar/myRos2/install/te_demo/share/te_demo/environment/ament_prefix_path.sh
[0.904s] -- Up-to-date: /home/solar/myRos2/install/te_demo/share/te_demo/environment/ament_prefix_path.dsv
[0.905s] -- Up-to-date: /home/solar/myRos2/install/te_demo/share/te_demo/environment/path.sh
[0.905s] -- Up-to-date: /home/solar/myRos2/install/te_demo/share/te_demo/environment/path.dsv
[0.905s] -- Up-to-date: /home/solar/myRos2/install/te_demo/share/te_demo/local_setup.bash
[0.905s] -- Up-to-date: /home/solar/myRos2/install/te_demo/share/te_demo/local_setup.sh
[0.906s] -- Up-to-date: /home/solar/myRos2/install/te_demo/share/te_demo/local_setup.zsh
[0.907s] -- Up-to-date: /home/solar/myRos2/install/te_demo/share/te_demo/local_setup.dsv
[0.907s] -- Installing: /home/solar/myRos2/install/te_demo/share/te_demo/package.dsv
[0.907s] -- Up-to-date: /home/solar/myRos2/install/te_demo/share/ament_index/resource_index/packages/te_demo
[0.908s] -- Up-to-date: /home/solar/myRos2/install/te_demo/share/te_demo/cmake/export_te_demo__rosidl_generator_cExport.cmake
[0.908s] -- Up-to-date: /home/solar/myRos2/install/te_demo/share/te_demo/cmake/export_te_demo__rosidl_generator_cExport-noconfig.cmake
[0.908s] -- Up-to-date: /home/solar/myRos2/install/te_demo/share/te_demo/cmake/export_te_demo__rosidl_typesupport_fastrtps_cExport.cmake
[0.908s] -- Up-to-date: /home/solar/myRos2/install/te_demo/share/te_demo/cmake/export_te_demo__rosidl_typesupport_fastrtps_cExport-noconfig.cmake
[0.908s] -- Up-to-date: /home/solar/myRos2/install/te_demo/share/te_demo/cmake/te_demo__rosidl_typesupport_introspection_cExport.cmake
[0.908s] -- Up-to-date: /home/solar/myRos2/install/te_demo/share/te_demo/cmake/te_demo__rosidl_typesupport_introspection_cExport-noconfig.cmake
[0.908s] -- Up-to-date: /home/solar/myRos2/install/te_demo/share/te_demo/cmake/te_demo__rosidl_typesupport_cExport.cmake
[0.908s] -- Up-to-date: /home/solar/myRos2/install/te_demo/share/te_demo/cmake/te_demo__rosidl_typesupport_cExport-noconfig.cmake
[0.908s] -- Up-to-date: /home/solar/myRos2/install/te_demo/share/te_demo/cmake/export_te_demo__rosidl_generator_cppExport.cmake
[0.909s] -- Up-to-date: /home/solar/myRos2/install/te_demo/share/te_demo/cmake/export_te_demo__rosidl_typesupport_fastrtps_cppExport.cmake
[0.909s] -- Up-to-date: /home/solar/myRos2/install/te_demo/share/te_demo/cmake/export_te_demo__rosidl_typesupport_fastrtps_cppExport-noconfig.cmake
[0.909s] -- Up-to-date: /home/solar/myRos2/install/te_demo/share/te_demo/cmake/te_demo__rosidl_typesupport_introspection_cppExport.cmake
[0.909s] -- Up-to-date: /home/solar/myRos2/install/te_demo/share/te_demo/cmake/te_demo__rosidl_typesupport_introspection_cppExport-noconfig.cmake
[0.910s] -- Up-to-date: /home/solar/myRos2/install/te_demo/share/te_demo/cmake/te_demo__rosidl_typesupport_cppExport.cmake
[0.910s] -- Up-to-date: /home/solar/myRos2/install/te_demo/share/te_demo/cmake/te_demo__rosidl_typesupport_cppExport-noconfig.cmake
[0.910s] -- Up-to-date: /home/solar/myRos2/install/te_demo/share/te_demo/cmake/export_te_demo__rosidl_generator_pyExport.cmake
[0.910s] -- Up-to-date: /home/solar/myRos2/install/te_demo/share/te_demo/cmake/export_te_demo__rosidl_generator_pyExport-noconfig.cmake
[0.910s] -- Up-to-date: /home/solar/myRos2/install/te_demo/share/te_demo/cmake/rosidl_cmake-extras.cmake
[0.910s] -- Up-to-date: /home/solar/myRos2/install/te_demo/share/te_demo/cmake/ament_cmake_export_include_directories-extras.cmake
[0.910s] -- Up-to-date: /home/solar/myRos2/install/te_demo/share/te_demo/cmake/ament_cmake_export_libraries-extras.cmake
[0.910s] -- Up-to-date: /home/solar/myRos2/install/te_demo/share/te_demo/cmake/ament_cmake_export_targets-extras.cmake
[0.911s] -- Up-to-date: /home/solar/myRos2/install/te_demo/share/te_demo/cmake/rosidl_cmake_export_typesupport_targets-extras.cmake
[0.911s] -- Up-to-date: /home/solar/myRos2/install/te_demo/share/te_demo/cmake/ament_cmake_export_dependencies-extras.cmake
[0.911s] -- Up-to-date: /home/solar/myRos2/install/te_demo/share/te_demo/cmake/rosidl_cmake_export_typesupport_libraries-extras.cmake
[0.911s] -- Up-to-date: /home/solar/myRos2/install/te_demo/share/te_demo/cmake/te_demoConfig.cmake
[0.911s] -- Up-to-date: /home/solar/myRos2/install/te_demo/share/te_demo/cmake/te_demoConfig-version.cmake
[0.911s] -- Up-to-date: /home/solar/myRos2/install/te_demo/share/te_demo/package.xml
[0.914s] Invoked command in '/home/solar/myRos2/build/te_demo' returned '0': CMAKE_PREFIX_PATH=/opt/ros/humble /usr/bin/cmake --install /home/solar/myRos2/build/te_demo
