[0.021s] Invoking command in '/home/solar/myRos2/build/te_demo': CMAKE_PREFIX_PATH=/opt/ros/humble /usr/bin/cmake /home/solar/myRos2/src/te_demo -DCMAKE_INSTALL_PREFIX=/home/solar/myRos2/install/te_demo
[0.130s] -- The C compiler identification is GNU 11.4.0
[0.234s] -- The CXX compiler identification is GNU 11.4.0
[0.247s] -- Detecting C compiler ABI info
[0.401s] -- Detecting C compiler ABI info - done
[0.414s] -- Check for working C compiler: /usr/bin/cc - skipped
[0.414s] -- Detecting C compile features
[0.414s] -- Detecting C compile features - done
[0.420s] -- Detecting CXX compiler ABI info
[0.579s] -- Detecting CXX compiler ABI info - done
[0.589s] -- Check for working CXX compiler: /usr/bin/c++ - skipped
[0.590s] -- Detecting CXX compile features
[0.590s] -- Detecting CXX compile features - done
[0.593s] -- Found ament_cmake: 1.3.12 (/opt/ros/humble/share/ament_cmake/cmake)
[0.848s] -- Found Python3: /usr/bin/python3 (found version "3.10.12") found components: Interpreter 
[1.006s] -- Found rosidl_default_generators: 1.2.0 (/opt/ros/humble/share/rosidl_default_generators/cmake)
[1.010s] -- Using all available rosidl_typesupport_c: rosidl_typesupport_fastrtps_c;rosidl_typesupport_introspection_c
[1.020s] -- Found rosidl_adapter: 3.1.7 (/opt/ros/humble/share/rosidl_adapter/cmake)
[1.080s] -- Using all available rosidl_typesupport_cpp: rosidl_typesupport_fastrtps_cpp;rosidl_typesupport_introspection_cpp
[1.567s] -- Found ament_cmake_ros: 0.10.0 (/opt/ros/humble/share/ament_cmake_ros/cmake)
[1.886s] -- Using all available rosidl_typesupport_c: rosidl_typesupport_fastrtps_c;rosidl_typesupport_introspection_c
[2.282s] -- Using all available rosidl_typesupport_cpp: rosidl_typesupport_fastrtps_cpp;rosidl_typesupport_introspection_cpp
[2.321s] -- Found PythonInterp: /usr/bin/python3 (found suitable version "3.10.12", minimum required is "3.6") 
[2.326s] -- Found python_cmake_module: 0.10.0 (/opt/ros/humble/share/python_cmake_module/cmake)
[2.379s] -- Found PythonLibs: /usr/lib/x86_64-linux-gnu/libpython3.10.so (found suitable version "3.10.12", minimum required is "3.5") 
[2.380s] -- Using PYTHON_EXECUTABLE: /usr/bin/python3
[2.380s] -- Using PYTHON_INCLUDE_DIRS: /usr/include/python3.10
[2.380s] -- Using PYTHON_LIBRARIES: /usr/lib/x86_64-linux-gnu/libpython3.10.so
[2.415s] -- Found PythonExtra: .so  
[2.482s] -- Found ament_lint_auto: 0.12.14 (/opt/ros/humble/share/ament_lint_auto/cmake)
[2.557s] -- Added test 'lint_cmake' to check CMake code style
[2.564s] -- Added test 'xmllint' to check XML markup files
[2.571s] -- Configuring done
[2.640s] -- Generating done
[2.663s] -- Build files have been written to: /home/solar/myRos2/build/te_demo
[2.673s] Invoked command in '/home/solar/myRos2/build/te_demo' returned '0': CMAKE_PREFIX_PATH=/opt/ros/humble /usr/bin/cmake /home/solar/myRos2/src/te_demo -DCMAKE_INSTALL_PREFIX=/home/solar/myRos2/install/te_demo
[2.677s] Invoking command in '/home/solar/myRos2/build/te_demo': CMAKE_PREFIX_PATH=/opt/ros/humble /usr/bin/cmake --build /home/solar/myRos2/build/te_demo -- -j2 -l2
[2.757s] [  3%] [34m[1mGenerating C code for ROS interfaces[0m
[2.780s] [  6%] [34m[1mGenerating C++ code for ROS interfaces[0m
[3.298s] [  6%] Built target te_demo__cpp
[3.329s] [  9%] [32mBuilding C object CMakeFiles/te_demo__rosidl_generator_c.dir/rosidl_generator_c/te_demo/srv/detail/add__functions.c.o[0m
[3.367s] [  9%] Built target ament_cmake_python_copy_te_demo
[3.390s] [ 12%] [34m[1mGenerating C++ type support for eProsima Fast-RTPS[0m
[3.548s] [ 16%] [32m[1mLinking C shared library libte_demo__rosidl_generator_c.so[0m
[3.626s] [ 16%] Built target te_demo__rosidl_generator_c
[3.651s] [ 19%] [34m[1mGenerating C++ introspection for ROS interfaces[0m
[3.822s] [ 22%] [32mBuilding CXX object CMakeFiles/te_demo__rosidl_typesupport_fastrtps_cpp.dir/rosidl_typesupport_fastrtps_cpp/te_demo/srv/detail/dds_fastrtps/add__type_support.cpp.o[0m
[4.128s] [ 25%] [32mBuilding CXX object CMakeFiles/te_demo__rosidl_typesupport_introspection_cpp.dir/rosidl_typesupport_introspection_cpp/te_demo/srv/detail/add__type_support.cpp.o[0m
[5.456s] [ 29%] [32m[1mLinking CXX shared library libte_demo__rosidl_typesupport_fastrtps_cpp.so[0m
[5.606s] [ 29%] Built target te_demo__rosidl_typesupport_fastrtps_cpp
[5.618s] [ 32%] [32m[1mLinking CXX shared library libte_demo__rosidl_typesupport_introspection_cpp.so[0m
[5.630s] [ 35%] [34m[1mGenerating C++ type support dispatch for ROS interfaces[0m
[5.699s] [ 35%] Built target te_demo__rosidl_typesupport_introspection_cpp
[6.000s] [ 38%] [32mBuilding CXX object CMakeFiles/te_demo__rosidl_typesupport_cpp.dir/rosidl_typesupport_cpp/te_demo/srv/add__type_support.cpp.o[0m
[6.071s] running egg_info
[6.071s] creating te_demo.egg-info
[6.071s] writing te_demo.egg-info/PKG-INFO
[6.072s] writing dependency_links to te_demo.egg-info/dependency_links.txt
[6.072s] writing top-level names to te_demo.egg-info/top_level.txt
[6.073s] writing manifest file 'te_demo.egg-info/SOURCES.txt'
[6.076s] reading manifest file 'te_demo.egg-info/SOURCES.txt'
[6.076s] writing manifest file 'te_demo.egg-info/SOURCES.txt'
[6.136s] [ 38%] Built target ament_cmake_python_build_te_demo_egg
[6.156s] [ 41%] [34m[1mGenerating C type support for eProsima Fast-RTPS[0m
[6.421s] [ 45%] [32m[1mLinking CXX shared library libte_demo__rosidl_typesupport_cpp.so[0m
[6.504s] [ 45%] Built target te_demo__rosidl_typesupport_cpp
[6.526s] [ 48%] [34m[1mGenerating C introspection for ROS interfaces[0m
[6.586s] [ 51%] [32mBuilding CXX object CMakeFiles/te_demo__rosidl_typesupport_fastrtps_c.dir/rosidl_typesupport_fastrtps_c/te_demo/srv/detail/add__type_support_c.cpp.o[0m
[6.931s] [ 54%] [32mBuilding C object CMakeFiles/te_demo__rosidl_typesupport_introspection_c.dir/rosidl_typesupport_introspection_c/te_demo/srv/detail/add__type_support.c.o[0m
[6.999s] [ 58%] [32m[1mLinking C shared library libte_demo__rosidl_typesupport_introspection_c.so[0m
[7.063s] [ 58%] Built target te_demo__rosidl_typesupport_introspection_c
[7.081s] [ 61%] [34m[1mGenerating C type support dispatch for ROS interfaces[0m
[7.125s] [ 64%] [32m[1mLinking CXX shared library libte_demo__rosidl_typesupport_fastrtps_c.so[0m
[7.279s] [ 64%] Built target te_demo__rosidl_typesupport_fastrtps_c
[7.441s] [ 67%] [32mBuilding CXX object CMakeFiles/te_demo__rosidl_typesupport_c.dir/rosidl_typesupport_c/te_demo/srv/add__type_support.cpp.o[0m
[7.505s] [ 70%] [32m[1mLinking CXX shared library libte_demo__rosidl_typesupport_c.so[0m
[7.589s] [ 70%] Built target te_demo__rosidl_typesupport_c
[7.635s] [ 70%] Built target te_demo
[7.680s] [ 74%] [34m[1mGenerating Python code for ROS interfaces[0m
[8.265s] [ 74%] Built target te_demo__py
[8.309s] [ 77%] [32mBuilding C object CMakeFiles/te_demo__rosidl_generator_py.dir/rosidl_generator_py/te_demo/srv/_add_s.c.o[0m
[8.629s] [ 80%] [32m[1mLinking C shared library rosidl_generator_py/te_demo/libte_demo__rosidl_generator_py.so[0m
[8.713s] [ 80%] Built target te_demo__rosidl_generator_py
[8.768s] [ 83%] [32mBuilding C object CMakeFiles/te_demo__rosidl_typesupport_introspection_c__pyext.dir/rosidl_generator_py/te_demo/_te_demo_s.ep.rosidl_typesupport_introspection_c.c.o[0m
[8.769s] [ 87%] [32mBuilding C object CMakeFiles/te_demo__rosidl_typesupport_fastrtps_c__pyext.dir/rosidl_generator_py/te_demo/_te_demo_s.ep.rosidl_typesupport_fastrtps_c.c.o[0m
[8.938s] [ 90%] [32m[1mLinking C shared library rosidl_generator_py/te_demo/te_demo_s__rosidl_typesupport_fastrtps_c.cpython-310-x86_64-linux-gnu.so[0m
[8.939s] [ 93%] [32m[1mLinking C shared library rosidl_generator_py/te_demo/te_demo_s__rosidl_typesupport_introspection_c.cpython-310-x86_64-linux-gnu.so[0m
[9.012s] [ 93%] Built target te_demo__rosidl_typesupport_fastrtps_c__pyext
[9.012s] [ 93%] Built target te_demo__rosidl_typesupport_introspection_c__pyext
[9.056s] [ 96%] [32mBuilding C object CMakeFiles/te_demo__rosidl_typesupport_c__pyext.dir/rosidl_generator_py/te_demo/_te_demo_s.ep.rosidl_typesupport_c.c.o[0m
[9.230s] [100%] [32m[1mLinking C shared library rosidl_generator_py/te_demo/te_demo_s__rosidl_typesupport_c.cpython-310-x86_64-linux-gnu.so[0m
[9.301s] [100%] Built target te_demo__rosidl_typesupport_c__pyext
[9.328s] Invoked command in '/home/solar/myRos2/build/te_demo' returned '0': CMAKE_PREFIX_PATH=/opt/ros/humble /usr/bin/cmake --build /home/solar/myRos2/build/te_demo -- -j2 -l2
[9.349s] Invoking command in '/home/solar/myRos2/build/te_demo': CMAKE_PREFIX_PATH=/opt/ros/humble /usr/bin/cmake --install /home/solar/myRos2/build/te_demo
[9.364s] -- Install configuration: ""
[9.364s] -- Installing: /home/solar/myRos2/install/te_demo/share/ament_index/resource_index/rosidl_interfaces/te_demo
[9.365s] -- Installing: /home/solar/myRos2/install/te_demo/include/te_demo/te_demo
[9.366s] -- Installing: /home/solar/myRos2/install/te_demo/include/te_demo/te_demo/srv
[9.366s] -- Installing: /home/solar/myRos2/install/te_demo/include/te_demo/te_demo/srv/add.h
[9.366s] -- Installing: /home/solar/myRos2/install/te_demo/include/te_demo/te_demo/srv/detail
[9.366s] -- Installing: /home/solar/myRos2/install/te_demo/include/te_demo/te_demo/srv/detail/add__type_support.h
[9.367s] -- Installing: /home/solar/myRos2/install/te_demo/include/te_demo/te_demo/srv/detail/add__struct.h
[9.367s] -- Installing: /home/solar/myRos2/install/te_demo/include/te_demo/te_demo/srv/detail/add__functions.h
[9.367s] -- Installing: /home/solar/myRos2/install/te_demo/include/te_demo/te_demo/srv/detail/add__functions.c
[9.367s] -- Installing: /home/solar/myRos2/install/te_demo/include/te_demo/te_demo/msg
[9.368s] -- Installing: /home/solar/myRos2/install/te_demo/include/te_demo/te_demo/msg/rosidl_generator_c__visibility_control.h
[9.369s] -- Installing: /home/solar/myRos2/install/te_demo/share/te_demo/environment/library_path.sh
[9.369s] -- Installing: /home/solar/myRos2/install/te_demo/share/te_demo/environment/library_path.dsv
[9.369s] -- Installing: /home/solar/myRos2/install/te_demo/lib/libte_demo__rosidl_generator_c.so
[9.369s] -- Set runtime path of "/home/solar/myRos2/install/te_demo/lib/libte_demo__rosidl_generator_c.so" to ""
[9.369s] -- Up-to-date: /home/solar/myRos2/install/te_demo/include/te_demo/te_demo
[9.370s] -- Up-to-date: /home/solar/myRos2/install/te_demo/include/te_demo/te_demo/srv
[9.370s] -- Up-to-date: /home/solar/myRos2/install/te_demo/include/te_demo/te_demo/srv/detail
[9.370s] -- Installing: /home/solar/myRos2/install/te_demo/include/te_demo/te_demo/srv/detail/add__rosidl_typesupport_fastrtps_c.h
[9.370s] -- Up-to-date: /home/solar/myRos2/install/te_demo/include/te_demo/te_demo/msg
[9.370s] -- Installing: /home/solar/myRos2/install/te_demo/include/te_demo/te_demo/msg/rosidl_typesupport_fastrtps_c__visibility_control.h
[9.370s] -- Installing: /home/solar/myRos2/install/te_demo/lib/libte_demo__rosidl_typesupport_fastrtps_c.so
[9.371s] -- Set runtime path of "/home/solar/myRos2/install/te_demo/lib/libte_demo__rosidl_typesupport_fastrtps_c.so" to ""
[9.371s] -- Up-to-date: /home/solar/myRos2/install/te_demo/include/te_demo/te_demo
[9.371s] -- Up-to-date: /home/solar/myRos2/install/te_demo/include/te_demo/te_demo/srv
[9.372s] -- Up-to-date: /home/solar/myRos2/install/te_demo/include/te_demo/te_demo/srv/detail
[9.372s] -- Installing: /home/solar/myRos2/install/te_demo/include/te_demo/te_demo/srv/detail/add__type_support.c
[9.372s] -- Installing: /home/solar/myRos2/install/te_demo/include/te_demo/te_demo/srv/detail/add__rosidl_typesupport_introspection_c.h
[9.372s] -- Up-to-date: /home/solar/myRos2/install/te_demo/include/te_demo/te_demo/msg
[9.372s] -- Installing: /home/solar/myRos2/install/te_demo/include/te_demo/te_demo/msg/rosidl_typesupport_introspection_c__visibility_control.h
[9.372s] -- Installing: /home/solar/myRos2/install/te_demo/lib/libte_demo__rosidl_typesupport_introspection_c.so
[9.373s] -- Set runtime path of "/home/solar/myRos2/install/te_demo/lib/libte_demo__rosidl_typesupport_introspection_c.so" to ""
[9.373s] -- Installing: /home/solar/myRos2/install/te_demo/lib/libte_demo__rosidl_typesupport_c.so
[9.374s] -- Set runtime path of "/home/solar/myRos2/install/te_demo/lib/libte_demo__rosidl_typesupport_c.so" to ""
[9.374s] -- Up-to-date: /home/solar/myRos2/install/te_demo/include/te_demo/te_demo
[9.374s] -- Up-to-date: /home/solar/myRos2/install/te_demo/include/te_demo/te_demo/srv
[9.374s] -- Up-to-date: /home/solar/myRos2/install/te_demo/include/te_demo/te_demo/srv/detail
[9.374s] -- Installing: /home/solar/myRos2/install/te_demo/include/te_demo/te_demo/srv/detail/add__traits.hpp
[9.375s] -- Installing: /home/solar/myRos2/install/te_demo/include/te_demo/te_demo/srv/detail/add__struct.hpp
[9.375s] -- Installing: /home/solar/myRos2/install/te_demo/include/te_demo/te_demo/srv/detail/add__builder.hpp
[9.375s] -- Installing: /home/solar/myRos2/install/te_demo/include/te_demo/te_demo/srv/detail/add__type_support.hpp
[9.376s] -- Installing: /home/solar/myRos2/install/te_demo/include/te_demo/te_demo/srv/add.hpp
[9.376s] -- Up-to-date: /home/solar/myRos2/install/te_demo/include/te_demo/te_demo/msg
[9.376s] -- Installing: /home/solar/myRos2/install/te_demo/include/te_demo/te_demo/msg/rosidl_generator_cpp__visibility_control.hpp
[9.376s] -- Up-to-date: /home/solar/myRos2/install/te_demo/include/te_demo/te_demo
[9.376s] -- Up-to-date: /home/solar/myRos2/install/te_demo/include/te_demo/te_demo/srv
[9.377s] -- Up-to-date: /home/solar/myRos2/install/te_demo/include/te_demo/te_demo/srv/detail
[9.377s] -- Installing: /home/solar/myRos2/install/te_demo/include/te_demo/te_demo/srv/detail/dds_fastrtps
[9.378s] -- Installing: /home/solar/myRos2/install/te_demo/include/te_demo/te_demo/srv/detail/add__rosidl_typesupport_fastrtps_cpp.hpp
[9.378s] -- Up-to-date: /home/solar/myRos2/install/te_demo/include/te_demo/te_demo/msg
[9.380s] -- Installing: /home/solar/myRos2/install/te_demo/include/te_demo/te_demo/msg/rosidl_typesupport_fastrtps_cpp__visibility_control.h
[9.380s] -- Installing: /home/solar/myRos2/install/te_demo/lib/libte_demo__rosidl_typesupport_fastrtps_cpp.so
[9.380s] -- Set runtime path of "/home/solar/myRos2/install/te_demo/lib/libte_demo__rosidl_typesupport_fastrtps_cpp.so" to ""
[9.380s] -- Up-to-date: /home/solar/myRos2/install/te_demo/include/te_demo/te_demo
[9.380s] -- Up-to-date: /home/solar/myRos2/install/te_demo/include/te_demo/te_demo/srv
[9.380s] -- Up-to-date: /home/solar/myRos2/install/te_demo/include/te_demo/te_demo/srv/detail
[9.380s] -- Installing: /home/solar/myRos2/install/te_demo/include/te_demo/te_demo/srv/detail/add__type_support.cpp
[9.381s] -- Installing: /home/solar/myRos2/install/te_demo/include/te_demo/te_demo/srv/detail/add__rosidl_typesupport_introspection_cpp.hpp
[9.381s] -- Installing: /home/solar/myRos2/install/te_demo/lib/libte_demo__rosidl_typesupport_introspection_cpp.so
[9.381s] -- Set runtime path of "/home/solar/myRos2/install/te_demo/lib/libte_demo__rosidl_typesupport_introspection_cpp.so" to ""
[9.381s] -- Installing: /home/solar/myRos2/install/te_demo/lib/libte_demo__rosidl_typesupport_cpp.so
[9.383s] -- Set runtime path of "/home/solar/myRos2/install/te_demo/lib/libte_demo__rosidl_typesupport_cpp.so" to ""
[9.383s] -- Installing: /home/solar/myRos2/install/te_demo/share/te_demo/environment/pythonpath.sh
[9.383s] -- Installing: /home/solar/myRos2/install/te_demo/share/te_demo/environment/pythonpath.dsv
[9.383s] -- Installing: /home/solar/myRos2/install/te_demo/local/lib/python3.10/dist-packages/te_demo-0.0.1-py3.10.egg-info
[9.384s] -- Installing: /home/solar/myRos2/install/te_demo/local/lib/python3.10/dist-packages/te_demo-0.0.1-py3.10.egg-info/top_level.txt
[9.385s] -- Installing: /home/solar/myRos2/install/te_demo/local/lib/python3.10/dist-packages/te_demo-0.0.1-py3.10.egg-info/dependency_links.txt
[9.385s] -- Installing: /home/solar/myRos2/install/te_demo/local/lib/python3.10/dist-packages/te_demo-0.0.1-py3.10.egg-info/PKG-INFO
[9.385s] -- Installing: /home/solar/myRos2/install/te_demo/local/lib/python3.10/dist-packages/te_demo-0.0.1-py3.10.egg-info/SOURCES.txt
[9.385s] -- Installing: /home/solar/myRos2/install/te_demo/local/lib/python3.10/dist-packages/te_demo
[9.386s] -- Installing: /home/solar/myRos2/install/te_demo/local/lib/python3.10/dist-packages/te_demo/te_demo_s__rosidl_typesupport_introspection_c.cpython-310-x86_64-linux-gnu.so
[9.387s] -- Installing: /home/solar/myRos2/install/te_demo/local/lib/python3.10/dist-packages/te_demo/libte_demo__rosidl_generator_py.so
[9.387s] -- Installing: /home/solar/myRos2/install/te_demo/local/lib/python3.10/dist-packages/te_demo/srv
[9.387s] -- Installing: /home/solar/myRos2/install/te_demo/local/lib/python3.10/dist-packages/te_demo/srv/__init__.py
[9.388s] -- Installing: /home/solar/myRos2/install/te_demo/local/lib/python3.10/dist-packages/te_demo/srv/_add_s.c
[9.388s] -- Installing: /home/solar/myRos2/install/te_demo/local/lib/python3.10/dist-packages/te_demo/srv/_add.py
[9.389s] -- Installing: /home/solar/myRos2/install/te_demo/local/lib/python3.10/dist-packages/te_demo/__init__.py
[9.389s] -- Installing: /home/solar/myRos2/install/te_demo/local/lib/python3.10/dist-packages/te_demo/te_demo_s__rosidl_typesupport_fastrtps_c.cpython-310-x86_64-linux-gnu.so
[9.389s] -- Installing: /home/solar/myRos2/install/te_demo/local/lib/python3.10/dist-packages/te_demo/te_demo_s__rosidl_typesupport_c.cpython-310-x86_64-linux-gnu.so
[9.390s] -- Installing: /home/solar/myRos2/install/te_demo/local/lib/python3.10/dist-packages/te_demo/_te_demo_s.ep.rosidl_typesupport_c.c
[9.390s] -- Installing: /home/solar/myRos2/install/te_demo/local/lib/python3.10/dist-packages/te_demo/_te_demo_s.ep.rosidl_typesupport_fastrtps_c.c
[9.390s] -- Installing: /home/solar/myRos2/install/te_demo/local/lib/python3.10/dist-packages/te_demo/_te_demo_s.ep.rosidl_typesupport_introspection_c.c
[9.450s] Listing '/home/solar/myRos2/install/te_demo/local/lib/python3.10/dist-packages/te_demo'...
[9.451s] Compiling '/home/solar/myRos2/install/te_demo/local/lib/python3.10/dist-packages/te_demo/__init__.py'...
[9.451s] Listing '/home/solar/myRos2/install/te_demo/local/lib/python3.10/dist-packages/te_demo/srv'...
[9.451s] Compiling '/home/solar/myRos2/install/te_demo/local/lib/python3.10/dist-packages/te_demo/srv/__init__.py'...
[9.451s] Compiling '/home/solar/myRos2/install/te_demo/local/lib/python3.10/dist-packages/te_demo/srv/_add.py'...
[9.459s] -- Installing: /home/solar/myRos2/install/te_demo/local/lib/python3.10/dist-packages/te_demo/te_demo_s__rosidl_typesupport_fastrtps_c.cpython-310-x86_64-linux-gnu.so
[9.461s] -- Set runtime path of "/home/solar/myRos2/install/te_demo/local/lib/python3.10/dist-packages/te_demo/te_demo_s__rosidl_typesupport_fastrtps_c.cpython-310-x86_64-linux-gnu.so" to ""
[9.461s] -- Installing: /home/solar/myRos2/install/te_demo/local/lib/python3.10/dist-packages/te_demo/te_demo_s__rosidl_typesupport_introspection_c.cpython-310-x86_64-linux-gnu.so
[9.461s] -- Set runtime path of "/home/solar/myRos2/install/te_demo/local/lib/python3.10/dist-packages/te_demo/te_demo_s__rosidl_typesupport_introspection_c.cpython-310-x86_64-linux-gnu.so" to ""
[9.461s] -- Installing: /home/solar/myRos2/install/te_demo/local/lib/python3.10/dist-packages/te_demo/te_demo_s__rosidl_typesupport_c.cpython-310-x86_64-linux-gnu.so
[9.463s] -- Set runtime path of "/home/solar/myRos2/install/te_demo/local/lib/python3.10/dist-packages/te_demo/te_demo_s__rosidl_typesupport_c.cpython-310-x86_64-linux-gnu.so" to ""
[9.463s] -- Installing: /home/solar/myRos2/install/te_demo/lib/libte_demo__rosidl_generator_py.so
[9.464s] -- Set runtime path of "/home/solar/myRos2/install/te_demo/lib/libte_demo__rosidl_generator_py.so" to ""
[9.464s] -- Installing: /home/solar/myRos2/install/te_demo/share/te_demo/srv/Add.idl
[9.465s] -- Installing: /home/solar/myRos2/install/te_demo/share/te_demo/srv/Add.srv
[9.466s] -- Installing: /home/solar/myRos2/install/te_demo/share/te_demo/srv/Add_Request.msg
[9.466s] -- Installing: /home/solar/myRos2/install/te_demo/share/te_demo/srv/Add_Response.msg
[9.467s] -- Installing: /home/solar/myRos2/install/te_demo/share/ament_index/resource_index/package_run_dependencies/te_demo
[9.468s] -- Installing: /home/solar/myRos2/install/te_demo/share/ament_index/resource_index/parent_prefix_path/te_demo
[9.469s] -- Installing: /home/solar/myRos2/install/te_demo/share/te_demo/environment/ament_prefix_path.sh
[9.469s] -- Installing: /home/solar/myRos2/install/te_demo/share/te_demo/environment/ament_prefix_path.dsv
[9.470s] -- Installing: /home/solar/myRos2/install/te_demo/share/te_demo/environment/path.sh
[9.470s] -- Installing: /home/solar/myRos2/install/te_demo/share/te_demo/environment/path.dsv
[9.471s] -- Installing: /home/solar/myRos2/install/te_demo/share/te_demo/local_setup.bash
[9.471s] -- Installing: /home/solar/myRos2/install/te_demo/share/te_demo/local_setup.sh
[9.472s] -- Installing: /home/solar/myRos2/install/te_demo/share/te_demo/local_setup.zsh
[9.472s] -- Installing: /home/solar/myRos2/install/te_demo/share/te_demo/local_setup.dsv
[9.473s] -- Installing: /home/solar/myRos2/install/te_demo/share/te_demo/package.dsv
[9.473s] -- Installing: /home/solar/myRos2/install/te_demo/share/ament_index/resource_index/packages/te_demo
[9.475s] -- Installing: /home/solar/myRos2/install/te_demo/share/te_demo/cmake/export_te_demo__rosidl_generator_cExport.cmake
[9.475s] -- Installing: /home/solar/myRos2/install/te_demo/share/te_demo/cmake/export_te_demo__rosidl_generator_cExport-noconfig.cmake
[9.476s] -- Installing: /home/solar/myRos2/install/te_demo/share/te_demo/cmake/export_te_demo__rosidl_typesupport_fastrtps_cExport.cmake
[9.476s] -- Installing: /home/solar/myRos2/install/te_demo/share/te_demo/cmake/export_te_demo__rosidl_typesupport_fastrtps_cExport-noconfig.cmake
[9.477s] -- Installing: /home/solar/myRos2/install/te_demo/share/te_demo/cmake/te_demo__rosidl_typesupport_introspection_cExport.cmake
[9.477s] -- Installing: /home/solar/myRos2/install/te_demo/share/te_demo/cmake/te_demo__rosidl_typesupport_introspection_cExport-noconfig.cmake
[9.478s] -- Installing: /home/solar/myRos2/install/te_demo/share/te_demo/cmake/te_demo__rosidl_typesupport_cExport.cmake
[9.478s] -- Installing: /home/solar/myRos2/install/te_demo/share/te_demo/cmake/te_demo__rosidl_typesupport_cExport-noconfig.cmake
[9.480s] -- Installing: /home/solar/myRos2/install/te_demo/share/te_demo/cmake/export_te_demo__rosidl_generator_cppExport.cmake
[9.480s] -- Installing: /home/solar/myRos2/install/te_demo/share/te_demo/cmake/export_te_demo__rosidl_typesupport_fastrtps_cppExport.cmake
[9.480s] -- Installing: /home/solar/myRos2/install/te_demo/share/te_demo/cmake/export_te_demo__rosidl_typesupport_fastrtps_cppExport-noconfig.cmake
[9.480s] -- Installing: /home/solar/myRos2/install/te_demo/share/te_demo/cmake/te_demo__rosidl_typesupport_introspection_cppExport.cmake
[9.480s] -- Installing: /home/solar/myRos2/install/te_demo/share/te_demo/cmake/te_demo__rosidl_typesupport_introspection_cppExport-noconfig.cmake
[9.481s] -- Installing: /home/solar/myRos2/install/te_demo/share/te_demo/cmake/te_demo__rosidl_typesupport_cppExport.cmake
[9.481s] -- Installing: /home/solar/myRos2/install/te_demo/share/te_demo/cmake/te_demo__rosidl_typesupport_cppExport-noconfig.cmake
[9.482s] -- Installing: /home/solar/myRos2/install/te_demo/share/te_demo/cmake/export_te_demo__rosidl_generator_pyExport.cmake
[9.482s] -- Installing: /home/solar/myRos2/install/te_demo/share/te_demo/cmake/export_te_demo__rosidl_generator_pyExport-noconfig.cmake
[9.482s] -- Installing: /home/solar/myRos2/install/te_demo/share/te_demo/cmake/rosidl_cmake-extras.cmake
[9.483s] -- Installing: /home/solar/myRos2/install/te_demo/share/te_demo/cmake/ament_cmake_export_include_directories-extras.cmake
[9.483s] -- Installing: /home/solar/myRos2/install/te_demo/share/te_demo/cmake/ament_cmake_export_libraries-extras.cmake
[9.483s] -- Installing: /home/solar/myRos2/install/te_demo/share/te_demo/cmake/ament_cmake_export_targets-extras.cmake
[9.484s] -- Installing: /home/solar/myRos2/install/te_demo/share/te_demo/cmake/rosidl_cmake_export_typesupport_targets-extras.cmake
[9.484s] -- Installing: /home/solar/myRos2/install/te_demo/share/te_demo/cmake/ament_cmake_export_dependencies-extras.cmake
[9.484s] -- Installing: /home/solar/myRos2/install/te_demo/share/te_demo/cmake/rosidl_cmake_export_typesupport_libraries-extras.cmake
[9.485s] -- Installing: /home/solar/myRos2/install/te_demo/share/te_demo/cmake/te_demoConfig.cmake
[9.485s] -- Installing: /home/solar/myRos2/install/te_demo/share/te_demo/cmake/te_demoConfig-version.cmake
[9.485s] -- Installing: /home/solar/myRos2/install/te_demo/share/te_demo/package.xml
[9.492s] Invoked command in '/home/solar/myRos2/build/te_demo' returned '0': CMAKE_PREFIX_PATH=/opt/ros/humble /usr/bin/cmake --install /home/solar/myRos2/build/te_demo
