[0.020s] Invoking command in '/home/solar/myRos2/build/te_demo': CMAKE_PREFIX_PATH=${CMAKE_PREFIX_PATH}:/opt/ros/humble /usr/bin/cmake --build /home/solar/myRos2/build/te_demo -- -j2 -l2
[0.090s] -- Found ament_cmake: 1.3.12 (/opt/ros/humble/share/ament_cmake/cmake)
[0.292s] -- Found rosidl_default_generators: 1.2.0 (/opt/ros/humble/share/rosidl_default_generators/cmake)
[0.295s] -- Using all available rosidl_typesupport_c: rosidl_typesupport_fastrtps_c;rosidl_typesupport_introspection_c
[0.303s] -- Found rosidl_adapter: 3.1.7 (/opt/ros/humble/share/rosidl_adapter/cmake)
[0.352s] -- Using all available rosidl_typesupport_cpp: rosidl_typesupport_fastrtps_cpp;rosidl_typesupport_introspection_cpp
[0.792s] -- Found ament_cmake_ros: 0.10.0 (/opt/ros/humble/share/ament_cmake_ros/cmake)
[1.098s] -- Using all available rosidl_typesupport_c: rosidl_typesupport_fastrtps_c;rosidl_typesupport_introspection_c
[1.481s] -- Using all available rosidl_typesupport_cpp: rosidl_typesupport_fastrtps_cpp;rosidl_typesupport_introspection_cpp
[1.519s] -- Found python_cmake_module: 0.10.0 (/opt/ros/humble/share/python_cmake_module/cmake)
[1.555s] -- Using PYTHON_EXECUTABLE: /usr/bin/python3
[1.555s] -- Using PYTHON_INCLUDE_DIRS: /usr/include/python3.10
[1.555s] -- Using PYTHON_LIBRARIES: /usr/lib/x86_64-linux-gnu/libpython3.10.so
[1.571s] -- Found ament_lint_auto: 0.12.14 (/opt/ros/humble/share/ament_lint_auto/cmake)
[1.587s] -- Added test 'flake8' to check Python code syntax and style conventions
[1.588s] -- Added test 'lint_cmake' to check CMake code style
[1.588s] -- Added test 'pep257' to check Python code against some of the docstring style conventions in PEP 257
[1.590s] -- Added test 'xmllint' to check XML markup files
[1.594s] -- Configuring done
[1.678s] -- Generating done
[1.704s] -- Build files have been written to: /home/solar/myRos2/build/te_demo
[1.755s] [  2%] [34m[1mGenerating C code for ROS interfaces[0m
[1.776s] [  5%] [34m[1mGenerating C++ code for ROS interfaces[0m
[2.405s] [35m[1mConsolidate compiler generated dependencies of target te_demo__rosidl_generator_c[0m
[2.407s] [  5%] Built target te_demo__cpp
[2.432s] [  7%] [32mBuilding C object CMakeFiles/te_demo__rosidl_generator_c.dir/rosidl_generator_c/te_demo/srv/detail/add__functions.c.o[0m
[2.472s] [  7%] Built target ament_cmake_python_copy_te_demo
[2.493s] [ 10%] [34m[1mGenerating C++ type support dispatch for ROS interfaces[0m
[2.538s] [ 12%] [32mBuilding C object CMakeFiles/te_demo__rosidl_generator_c.dir/rosidl_generator_c/te_demo/srv/detail/sum__functions.c.o[0m
[2.633s] [ 15%] [32m[1mLinking C shared library libte_demo__rosidl_generator_c.so[0m
[2.719s] [ 15%] Built target te_demo__rosidl_generator_c
[2.743s] [ 17%] [34m[1mGenerating C++ type support for eProsima Fast-RTPS[0m
[2.889s] [35m[1mConsolidate compiler generated dependencies of target te_demo__rosidl_typesupport_cpp[0m
[2.916s] [ 20%] [32mBuilding CXX object CMakeFiles/te_demo__rosidl_typesupport_cpp.dir/rosidl_typesupport_cpp/te_demo/srv/add__type_support.cpp.o[0m
[3.267s] [35m[1mConsolidate compiler generated dependencies of target te_demo__rosidl_typesupport_fastrtps_cpp[0m
[3.296s] [ 23%] [32mBuilding CXX object CMakeFiles/te_demo__rosidl_typesupport_fastrtps_cpp.dir/rosidl_typesupport_fastrtps_cpp/te_demo/srv/detail/dds_fastrtps/add__type_support.cpp.o[0m
[3.349s] [ 25%] [32mBuilding CXX object CMakeFiles/te_demo__rosidl_typesupport_cpp.dir/rosidl_typesupport_cpp/te_demo/srv/sum__type_support.cpp.o[0m
[3.747s] [ 28%] [32m[1mLinking CXX shared library libte_demo__rosidl_typesupport_cpp.so[0m
[3.829s] [ 28%] Built target te_demo__rosidl_typesupport_cpp
[3.851s] [ 30%] [34m[1mGenerating C++ introspection for ROS interfaces[0m
[4.017s] [ 33%] [32mBuilding CXX object CMakeFiles/te_demo__rosidl_typesupport_fastrtps_cpp.dir/rosidl_typesupport_fastrtps_cpp/te_demo/srv/detail/dds_fastrtps/sum__type_support.cpp.o[0m
[4.328s] [35m[1mConsolidate compiler generated dependencies of target te_demo__rosidl_typesupport_introspection_cpp[0m
[4.360s] [ 35%] [32mBuilding CXX object CMakeFiles/te_demo__rosidl_typesupport_introspection_cpp.dir/rosidl_typesupport_introspection_cpp/te_demo/srv/detail/add__type_support.cpp.o[0m
[4.649s] [ 38%] [32m[1mLinking CXX shared library libte_demo__rosidl_typesupport_fastrtps_cpp.so[0m
[4.815s] [ 38%] Built target te_demo__rosidl_typesupport_fastrtps_cpp
[4.836s] [ 41%] [32mBuilding CXX object CMakeFiles/te_demo__rosidl_typesupport_introspection_cpp.dir/rosidl_typesupport_introspection_cpp/te_demo/srv/detail/sum__type_support.cpp.o[0m
[5.419s] [ 43%] [32m[1mLinking CXX shared library libte_demo__rosidl_typesupport_introspection_cpp.so[0m
[5.502s] [ 43%] Built target te_demo__rosidl_typesupport_introspection_cpp
[5.530s] [ 46%] [34m[1mGenerating C type support for eProsima Fast-RTPS[0m
[5.596s] running egg_info
[5.599s] writing te_demo.egg-info/PKG-INFO
[5.599s] writing dependency_links to te_demo.egg-info/dependency_links.txt
[5.599s] writing top-level names to te_demo.egg-info/top_level.txt
[5.603s] reading manifest file 'te_demo.egg-info/SOURCES.txt'
[5.604s] writing manifest file 'te_demo.egg-info/SOURCES.txt'
[5.654s] [ 46%] Built target ament_cmake_python_build_te_demo_egg
[5.677s] [ 48%] [34m[1mGenerating C introspection for ROS interfaces[0m
[6.051s] [35m[1mConsolidate compiler generated dependencies of target te_demo__rosidl_typesupport_fastrtps_c[0m
[6.084s] [ 51%] [32mBuilding CXX object CMakeFiles/te_demo__rosidl_typesupport_fastrtps_c.dir/rosidl_typesupport_fastrtps_c/te_demo/srv/detail/add__type_support_c.cpp.o[0m
[6.179s] [35m[1mConsolidate compiler generated dependencies of target te_demo__rosidl_typesupport_introspection_c[0m
[6.204s] [ 53%] [32mBuilding C object CMakeFiles/te_demo__rosidl_typesupport_introspection_c.dir/rosidl_typesupport_introspection_c/te_demo/srv/detail/add__type_support.c.o[0m
[6.270s] [ 56%] [32mBuilding C object CMakeFiles/te_demo__rosidl_typesupport_introspection_c.dir/rosidl_typesupport_introspection_c/te_demo/srv/detail/sum__type_support.c.o[0m
[6.338s] [ 58%] [32m[1mLinking C shared library libte_demo__rosidl_typesupport_introspection_c.so[0m
[6.406s] [ 58%] Built target te_demo__rosidl_typesupport_introspection_c
[6.429s] [ 61%] [34m[1mGenerating C type support dispatch for ROS interfaces[0m
[6.624s] [ 64%] [32mBuilding CXX object CMakeFiles/te_demo__rosidl_typesupport_fastrtps_c.dir/rosidl_typesupport_fastrtps_c/te_demo/srv/detail/sum__type_support_c.cpp.o[0m
[6.820s] [35m[1mConsolidate compiler generated dependencies of target te_demo__rosidl_typesupport_c[0m
[6.843s] [ 66%] [32mBuilding CXX object CMakeFiles/te_demo__rosidl_typesupport_c.dir/rosidl_typesupport_c/te_demo/srv/add__type_support.cpp.o[0m
[6.903s] [ 69%] [32mBuilding CXX object CMakeFiles/te_demo__rosidl_typesupport_c.dir/rosidl_typesupport_c/te_demo/srv/sum__type_support.cpp.o[0m
[6.960s] [ 71%] [32m[1mLinking CXX shared library libte_demo__rosidl_typesupport_c.so[0m
[7.043s] [ 71%] Built target te_demo__rosidl_typesupport_c
[7.153s] [ 74%] [32m[1mLinking CXX shared library libte_demo__rosidl_typesupport_fastrtps_c.so[0m
[7.311s] [ 74%] Built target te_demo__rosidl_typesupport_fastrtps_c
[7.358s] [ 74%] Built target te_demo
[7.405s] [ 76%] [34m[1mGenerating Python code for ROS interfaces[0m
[8.208s] [ 76%] Built target te_demo__py
[8.231s] [35m[1mConsolidate compiler generated dependencies of target te_demo__rosidl_generator_py[0m
[8.261s] [ 82%] [32mBuilding C object CMakeFiles/te_demo__rosidl_generator_py.dir/rosidl_generator_py/te_demo/srv/_sum_s.c.o[0m
[8.261s] [ 82%] [32mBuilding C object CMakeFiles/te_demo__rosidl_generator_py.dir/rosidl_generator_py/te_demo/srv/_add_s.c.o[0m
[8.431s] [ 84%] [32m[1mLinking C shared library rosidl_generator_py/te_demo/libte_demo__rosidl_generator_py.so[0m
[8.516s] [ 84%] Built target te_demo__rosidl_generator_py
[8.543s] [35m[1mConsolidate compiler generated dependencies of target te_demo__rosidl_typesupport_fastrtps_c__pyext[0m
[8.543s] [35m[1mConsolidate compiler generated dependencies of target te_demo__rosidl_typesupport_introspection_c__pyext[0m
[8.568s] [ 87%] [32mBuilding C object CMakeFiles/te_demo__rosidl_typesupport_fastrtps_c__pyext.dir/rosidl_generator_py/te_demo/_te_demo_s.ep.rosidl_typesupport_fastrtps_c.c.o[0m
[8.570s] [ 89%] [32mBuilding C object CMakeFiles/te_demo__rosidl_typesupport_introspection_c__pyext.dir/rosidl_generator_py/te_demo/_te_demo_s.ep.rosidl_typesupport_introspection_c.c.o[0m
[8.740s] [ 92%] [32m[1mLinking C shared library rosidl_generator_py/te_demo/te_demo_s__rosidl_typesupport_introspection_c.cpython-310-x86_64-linux-gnu.so[0m
[8.747s] [ 94%] [32m[1mLinking C shared library rosidl_generator_py/te_demo/te_demo_s__rosidl_typesupport_fastrtps_c.cpython-310-x86_64-linux-gnu.so[0m
[8.812s] [ 94%] Built target te_demo__rosidl_typesupport_introspection_c__pyext
[8.818s] [ 94%] Built target te_demo__rosidl_typesupport_fastrtps_c__pyext
[8.835s] [35m[1mConsolidate compiler generated dependencies of target te_demo__rosidl_typesupport_c__pyext[0m
[8.862s] [ 97%] [32mBuilding C object CMakeFiles/te_demo__rosidl_typesupport_c__pyext.dir/rosidl_generator_py/te_demo/_te_demo_s.ep.rosidl_typesupport_c.c.o[0m
[9.029s] [100%] [32m[1mLinking C shared library rosidl_generator_py/te_demo/te_demo_s__rosidl_typesupport_c.cpython-310-x86_64-linux-gnu.so[0m
[9.097s] [100%] Built target te_demo__rosidl_typesupport_c__pyext
[9.125s] Invoked command in '/home/solar/myRos2/build/te_demo' returned '0': CMAKE_PREFIX_PATH=${CMAKE_PREFIX_PATH}:/opt/ros/humble /usr/bin/cmake --build /home/solar/myRos2/build/te_demo -- -j2 -l2
[9.144s] Invoking command in '/home/solar/myRos2/build/te_demo': CMAKE_PREFIX_PATH=${CMAKE_PREFIX_PATH}:/opt/ros/humble /usr/bin/cmake --install /home/solar/myRos2/build/te_demo
[9.160s] -- Install configuration: ""
[9.160s] -- Installing: /home/solar/myRos2/install/te_demo/share/ament_index/resource_index/rosidl_interfaces/te_demo
[9.161s] -- Up-to-date: /home/solar/myRos2/install/te_demo/include/te_demo/te_demo
[9.161s] -- Up-to-date: /home/solar/myRos2/install/te_demo/include/te_demo/te_demo/srv
[9.161s] -- Installing: /home/solar/myRos2/install/te_demo/include/te_demo/te_demo/srv/add.h
[9.161s] -- Up-to-date: /home/solar/myRos2/install/te_demo/include/te_demo/te_demo/srv/detail
[9.161s] -- Installing: /home/solar/myRos2/install/te_demo/include/te_demo/te_demo/srv/detail/add__type_support.h
[9.162s] -- Installing: /home/solar/myRos2/install/te_demo/include/te_demo/te_demo/srv/detail/add__struct.h
[9.162s] -- Installing: /home/solar/myRos2/install/te_demo/include/te_demo/te_demo/srv/detail/sum__functions.c
[9.162s] -- Installing: /home/solar/myRos2/install/te_demo/include/te_demo/te_demo/srv/detail/sum__struct.h
[9.163s] -- Installing: /home/solar/myRos2/install/te_demo/include/te_demo/te_demo/srv/detail/sum__type_support.h
[9.163s] -- Installing: /home/solar/myRos2/install/te_demo/include/te_demo/te_demo/srv/detail/sum__functions.h
[9.163s] -- Installing: /home/solar/myRos2/install/te_demo/include/te_demo/te_demo/srv/detail/add__functions.h
[9.163s] -- Installing: /home/solar/myRos2/install/te_demo/include/te_demo/te_demo/srv/detail/add__functions.c
[9.164s] -- Installing: /home/solar/myRos2/install/te_demo/include/te_demo/te_demo/srv/sum.h
[9.164s] -- Up-to-date: /home/solar/myRos2/install/te_demo/include/te_demo/te_demo/msg
[9.164s] -- Up-to-date: /home/solar/myRos2/install/te_demo/include/te_demo/te_demo/msg/rosidl_generator_c__visibility_control.h
[9.165s] -- Up-to-date: /home/solar/myRos2/install/te_demo/share/te_demo/environment/library_path.sh
[9.165s] -- Installing: /home/solar/myRos2/install/te_demo/share/te_demo/environment/library_path.dsv
[9.165s] -- Installing: /home/solar/myRos2/install/te_demo/lib/libte_demo__rosidl_generator_c.so
[9.166s] -- Set runtime path of "/home/solar/myRos2/install/te_demo/lib/libte_demo__rosidl_generator_c.so" to ""
[9.166s] -- Up-to-date: /home/solar/myRos2/install/te_demo/include/te_demo/te_demo
[9.167s] -- Up-to-date: /home/solar/myRos2/install/te_demo/include/te_demo/te_demo/srv
[9.167s] -- Up-to-date: /home/solar/myRos2/install/te_demo/include/te_demo/te_demo/srv/detail
[9.167s] -- Installing: /home/solar/myRos2/install/te_demo/include/te_demo/te_demo/srv/detail/sum__rosidl_typesupport_fastrtps_c.h
[9.168s] -- Installing: /home/solar/myRos2/install/te_demo/include/te_demo/te_demo/srv/detail/add__rosidl_typesupport_fastrtps_c.h
[9.169s] -- Up-to-date: /home/solar/myRos2/install/te_demo/include/te_demo/te_demo/msg
[9.169s] -- Up-to-date: /home/solar/myRos2/install/te_demo/include/te_demo/te_demo/msg/rosidl_typesupport_fastrtps_c__visibility_control.h
[9.169s] -- Installing: /home/solar/myRos2/install/te_demo/lib/libte_demo__rosidl_typesupport_fastrtps_c.so
[9.169s] -- Set runtime path of "/home/solar/myRos2/install/te_demo/lib/libte_demo__rosidl_typesupport_fastrtps_c.so" to ""
[9.169s] -- Up-to-date: /home/solar/myRos2/install/te_demo/include/te_demo/te_demo
[9.169s] -- Up-to-date: /home/solar/myRos2/install/te_demo/include/te_demo/te_demo/srv
[9.169s] -- Up-to-date: /home/solar/myRos2/install/te_demo/include/te_demo/te_demo/srv/detail
[9.169s] -- Installing: /home/solar/myRos2/install/te_demo/include/te_demo/te_demo/srv/detail/add__type_support.c
[9.169s] -- Installing: /home/solar/myRos2/install/te_demo/include/te_demo/te_demo/srv/detail/sum__type_support.c
[9.169s] -- Installing: /home/solar/myRos2/install/te_demo/include/te_demo/te_demo/srv/detail/sum__rosidl_typesupport_introspection_c.h
[9.170s] -- Installing: /home/solar/myRos2/install/te_demo/include/te_demo/te_demo/srv/detail/add__rosidl_typesupport_introspection_c.h
[9.170s] -- Up-to-date: /home/solar/myRos2/install/te_demo/include/te_demo/te_demo/msg
[9.170s] -- Up-to-date: /home/solar/myRos2/install/te_demo/include/te_demo/te_demo/msg/rosidl_typesupport_introspection_c__visibility_control.h
[9.171s] -- Installing: /home/solar/myRos2/install/te_demo/lib/libte_demo__rosidl_typesupport_introspection_c.so
[9.171s] -- Set runtime path of "/home/solar/myRos2/install/te_demo/lib/libte_demo__rosidl_typesupport_introspection_c.so" to ""
[9.172s] -- Installing: /home/solar/myRos2/install/te_demo/lib/libte_demo__rosidl_typesupport_c.so
[9.173s] -- Set runtime path of "/home/solar/myRos2/install/te_demo/lib/libte_demo__rosidl_typesupport_c.so" to ""
[9.173s] -- Up-to-date: /home/solar/myRos2/install/te_demo/include/te_demo/te_demo
[9.173s] -- Up-to-date: /home/solar/myRos2/install/te_demo/include/te_demo/te_demo/srv
[9.173s] -- Installing: /home/solar/myRos2/install/te_demo/include/te_demo/te_demo/srv/sum.hpp
[9.173s] -- Up-to-date: /home/solar/myRos2/install/te_demo/include/te_demo/te_demo/srv/detail
[9.173s] -- Installing: /home/solar/myRos2/install/te_demo/include/te_demo/te_demo/srv/detail/sum__struct.hpp
[9.174s] -- Installing: /home/solar/myRos2/install/te_demo/include/te_demo/te_demo/srv/detail/sum__traits.hpp
[9.174s] -- Installing: /home/solar/myRos2/install/te_demo/include/te_demo/te_demo/srv/detail/add__traits.hpp
[9.175s] -- Installing: /home/solar/myRos2/install/te_demo/include/te_demo/te_demo/srv/detail/sum__builder.hpp
[9.176s] -- Installing: /home/solar/myRos2/install/te_demo/include/te_demo/te_demo/srv/detail/add__struct.hpp
[9.176s] -- Installing: /home/solar/myRos2/install/te_demo/include/te_demo/te_demo/srv/detail/sum__type_support.hpp
[9.176s] -- Installing: /home/solar/myRos2/install/te_demo/include/te_demo/te_demo/srv/detail/add__builder.hpp
[9.177s] -- Installing: /home/solar/myRos2/install/te_demo/include/te_demo/te_demo/srv/detail/add__type_support.hpp
[9.177s] -- Installing: /home/solar/myRos2/install/te_demo/include/te_demo/te_demo/srv/add.hpp
[9.177s] -- Up-to-date: /home/solar/myRos2/install/te_demo/include/te_demo/te_demo/msg
[9.178s] -- Up-to-date: /home/solar/myRos2/install/te_demo/include/te_demo/te_demo/msg/rosidl_generator_cpp__visibility_control.hpp
[9.178s] -- Up-to-date: /home/solar/myRos2/install/te_demo/include/te_demo/te_demo
[9.178s] -- Up-to-date: /home/solar/myRos2/install/te_demo/include/te_demo/te_demo/srv
[9.178s] -- Up-to-date: /home/solar/myRos2/install/te_demo/include/te_demo/te_demo/srv/detail
[9.178s] -- Up-to-date: /home/solar/myRos2/install/te_demo/include/te_demo/te_demo/srv/detail/dds_fastrtps
[9.179s] -- Installing: /home/solar/myRos2/install/te_demo/include/te_demo/te_demo/srv/detail/add__rosidl_typesupport_fastrtps_cpp.hpp
[9.179s] -- Installing: /home/solar/myRos2/install/te_demo/include/te_demo/te_demo/srv/detail/sum__rosidl_typesupport_fastrtps_cpp.hpp
[9.179s] -- Up-to-date: /home/solar/myRos2/install/te_demo/include/te_demo/te_demo/msg
[9.179s] -- Up-to-date: /home/solar/myRos2/install/te_demo/include/te_demo/te_demo/msg/rosidl_typesupport_fastrtps_cpp__visibility_control.h
[9.179s] -- Installing: /home/solar/myRos2/install/te_demo/lib/libte_demo__rosidl_typesupport_fastrtps_cpp.so
[9.180s] -- Set runtime path of "/home/solar/myRos2/install/te_demo/lib/libte_demo__rosidl_typesupport_fastrtps_cpp.so" to ""
[9.180s] -- Up-to-date: /home/solar/myRos2/install/te_demo/include/te_demo/te_demo
[9.181s] -- Up-to-date: /home/solar/myRos2/install/te_demo/include/te_demo/te_demo/srv
[9.181s] -- Up-to-date: /home/solar/myRos2/install/te_demo/include/te_demo/te_demo/srv/detail
[9.181s] -- Installing: /home/solar/myRos2/install/te_demo/include/te_demo/te_demo/srv/detail/sum__rosidl_typesupport_introspection_cpp.hpp
[9.181s] -- Installing: /home/solar/myRos2/install/te_demo/include/te_demo/te_demo/srv/detail/add__type_support.cpp
[9.181s] -- Installing: /home/solar/myRos2/install/te_demo/include/te_demo/te_demo/srv/detail/sum__type_support.cpp
[9.182s] -- Installing: /home/solar/myRos2/install/te_demo/include/te_demo/te_demo/srv/detail/add__rosidl_typesupport_introspection_cpp.hpp
[9.182s] -- Installing: /home/solar/myRos2/install/te_demo/lib/libte_demo__rosidl_typesupport_introspection_cpp.so
[9.183s] -- Set runtime path of "/home/solar/myRos2/install/te_demo/lib/libte_demo__rosidl_typesupport_introspection_cpp.so" to ""
[9.183s] -- Installing: /home/solar/myRos2/install/te_demo/lib/libte_demo__rosidl_typesupport_cpp.so
[9.184s] -- Set runtime path of "/home/solar/myRos2/install/te_demo/lib/libte_demo__rosidl_typesupport_cpp.so" to ""
[9.185s] -- Up-to-date: /home/solar/myRos2/install/te_demo/share/te_demo/environment/pythonpath.sh
[9.185s] -- Installing: /home/solar/myRos2/install/te_demo/share/te_demo/environment/pythonpath.dsv
[9.185s] -- Up-to-date: /home/solar/myRos2/install/te_demo/local/lib/python3.10/dist-packages/te_demo-0.0.1-py3.10.egg-info
[9.185s] -- Installing: /home/solar/myRos2/install/te_demo/local/lib/python3.10/dist-packages/te_demo-0.0.1-py3.10.egg-info/top_level.txt
[9.185s] -- Installing: /home/solar/myRos2/install/te_demo/local/lib/python3.10/dist-packages/te_demo-0.0.1-py3.10.egg-info/dependency_links.txt
[9.186s] -- Installing: /home/solar/myRos2/install/te_demo/local/lib/python3.10/dist-packages/te_demo-0.0.1-py3.10.egg-info/PKG-INFO
[9.186s] -- Installing: /home/solar/myRos2/install/te_demo/local/lib/python3.10/dist-packages/te_demo-0.0.1-py3.10.egg-info/SOURCES.txt
[9.186s] -- Up-to-date: /home/solar/myRos2/install/te_demo/local/lib/python3.10/dist-packages/te_demo
[9.188s] -- Installing: /home/solar/myRos2/install/te_demo/local/lib/python3.10/dist-packages/te_demo/te_demo_s__rosidl_typesupport_introspection_c.cpython-310-x86_64-linux-gnu.so
[9.188s] -- Installing: /home/solar/myRos2/install/te_demo/local/lib/python3.10/dist-packages/te_demo/libte_demo__rosidl_generator_py.so
[9.189s] -- Up-to-date: /home/solar/myRos2/install/te_demo/local/lib/python3.10/dist-packages/te_demo/srv
[9.189s] -- Installing: /home/solar/myRos2/install/te_demo/local/lib/python3.10/dist-packages/te_demo/srv/__init__.py
[9.189s] -- Installing: /home/solar/myRos2/install/te_demo/local/lib/python3.10/dist-packages/te_demo/srv/_add_s.c
[9.189s] -- Installing: /home/solar/myRos2/install/te_demo/local/lib/python3.10/dist-packages/te_demo/srv/_sum_s.c
[9.189s] -- Installing: /home/solar/myRos2/install/te_demo/local/lib/python3.10/dist-packages/te_demo/srv/_sum.py
[9.189s] -- Installing: /home/solar/myRos2/install/te_demo/local/lib/python3.10/dist-packages/te_demo/srv/_add.py
[9.191s] -- Installing: /home/solar/myRos2/install/te_demo/local/lib/python3.10/dist-packages/te_demo/__init__.py
[9.191s] -- Installing: /home/solar/myRos2/install/te_demo/local/lib/python3.10/dist-packages/te_demo/te_demo_s__rosidl_typesupport_fastrtps_c.cpython-310-x86_64-linux-gnu.so
[9.191s] -- Installing: /home/solar/myRos2/install/te_demo/local/lib/python3.10/dist-packages/te_demo/te_demo_s__rosidl_typesupport_c.cpython-310-x86_64-linux-gnu.so
[9.192s] -- Installing: /home/solar/myRos2/install/te_demo/local/lib/python3.10/dist-packages/te_demo/_te_demo_s.ep.rosidl_typesupport_c.c
[9.192s] -- Installing: /home/solar/myRos2/install/te_demo/local/lib/python3.10/dist-packages/te_demo/_te_demo_s.ep.rosidl_typesupport_fastrtps_c.c
[9.192s] -- Installing: /home/solar/myRos2/install/te_demo/local/lib/python3.10/dist-packages/te_demo/_te_demo_s.ep.rosidl_typesupport_introspection_c.c
[9.258s] Listing '/home/solar/myRos2/install/te_demo/local/lib/python3.10/dist-packages/te_demo'...
[9.258s] Compiling '/home/solar/myRos2/install/te_demo/local/lib/python3.10/dist-packages/te_demo/__init__.py'...
[9.258s] Listing '/home/solar/myRos2/install/te_demo/local/lib/python3.10/dist-packages/te_demo/srv'...
[9.258s] Compiling '/home/solar/myRos2/install/te_demo/local/lib/python3.10/dist-packages/te_demo/srv/__init__.py'...
[9.258s] Compiling '/home/solar/myRos2/install/te_demo/local/lib/python3.10/dist-packages/te_demo/srv/_add.py'...
[9.259s] Compiling '/home/solar/myRos2/install/te_demo/local/lib/python3.10/dist-packages/te_demo/srv/_sum.py'...
[9.267s] -- Installing: /home/solar/myRos2/install/te_demo/local/lib/python3.10/dist-packages/te_demo/te_demo_s__rosidl_typesupport_fastrtps_c.cpython-310-x86_64-linux-gnu.so
[9.267s] -- Set runtime path of "/home/solar/myRos2/install/te_demo/local/lib/python3.10/dist-packages/te_demo/te_demo_s__rosidl_typesupport_fastrtps_c.cpython-310-x86_64-linux-gnu.so" to ""
[9.268s] -- Installing: /home/solar/myRos2/install/te_demo/local/lib/python3.10/dist-packages/te_demo/te_demo_s__rosidl_typesupport_introspection_c.cpython-310-x86_64-linux-gnu.so
[9.268s] -- Set runtime path of "/home/solar/myRos2/install/te_demo/local/lib/python3.10/dist-packages/te_demo/te_demo_s__rosidl_typesupport_introspection_c.cpython-310-x86_64-linux-gnu.so" to ""
[9.269s] -- Installing: /home/solar/myRos2/install/te_demo/local/lib/python3.10/dist-packages/te_demo/te_demo_s__rosidl_typesupport_c.cpython-310-x86_64-linux-gnu.so
[9.269s] -- Set runtime path of "/home/solar/myRos2/install/te_demo/local/lib/python3.10/dist-packages/te_demo/te_demo_s__rosidl_typesupport_c.cpython-310-x86_64-linux-gnu.so" to ""
[9.269s] -- Installing: /home/solar/myRos2/install/te_demo/lib/libte_demo__rosidl_generator_py.so
[9.270s] -- Set runtime path of "/home/solar/myRos2/install/te_demo/lib/libte_demo__rosidl_generator_py.so" to ""
[9.271s] -- Up-to-date: /home/solar/myRos2/install/te_demo/share/te_demo/srv/Add.idl
[9.271s] -- Installing: /home/solar/myRos2/install/te_demo/share/te_demo/srv/Sum.idl
[9.271s] -- Up-to-date: /home/solar/myRos2/install/te_demo/share/te_demo/srv/Add.srv
[9.271s] -- Up-to-date: /home/solar/myRos2/install/te_demo/share/te_demo/srv/Add_Request.msg
[9.272s] -- Up-to-date: /home/solar/myRos2/install/te_demo/share/te_demo/srv/Add_Response.msg
[9.272s] -- Installing: /home/solar/myRos2/install/te_demo/share/te_demo/srv/Sum.srv
[9.272s] -- Installing: /home/solar/myRos2/install/te_demo/share/te_demo/srv/Sum_Request.msg
[9.272s] -- Installing: /home/solar/myRos2/install/te_demo/share/te_demo/srv/Sum_Response.msg
[9.273s] -- Up-to-date: /home/solar/myRos2/install/te_demo/lib/te_demo/server
[9.273s] -- Up-to-date: /home/solar/myRos2/install/te_demo/lib/te_demo/cli
[9.273s] -- Installing: /home/solar/myRos2/install/te_demo/lib/te_demo/sum_server
[9.274s] -- Installing: /home/solar/myRos2/install/te_demo/lib/te_demo/sum_client
[9.274s] -- Up-to-date: /home/solar/myRos2/install/te_demo/share/ament_index/resource_index/package_run_dependencies/te_demo
[9.274s] -- Up-to-date: /home/solar/myRos2/install/te_demo/share/ament_index/resource_index/parent_prefix_path/te_demo
[9.275s] -- Up-to-date: /home/solar/myRos2/install/te_demo/share/te_demo/environment/ament_prefix_path.sh
[9.275s] -- Installing: /home/solar/myRos2/install/te_demo/share/te_demo/environment/ament_prefix_path.dsv
[9.275s] -- Up-to-date: /home/solar/myRos2/install/te_demo/share/te_demo/environment/path.sh
[9.275s] -- Installing: /home/solar/myRos2/install/te_demo/share/te_demo/environment/path.dsv
[9.276s] -- Up-to-date: /home/solar/myRos2/install/te_demo/share/te_demo/local_setup.bash
[9.276s] -- Up-to-date: /home/solar/myRos2/install/te_demo/share/te_demo/local_setup.sh
[9.276s] -- Up-to-date: /home/solar/myRos2/install/te_demo/share/te_demo/local_setup.zsh
[9.277s] -- Installing: /home/solar/myRos2/install/te_demo/share/te_demo/local_setup.dsv
[9.278s] -- Installing: /home/solar/myRos2/install/te_demo/share/te_demo/package.dsv
[9.278s] -- Up-to-date: /home/solar/myRos2/install/te_demo/share/ament_index/resource_index/packages/te_demo
[9.278s] -- Up-to-date: /home/solar/myRos2/install/te_demo/share/te_demo/cmake/export_te_demo__rosidl_generator_cExport.cmake
[9.278s] -- Up-to-date: /home/solar/myRos2/install/te_demo/share/te_demo/cmake/export_te_demo__rosidl_generator_cExport-noconfig.cmake
[9.278s] -- Up-to-date: /home/solar/myRos2/install/te_demo/share/te_demo/cmake/export_te_demo__rosidl_typesupport_fastrtps_cExport.cmake
[9.278s] -- Up-to-date: /home/solar/myRos2/install/te_demo/share/te_demo/cmake/export_te_demo__rosidl_typesupport_fastrtps_cExport-noconfig.cmake
[9.279s] -- Up-to-date: /home/solar/myRos2/install/te_demo/share/te_demo/cmake/te_demo__rosidl_typesupport_introspection_cExport.cmake
[9.279s] -- Up-to-date: /home/solar/myRos2/install/te_demo/share/te_demo/cmake/te_demo__rosidl_typesupport_introspection_cExport-noconfig.cmake
[9.279s] -- Up-to-date: /home/solar/myRos2/install/te_demo/share/te_demo/cmake/te_demo__rosidl_typesupport_cExport.cmake
[9.279s] -- Up-to-date: /home/solar/myRos2/install/te_demo/share/te_demo/cmake/te_demo__rosidl_typesupport_cExport-noconfig.cmake
[9.279s] -- Up-to-date: /home/solar/myRos2/install/te_demo/share/te_demo/cmake/export_te_demo__rosidl_generator_cppExport.cmake
[9.279s] -- Up-to-date: /home/solar/myRos2/install/te_demo/share/te_demo/cmake/export_te_demo__rosidl_typesupport_fastrtps_cppExport.cmake
[9.279s] -- Up-to-date: /home/solar/myRos2/install/te_demo/share/te_demo/cmake/export_te_demo__rosidl_typesupport_fastrtps_cppExport-noconfig.cmake
[9.280s] -- Up-to-date: /home/solar/myRos2/install/te_demo/share/te_demo/cmake/te_demo__rosidl_typesupport_introspection_cppExport.cmake
[9.280s] -- Up-to-date: /home/solar/myRos2/install/te_demo/share/te_demo/cmake/te_demo__rosidl_typesupport_introspection_cppExport-noconfig.cmake
[9.280s] -- Up-to-date: /home/solar/myRos2/install/te_demo/share/te_demo/cmake/te_demo__rosidl_typesupport_cppExport.cmake
[9.280s] -- Up-to-date: /home/solar/myRos2/install/te_demo/share/te_demo/cmake/te_demo__rosidl_typesupport_cppExport-noconfig.cmake
[9.280s] -- Up-to-date: /home/solar/myRos2/install/te_demo/share/te_demo/cmake/export_te_demo__rosidl_generator_pyExport.cmake
[9.281s] -- Up-to-date: /home/solar/myRos2/install/te_demo/share/te_demo/cmake/export_te_demo__rosidl_generator_pyExport-noconfig.cmake
[9.281s] -- Installing: /home/solar/myRos2/install/te_demo/share/te_demo/cmake/rosidl_cmake-extras.cmake
[9.281s] -- Up-to-date: /home/solar/myRos2/install/te_demo/share/te_demo/cmake/ament_cmake_export_include_directories-extras.cmake
[9.281s] -- Up-to-date: /home/solar/myRos2/install/te_demo/share/te_demo/cmake/ament_cmake_export_libraries-extras.cmake
[9.282s] -- Up-to-date: /home/solar/myRos2/install/te_demo/share/te_demo/cmake/ament_cmake_export_targets-extras.cmake
[9.282s] -- Up-to-date: /home/solar/myRos2/install/te_demo/share/te_demo/cmake/rosidl_cmake_export_typesupport_targets-extras.cmake
[9.282s] -- Up-to-date: /home/solar/myRos2/install/te_demo/share/te_demo/cmake/ament_cmake_export_dependencies-extras.cmake
[9.282s] -- Up-to-date: /home/solar/myRos2/install/te_demo/share/te_demo/cmake/rosidl_cmake_export_typesupport_libraries-extras.cmake
[9.282s] -- Up-to-date: /home/solar/myRos2/install/te_demo/share/te_demo/cmake/te_demoConfig.cmake
[9.282s] -- Up-to-date: /home/solar/myRos2/install/te_demo/share/te_demo/cmake/te_demoConfig-version.cmake
[9.282s] -- Up-to-date: /home/solar/myRos2/install/te_demo/share/te_demo/package.xml
[9.287s] Invoked command in '/home/solar/myRos2/build/te_demo' returned '0': CMAKE_PREFIX_PATH=${CMAKE_PREFIX_PATH}:/opt/ros/humble /usr/bin/cmake --install /home/solar/myRos2/build/te_demo
