[0.159s] DEBUG:colcon:Command line arguments: ['/usr/bin/colcon', 'build']
[0.160s] DEBUG:colcon:Parsed command line arguments: Namespace(log_base=None, log_level=None, verb_name='build', build_base='build', install_base='install', merge_install=False, symlink_install=False, test_result_base=None, continue_on_error=False, executor='parallel', parallel_workers=2, event_handlers=None, ignore_user_meta=False, metas=['./colcon.meta'], base_paths=['.'], packages_ignore=None, packages_ignore_regex=None, paths=None, packages_up_to=None, packages_up_to_regex=None, packages_above=None, packages_above_and_dependencies=None, packages_above_depth=None, packages_select_by_dep=None, packages_skip_by_dep=None, packages_skip_up_to=None, packages_select_build_failed=False, packages_skip_build_finished=False, packages_select_test_failures=False, packages_skip_test_passed=False, packages_select=None, packages_skip=None, packages_select_regex=None, packages_skip_regex=None, packages_start=None, packages_end=None, allow_overriding=[], cmake_args=None, cmake_target=None, cmake_target_skip_unavailable=False, cmake_clean_cache=False, cmake_clean_first=False, cmake_force_configure=False, ament_cmake_args=None, catkin_cmake_args=None, catkin_skip_building_tests=False, verb_parser=<colcon_defaults.argument_parser.defaults.DefaultArgumentsDecorator object at 0x7933dcb9f100>, verb_extension=<colcon_core.verb.build.BuildVerb object at 0x7933dcdd4760>, main=<bound method BuildVerb.main of <colcon_core.verb.build.BuildVerb object at 0x7933dcdd4760>>)
[0.395s] Level 1:colcon.colcon_core.package_discovery:discover_packages(colcon_meta) check parameters
[0.395s] Level 1:colcon.colcon_core.package_discovery:discover_packages(recursive) check parameters
[0.395s] Level 1:colcon.colcon_core.package_discovery:discover_packages(ignore) check parameters
[0.395s] Level 1:colcon.colcon_core.package_discovery:discover_packages(path) check parameters
[0.395s] Level 1:colcon.colcon_core.package_discovery:discover_packages(colcon_meta) discover
[0.395s] Level 1:colcon.colcon_core.package_discovery:discover_packages(recursive) discover
[0.395s] INFO:colcon.colcon_core.package_discovery:Crawling recursively for packages in '/home/solar/myRos2'
[0.395s] Level 1:colcon.colcon_core.package_identification:_identify(.) by extensions ['ignore', 'ignore_ament_install']
[0.396s] Level 1:colcon.colcon_core.package_identification:_identify(.) by extension 'ignore'
[0.396s] Level 1:colcon.colcon_core.package_identification:_identify(.) by extension 'ignore_ament_install'
[0.396s] Level 1:colcon.colcon_core.package_identification:_identify(.) by extensions ['colcon_pkg']
[0.396s] Level 1:colcon.colcon_core.package_identification:_identify(.) by extension 'colcon_pkg'
[0.396s] Level 1:colcon.colcon_core.package_identification:_identify(.) by extensions ['colcon_meta']
[0.396s] Level 1:colcon.colcon_core.package_identification:_identify(.) by extension 'colcon_meta'
[0.396s] Level 1:colcon.colcon_core.package_identification:_identify(.) by extensions ['ros']
[0.396s] Level 1:colcon.colcon_core.package_identification:_identify(.) by extension 'ros'
[0.413s] Level 1:colcon.colcon_core.package_identification:_identify(.) by extensions ['cmake', 'python']
[0.414s] Level 1:colcon.colcon_core.package_identification:_identify(.) by extension 'cmake'
[0.414s] Level 1:colcon.colcon_core.package_identification:_identify(.) by extension 'python'
[0.414s] Level 1:colcon.colcon_core.package_identification:_identify(.) by extensions ['python_setup_py']
[0.414s] Level 1:colcon.colcon_core.package_identification:_identify(.) by extension 'python_setup_py'
[0.414s] Level 1:colcon.colcon_core.package_identification:_identify(build) by extensions ['ignore', 'ignore_ament_install']
[0.414s] Level 1:colcon.colcon_core.package_identification:_identify(build) by extension 'ignore'
[0.414s] Level 1:colcon.colcon_core.package_identification:_identify(build) ignored
[0.415s] Level 1:colcon.colcon_core.package_identification:_identify(install) by extensions ['ignore', 'ignore_ament_install']
[0.415s] Level 1:colcon.colcon_core.package_identification:_identify(install) by extension 'ignore'
[0.415s] Level 1:colcon.colcon_core.package_identification:_identify(install) ignored
[0.415s] Level 1:colcon.colcon_core.package_identification:_identify(log) by extensions ['ignore', 'ignore_ament_install']
[0.415s] Level 1:colcon.colcon_core.package_identification:_identify(log) by extension 'ignore'
[0.415s] Level 1:colcon.colcon_core.package_identification:_identify(log) ignored
[0.415s] Level 1:colcon.colcon_core.package_identification:_identify(src) by extensions ['ignore', 'ignore_ament_install']
[0.415s] Level 1:colcon.colcon_core.package_identification:_identify(src) by extension 'ignore'
[0.416s] Level 1:colcon.colcon_core.package_identification:_identify(src) by extension 'ignore_ament_install'
[0.416s] Level 1:colcon.colcon_core.package_identification:_identify(src) by extensions ['colcon_pkg']
[0.416s] Level 1:colcon.colcon_core.package_identification:_identify(src) by extension 'colcon_pkg'
[0.416s] Level 1:colcon.colcon_core.package_identification:_identify(src) by extensions ['colcon_meta']
[0.416s] Level 1:colcon.colcon_core.package_identification:_identify(src) by extension 'colcon_meta'
[0.416s] Level 1:colcon.colcon_core.package_identification:_identify(src) by extensions ['ros']
[0.416s] Level 1:colcon.colcon_core.package_identification:_identify(src) by extension 'ros'
[0.416s] Level 1:colcon.colcon_core.package_identification:_identify(src) by extensions ['cmake', 'python']
[0.416s] Level 1:colcon.colcon_core.package_identification:_identify(src) by extension 'cmake'
[0.416s] Level 1:colcon.colcon_core.package_identification:_identify(src) by extension 'python'
[0.416s] Level 1:colcon.colcon_core.package_identification:_identify(src) by extensions ['python_setup_py']
[0.416s] Level 1:colcon.colcon_core.package_identification:_identify(src) by extension 'python_setup_py'
[0.416s] Level 1:colcon.colcon_core.package_identification:_identify(src/te_demo) by extensions ['ignore', 'ignore_ament_install']
[0.416s] Level 1:colcon.colcon_core.package_identification:_identify(src/te_demo) by extension 'ignore'
[0.416s] Level 1:colcon.colcon_core.package_identification:_identify(src/te_demo) by extension 'ignore_ament_install'
[0.417s] Level 1:colcon.colcon_core.package_identification:_identify(src/te_demo) by extensions ['colcon_pkg']
[0.417s] Level 1:colcon.colcon_core.package_identification:_identify(src/te_demo) by extension 'colcon_pkg'
[0.417s] Level 1:colcon.colcon_core.package_identification:_identify(src/te_demo) by extensions ['colcon_meta']
[0.417s] Level 1:colcon.colcon_core.package_identification:_identify(src/te_demo) by extension 'colcon_meta'
[0.417s] Level 1:colcon.colcon_core.package_identification:_identify(src/te_demo) by extensions ['ros']
[0.417s] Level 1:colcon.colcon_core.package_identification:_identify(src/te_demo) by extension 'ros'
[0.420s] DEBUG:colcon.colcon_core.package_identification:Package 'src/te_demo' with type 'ros.ament_cmake' and name 'te_demo'
[0.420s] Level 1:colcon.colcon_core.package_discovery:discover_packages(recursive) using defaults
[0.420s] Level 1:colcon.colcon_core.package_discovery:discover_packages(ignore) discover
[0.420s] Level 1:colcon.colcon_core.package_discovery:discover_packages(ignore) using defaults
[0.420s] Level 1:colcon.colcon_core.package_discovery:discover_packages(path) discover
[0.420s] Level 1:colcon.colcon_core.package_discovery:discover_packages(path) using defaults
[0.451s] Level 1:colcon.colcon_core.package_discovery:discover_packages(prefix_path) check parameters
[0.451s] Level 1:colcon.colcon_core.package_discovery:discover_packages(prefix_path) discover
[0.455s] DEBUG:colcon.colcon_installed_package_information.package_discovery:Found 1 installed packages in /home/solar/myRos2/install
[0.458s] DEBUG:colcon.colcon_installed_package_information.package_discovery:Found 271 installed packages in /opt/ros/humble
[0.461s] Level 1:colcon.colcon_core.package_discovery:discover_packages(prefix_path) using defaults
[0.532s] Level 5:colcon.colcon_core.verb:set package 'te_demo' build argument 'cmake_args' from command line to 'None'
[0.532s] Level 5:colcon.colcon_core.verb:set package 'te_demo' build argument 'cmake_target' from command line to 'None'
[0.533s] Level 5:colcon.colcon_core.verb:set package 'te_demo' build argument 'cmake_target_skip_unavailable' from command line to 'False'
[0.533s] Level 5:colcon.colcon_core.verb:set package 'te_demo' build argument 'cmake_clean_cache' from command line to 'False'
[0.533s] Level 5:colcon.colcon_core.verb:set package 'te_demo' build argument 'cmake_clean_first' from command line to 'False'
[0.533s] Level 5:colcon.colcon_core.verb:set package 'te_demo' build argument 'cmake_force_configure' from command line to 'False'
[0.533s] Level 5:colcon.colcon_core.verb:set package 'te_demo' build argument 'ament_cmake_args' from command line to 'None'
[0.533s] Level 5:colcon.colcon_core.verb:set package 'te_demo' build argument 'catkin_cmake_args' from command line to 'None'
[0.533s] Level 5:colcon.colcon_core.verb:set package 'te_demo' build argument 'catkin_skip_building_tests' from command line to 'False'
[0.533s] DEBUG:colcon.colcon_core.verb:Building package 'te_demo' with the following arguments: {'ament_cmake_args': None, 'build_base': '/home/solar/myRos2/build/te_demo', 'catkin_cmake_args': None, 'catkin_skip_building_tests': False, 'cmake_args': None, 'cmake_clean_cache': False, 'cmake_clean_first': False, 'cmake_force_configure': False, 'cmake_target': None, 'cmake_target_skip_unavailable': False, 'install_base': '/home/solar/myRos2/install/te_demo', 'merge_install': False, 'path': '/home/solar/myRos2/src/te_demo', 'symlink_install': False, 'test_result_base': None}
[0.533s] INFO:colcon.colcon_core.executor:Executing jobs using 'parallel' executor
[0.535s] DEBUG:colcon.colcon_parallel_executor.executor.parallel:run_until_complete
[0.536s] INFO:colcon.colcon_ros.task.ament_cmake.build:Building ROS package in '/home/solar/myRos2/src/te_demo' with build type 'ament_cmake'
[0.536s] INFO:colcon.colcon_cmake.task.cmake.build:Building CMake package in '/home/solar/myRos2/src/te_demo'
[0.539s] INFO:colcon.colcon_core.plugin_system:Skipping extension 'colcon_core.shell.bat': Not used on non-Windows systems
[0.540s] INFO:colcon.colcon_core.shell:Skip shell extension 'powershell' for command environment: Not usable outside of PowerShell
[0.540s] DEBUG:colcon.colcon_core.shell:Skip shell extension 'dsv' for command environment
[0.563s] DEBUG:colcon.colcon_core.event_handler.log_command:Invoking command in '/home/solar/myRos2/build/te_demo': CMAKE_PREFIX_PATH=${CMAKE_PREFIX_PATH}:/opt/ros/humble /usr/bin/cmake --build /home/solar/myRos2/build/te_demo -- -j2 -l2
[2.957s] DEBUG:colcon.colcon_core.event_handler.log_command:Invoked command in '/home/solar/myRos2/build/te_demo' returned '0': CMAKE_PREFIX_PATH=${CMAKE_PREFIX_PATH}:/opt/ros/humble /usr/bin/cmake --build /home/solar/myRos2/build/te_demo -- -j2 -l2
[2.979s] DEBUG:colcon.colcon_core.event_handler.log_command:Invoking command in '/home/solar/myRos2/build/te_demo': CMAKE_PREFIX_PATH=${CMAKE_PREFIX_PATH}:/opt/ros/humble /usr/bin/cmake --install /home/solar/myRos2/build/te_demo
[3.086s] Level 1:colcon.colcon_core.environment:create_environment_scripts_only(te_demo)
[3.090s] DEBUG:colcon.colcon_core.event_handler.log_command:Invoked command in '/home/solar/myRos2/build/te_demo' returned '0': CMAKE_PREFIX_PATH=${CMAKE_PREFIX_PATH}:/opt/ros/humble /usr/bin/cmake --install /home/solar/myRos2/build/te_demo
[3.091s] Level 1:colcon.colcon_core.environment:checking '/home/solar/myRos2/install/te_demo' for CMake module files
[3.092s] Level 1:colcon.colcon_core.environment:checking '/home/solar/myRos2/install/te_demo' for CMake config files
[3.093s] Level 1:colcon.colcon_core.shell:create_environment_hook('te_demo', 'cmake_prefix_path')
[3.094s] INFO:colcon.colcon_core.shell:Creating environment hook '/home/solar/myRos2/install/te_demo/share/te_demo/hook/cmake_prefix_path.ps1'
[3.095s] INFO:colcon.colcon_core.shell:Creating environment descriptor '/home/solar/myRos2/install/te_demo/share/te_demo/hook/cmake_prefix_path.dsv'
[3.096s] INFO:colcon.colcon_core.shell:Creating environment hook '/home/solar/myRos2/install/te_demo/share/te_demo/hook/cmake_prefix_path.sh'
[3.099s] Level 1:colcon.colcon_core.environment:checking '/home/solar/myRos2/install/te_demo/lib'
[3.099s] Level 1:colcon.colcon_core.shell:create_environment_hook('te_demo', 'ld_library_path_lib')
[3.100s] INFO:colcon.colcon_core.shell:Creating environment hook '/home/solar/myRos2/install/te_demo/share/te_demo/hook/ld_library_path_lib.ps1'
[3.101s] INFO:colcon.colcon_core.shell:Creating environment descriptor '/home/solar/myRos2/install/te_demo/share/te_demo/hook/ld_library_path_lib.dsv'
[3.105s] INFO:colcon.colcon_core.shell:Creating environment hook '/home/solar/myRos2/install/te_demo/share/te_demo/hook/ld_library_path_lib.sh'
[3.105s] Level 1:colcon.colcon_core.environment:checking '/home/solar/myRos2/install/te_demo/bin'
[3.106s] Level 1:colcon.colcon_core.environment:checking '/home/solar/myRos2/install/te_demo/lib/pkgconfig/te_demo.pc'
[3.106s] Level 1:colcon.colcon_core.environment:checking '/home/solar/myRos2/install/te_demo/lib/python3.10/site-packages'
[3.107s] Level 1:colcon.colcon_core.environment:checking '/home/solar/myRos2/install/te_demo/bin'
[3.107s] INFO:colcon.colcon_core.shell:Creating package script '/home/solar/myRos2/install/te_demo/share/te_demo/package.ps1'
[3.109s] INFO:colcon.colcon_core.shell:Creating package descriptor '/home/solar/myRos2/install/te_demo/share/te_demo/package.dsv'
[3.110s] INFO:colcon.colcon_core.shell:Creating package script '/home/solar/myRos2/install/te_demo/share/te_demo/package.sh'
[3.112s] INFO:colcon.colcon_core.shell:Creating package script '/home/solar/myRos2/install/te_demo/share/te_demo/package.bash'
[3.113s] INFO:colcon.colcon_core.shell:Creating package script '/home/solar/myRos2/install/te_demo/share/te_demo/package.zsh'
[3.115s] Level 1:colcon.colcon_core.environment:create_file_with_runtime_dependencies(/home/solar/myRos2/install/te_demo/share/colcon-core/packages/te_demo)
[3.117s] Level 1:colcon.colcon_core.environment:create_environment_scripts_only(te_demo)
[3.117s] Level 1:colcon.colcon_core.environment:checking '/home/solar/myRos2/install/te_demo' for CMake module files
[3.118s] Level 1:colcon.colcon_core.environment:checking '/home/solar/myRos2/install/te_demo' for CMake config files
[3.119s] Level 1:colcon.colcon_core.shell:create_environment_hook('te_demo', 'cmake_prefix_path')
[3.119s] INFO:colcon.colcon_core.shell:Creating environment hook '/home/solar/myRos2/install/te_demo/share/te_demo/hook/cmake_prefix_path.ps1'
[3.120s] INFO:colcon.colcon_core.shell:Creating environment descriptor '/home/solar/myRos2/install/te_demo/share/te_demo/hook/cmake_prefix_path.dsv'
[3.121s] INFO:colcon.colcon_core.shell:Creating environment hook '/home/solar/myRos2/install/te_demo/share/te_demo/hook/cmake_prefix_path.sh'
[3.123s] Level 1:colcon.colcon_core.environment:checking '/home/solar/myRos2/install/te_demo/lib'
[3.123s] Level 1:colcon.colcon_core.shell:create_environment_hook('te_demo', 'ld_library_path_lib')
[3.123s] INFO:colcon.colcon_core.shell:Creating environment hook '/home/solar/myRos2/install/te_demo/share/te_demo/hook/ld_library_path_lib.ps1'
[3.124s] INFO:colcon.colcon_core.shell:Creating environment descriptor '/home/solar/myRos2/install/te_demo/share/te_demo/hook/ld_library_path_lib.dsv'
[3.125s] INFO:colcon.colcon_core.shell:Creating environment hook '/home/solar/myRos2/install/te_demo/share/te_demo/hook/ld_library_path_lib.sh'
[3.126s] Level 1:colcon.colcon_core.environment:checking '/home/solar/myRos2/install/te_demo/bin'
[3.126s] Level 1:colcon.colcon_core.environment:checking '/home/solar/myRos2/install/te_demo/lib/pkgconfig/te_demo.pc'
[3.127s] Level 1:colcon.colcon_core.environment:checking '/home/solar/myRos2/install/te_demo/lib/python3.10/site-packages'
[3.127s] Level 1:colcon.colcon_core.environment:checking '/home/solar/myRos2/install/te_demo/bin'
[3.127s] INFO:colcon.colcon_core.shell:Creating package script '/home/solar/myRos2/install/te_demo/share/te_demo/package.ps1'
[3.129s] INFO:colcon.colcon_core.shell:Creating package descriptor '/home/solar/myRos2/install/te_demo/share/te_demo/package.dsv'
[3.129s] INFO:colcon.colcon_core.shell:Creating package script '/home/solar/myRos2/install/te_demo/share/te_demo/package.sh'
[3.131s] INFO:colcon.colcon_core.shell:Creating package script '/home/solar/myRos2/install/te_demo/share/te_demo/package.bash'
[3.133s] INFO:colcon.colcon_core.shell:Creating package script '/home/solar/myRos2/install/te_demo/share/te_demo/package.zsh'
[3.134s] Level 1:colcon.colcon_core.environment:create_file_with_runtime_dependencies(/home/solar/myRos2/install/te_demo/share/colcon-core/packages/te_demo)
[3.135s] DEBUG:colcon.colcon_parallel_executor.executor.parallel:closing loop
[3.135s] DEBUG:colcon.colcon_parallel_executor.executor.parallel:loop closed
[3.135s] DEBUG:colcon.colcon_parallel_executor.executor.parallel:run_until_complete finished with '0'
[3.135s] DEBUG:colcon.colcon_core.event_reactor:joining thread
[3.146s] INFO:colcon.colcon_core.plugin_system:Skipping extension 'colcon_notification.desktop_notification.terminal_notifier': Not used on non-Darwin systems
[3.147s] INFO:colcon.colcon_core.plugin_system:Skipping extension 'colcon_notification.desktop_notification.win32': Not used on non-Windows systems
[3.147s] INFO:colcon.colcon_notification.desktop_notification:Sending desktop notification using 'notify2'
[3.188s] DEBUG:colcon.colcon_core.event_reactor:joined thread
[3.189s] INFO:colcon.colcon_core.shell:Creating prefix script '/home/solar/myRos2/install/local_setup.ps1'
[3.190s] INFO:colcon.colcon_core.shell:Creating prefix util module '/home/solar/myRos2/install/_local_setup_util_ps1.py'
[3.193s] INFO:colcon.colcon_core.shell:Creating prefix chain script '/home/solar/myRos2/install/setup.ps1'
[3.195s] INFO:colcon.colcon_core.shell:Creating prefix script '/home/solar/myRos2/install/local_setup.sh'
[3.196s] INFO:colcon.colcon_core.shell:Creating prefix util module '/home/solar/myRos2/install/_local_setup_util_sh.py'
[3.198s] INFO:colcon.colcon_core.shell:Creating prefix chain script '/home/solar/myRos2/install/setup.sh'
[3.200s] INFO:colcon.colcon_core.shell:Creating prefix script '/home/solar/myRos2/install/local_setup.bash'
[3.202s] INFO:colcon.colcon_core.shell:Creating prefix chain script '/home/solar/myRos2/install/setup.bash'
[3.204s] INFO:colcon.colcon_core.shell:Creating prefix script '/home/solar/myRos2/install/local_setup.zsh'
[3.205s] INFO:colcon.colcon_core.shell:Creating prefix chain script '/home/solar/myRos2/install/setup.zsh'
