[  9%] Built target te_demo__rosidl_generator_c
[ 12%] Built target te_demo__cpp
[ 22%] Built target te_demo__rosidl_typesupport_fastrtps_c
[ 22%] Built target ament_cmake_python_copy_te_demo
[ 32%] Built target te_demo__rosidl_typesupport_introspection_c
[ 41%] Built target te_demo__rosidl_typesupport_c
[ 51%] Built target te_demo__rosidl_typesupport_fastrtps_cpp
[ 61%] Built target te_demo__rosidl_typesupport_introspection_cpp
[ 70%] Built target te_demo__rosidl_typesupport_cpp
[ 70%] Built target te_demo
[ 74%] Built target te_demo__py
[ 80%] Built target te_demo__rosidl_generator_py
[ 87%] Built target te_demo__rosidl_typesupport_fastrtps_c__pyext
[ 93%] Built target te_demo__rosidl_typesupport_introspection_c__pyext
[100%] Built target te_demo__rosidl_typesupport_c__pyext
running egg_info
writing te_demo.egg-info/PKG-INFO
writing dependency_links to te_demo.egg-info/dependency_links.txt
writing top-level names to te_demo.egg-info/top_level.txt
reading manifest file 'te_demo.egg-info/SOURCES.txt'
writing manifest file 'te_demo.egg-info/SOURCES.txt'
[100%] Built target ament_cmake_python_build_te_demo_egg
-- Install configuration: ""
-- Up-to-date: /home/solar/myRos2/install/te_demo/share/ament_index/resource_index/rosidl_interfaces/te_demo
-- Up-to-date: /home/solar/myRos2/install/te_demo/include/te_demo/te_demo
-- Up-to-date: /home/solar/myRos2/install/te_demo/include/te_demo/te_demo/srv
-- Up-to-date: /home/solar/myRos2/install/te_demo/include/te_demo/te_demo/srv/add.h
-- Up-to-date: /home/solar/myRos2/install/te_demo/include/te_demo/te_demo/srv/detail
-- Up-to-date: /home/solar/myRos2/install/te_demo/include/te_demo/te_demo/srv/detail/add__type_support.h
-- Up-to-date: /home/solar/myRos2/install/te_demo/include/te_demo/te_demo/srv/detail/add__struct.h
-- Up-to-date: /home/solar/myRos2/install/te_demo/include/te_demo/te_demo/srv/detail/add__functions.h
-- Up-to-date: /home/solar/myRos2/install/te_demo/include/te_demo/te_demo/srv/detail/add__functions.c
-- Up-to-date: /home/solar/myRos2/install/te_demo/include/te_demo/te_demo/msg
-- Up-to-date: /home/solar/myRos2/install/te_demo/include/te_demo/te_demo/msg/rosidl_generator_c__visibility_control.h
-- Up-to-date: /home/solar/myRos2/install/te_demo/share/te_demo/environment/library_path.sh
-- Up-to-date: /home/solar/myRos2/install/te_demo/share/te_demo/environment/library_path.dsv
-- Up-to-date: /home/solar/myRos2/install/te_demo/lib/libte_demo__rosidl_generator_c.so
-- Up-to-date: /home/solar/myRos2/install/te_demo/include/te_demo/te_demo
-- Up-to-date: /home/solar/myRos2/install/te_demo/include/te_demo/te_demo/srv
-- Up-to-date: /home/solar/myRos2/install/te_demo/include/te_demo/te_demo/srv/detail
-- Up-to-date: /home/solar/myRos2/install/te_demo/include/te_demo/te_demo/srv/detail/add__rosidl_typesupport_fastrtps_c.h
-- Up-to-date: /home/solar/myRos2/install/te_demo/include/te_demo/te_demo/msg
-- Up-to-date: /home/solar/myRos2/install/te_demo/include/te_demo/te_demo/msg/rosidl_typesupport_fastrtps_c__visibility_control.h
-- Up-to-date: /home/solar/myRos2/install/te_demo/lib/libte_demo__rosidl_typesupport_fastrtps_c.so
-- Up-to-date: /home/solar/myRos2/install/te_demo/include/te_demo/te_demo
-- Up-to-date: /home/solar/myRos2/install/te_demo/include/te_demo/te_demo/srv
-- Up-to-date: /home/solar/myRos2/install/te_demo/include/te_demo/te_demo/srv/detail
-- Up-to-date: /home/solar/myRos2/install/te_demo/include/te_demo/te_demo/srv/detail/add__type_support.c
-- Up-to-date: /home/solar/myRos2/install/te_demo/include/te_demo/te_demo/srv/detail/add__rosidl_typesupport_introspection_c.h
-- Up-to-date: /home/solar/myRos2/install/te_demo/include/te_demo/te_demo/msg
-- Up-to-date: /home/solar/myRos2/install/te_demo/include/te_demo/te_demo/msg/rosidl_typesupport_introspection_c__visibility_control.h
-- Up-to-date: /home/solar/myRos2/install/te_demo/lib/libte_demo__rosidl_typesupport_introspection_c.so
-- Up-to-date: /home/solar/myRos2/install/te_demo/lib/libte_demo__rosidl_typesupport_c.so
-- Up-to-date: /home/solar/myRos2/install/te_demo/include/te_demo/te_demo
-- Up-to-date: /home/solar/myRos2/install/te_demo/include/te_demo/te_demo/srv
-- Up-to-date: /home/solar/myRos2/install/te_demo/include/te_demo/te_demo/srv/detail
-- Up-to-date: /home/solar/myRos2/install/te_demo/include/te_demo/te_demo/srv/detail/add__traits.hpp
-- Up-to-date: /home/solar/myRos2/install/te_demo/include/te_demo/te_demo/srv/detail/add__struct.hpp
-- Up-to-date: /home/solar/myRos2/install/te_demo/include/te_demo/te_demo/srv/detail/add__builder.hpp
-- Up-to-date: /home/solar/myRos2/install/te_demo/include/te_demo/te_demo/srv/detail/add__type_support.hpp
-- Up-to-date: /home/solar/myRos2/install/te_demo/include/te_demo/te_demo/srv/add.hpp
-- Up-to-date: /home/solar/myRos2/install/te_demo/include/te_demo/te_demo/msg
-- Up-to-date: /home/solar/myRos2/install/te_demo/include/te_demo/te_demo/msg/rosidl_generator_cpp__visibility_control.hpp
-- Up-to-date: /home/solar/myRos2/install/te_demo/include/te_demo/te_demo
-- Up-to-date: /home/solar/myRos2/install/te_demo/include/te_demo/te_demo/srv
-- Up-to-date: /home/solar/myRos2/install/te_demo/include/te_demo/te_demo/srv/detail
-- Up-to-date: /home/solar/myRos2/install/te_demo/include/te_demo/te_demo/srv/detail/dds_fastrtps
-- Up-to-date: /home/solar/myRos2/install/te_demo/include/te_demo/te_demo/srv/detail/add__rosidl_typesupport_fastrtps_cpp.hpp
-- Up-to-date: /home/solar/myRos2/install/te_demo/include/te_demo/te_demo/msg
-- Up-to-date: /home/solar/myRos2/install/te_demo/include/te_demo/te_demo/msg/rosidl_typesupport_fastrtps_cpp__visibility_control.h
-- Up-to-date: /home/solar/myRos2/install/te_demo/lib/libte_demo__rosidl_typesupport_fastrtps_cpp.so
-- Up-to-date: /home/solar/myRos2/install/te_demo/include/te_demo/te_demo
-- Up-to-date: /home/solar/myRos2/install/te_demo/include/te_demo/te_demo/srv
-- Up-to-date: /home/solar/myRos2/install/te_demo/include/te_demo/te_demo/srv/detail
-- Up-to-date: /home/solar/myRos2/install/te_demo/include/te_demo/te_demo/srv/detail/add__type_support.cpp
-- Up-to-date: /home/solar/myRos2/install/te_demo/include/te_demo/te_demo/srv/detail/add__rosidl_typesupport_introspection_cpp.hpp
-- Up-to-date: /home/solar/myRos2/install/te_demo/lib/libte_demo__rosidl_typesupport_introspection_cpp.so
-- Up-to-date: /home/solar/myRos2/install/te_demo/lib/libte_demo__rosidl_typesupport_cpp.so
-- Up-to-date: /home/solar/myRos2/install/te_demo/share/te_demo/environment/pythonpath.sh
-- Up-to-date: /home/solar/myRos2/install/te_demo/share/te_demo/environment/pythonpath.dsv
-- Up-to-date: /home/solar/myRos2/install/te_demo/local/lib/python3.10/dist-packages/te_demo-0.0.1-py3.10.egg-info
-- Installing: /home/solar/myRos2/install/te_demo/local/lib/python3.10/dist-packages/te_demo-0.0.1-py3.10.egg-info/top_level.txt
-- Installing: /home/solar/myRos2/install/te_demo/local/lib/python3.10/dist-packages/te_demo-0.0.1-py3.10.egg-info/dependency_links.txt
-- Installing: /home/solar/myRos2/install/te_demo/local/lib/python3.10/dist-packages/te_demo-0.0.1-py3.10.egg-info/PKG-INFO
-- Installing: /home/solar/myRos2/install/te_demo/local/lib/python3.10/dist-packages/te_demo-0.0.1-py3.10.egg-info/SOURCES.txt
-- Up-to-date: /home/solar/myRos2/install/te_demo/local/lib/python3.10/dist-packages/te_demo
-- Up-to-date: /home/solar/myRos2/install/te_demo/local/lib/python3.10/dist-packages/te_demo/te_demo_s__rosidl_typesupport_introspection_c.cpython-310-x86_64-linux-gnu.so
-- Up-to-date: /home/solar/myRos2/install/te_demo/local/lib/python3.10/dist-packages/te_demo/libte_demo__rosidl_generator_py.so
-- Up-to-date: /home/solar/myRos2/install/te_demo/local/lib/python3.10/dist-packages/te_demo/srv
-- Up-to-date: /home/solar/myRos2/install/te_demo/local/lib/python3.10/dist-packages/te_demo/srv/__init__.py
-- Up-to-date: /home/solar/myRos2/install/te_demo/local/lib/python3.10/dist-packages/te_demo/srv/_add_s.c
-- Up-to-date: /home/solar/myRos2/install/te_demo/local/lib/python3.10/dist-packages/te_demo/srv/_add.py
-- Up-to-date: /home/solar/myRos2/install/te_demo/local/lib/python3.10/dist-packages/te_demo/__init__.py
-- Up-to-date: /home/solar/myRos2/install/te_demo/local/lib/python3.10/dist-packages/te_demo/te_demo_s__rosidl_typesupport_fastrtps_c.cpython-310-x86_64-linux-gnu.so
-- Up-to-date: /home/solar/myRos2/install/te_demo/local/lib/python3.10/dist-packages/te_demo/te_demo_s__rosidl_typesupport_c.cpython-310-x86_64-linux-gnu.so
-- Up-to-date: /home/solar/myRos2/install/te_demo/local/lib/python3.10/dist-packages/te_demo/_te_demo_s.ep.rosidl_typesupport_c.c
-- Up-to-date: /home/solar/myRos2/install/te_demo/local/lib/python3.10/dist-packages/te_demo/_te_demo_s.ep.rosidl_typesupport_fastrtps_c.c
-- Up-to-date: /home/solar/myRos2/install/te_demo/local/lib/python3.10/dist-packages/te_demo/_te_demo_s.ep.rosidl_typesupport_introspection_c.c
Listing '/home/solar/myRos2/install/te_demo/local/lib/python3.10/dist-packages/te_demo'...
Listing '/home/solar/myRos2/install/te_demo/local/lib/python3.10/dist-packages/te_demo/srv'...
-- Up-to-date: /home/solar/myRos2/install/te_demo/local/lib/python3.10/dist-packages/te_demo/te_demo_s__rosidl_typesupport_fastrtps_c.cpython-310-x86_64-linux-gnu.so
-- Up-to-date: /home/solar/myRos2/install/te_demo/local/lib/python3.10/dist-packages/te_demo/te_demo_s__rosidl_typesupport_introspection_c.cpython-310-x86_64-linux-gnu.so
-- Up-to-date: /home/solar/myRos2/install/te_demo/local/lib/python3.10/dist-packages/te_demo/te_demo_s__rosidl_typesupport_c.cpython-310-x86_64-linux-gnu.so
-- Up-to-date: /home/solar/myRos2/install/te_demo/lib/libte_demo__rosidl_generator_py.so
-- Up-to-date: /home/solar/myRos2/install/te_demo/share/te_demo/srv/Add.idl
-- Up-to-date: /home/solar/myRos2/install/te_demo/share/te_demo/srv/Add.srv
-- Up-to-date: /home/solar/myRos2/install/te_demo/share/te_demo/srv/Add_Request.msg
-- Up-to-date: /home/solar/myRos2/install/te_demo/share/te_demo/srv/Add_Response.msg
-- Up-to-date: /home/solar/myRos2/install/te_demo/share/ament_index/resource_index/package_run_dependencies/te_demo
-- Up-to-date: /home/solar/myRos2/install/te_demo/share/ament_index/resource_index/parent_prefix_path/te_demo
-- Up-to-date: /home/solar/myRos2/install/te_demo/share/te_demo/environment/ament_prefix_path.sh
-- Up-to-date: /home/solar/myRos2/install/te_demo/share/te_demo/environment/ament_prefix_path.dsv
-- Up-to-date: /home/solar/myRos2/install/te_demo/share/te_demo/environment/path.sh
-- Up-to-date: /home/solar/myRos2/install/te_demo/share/te_demo/environment/path.dsv
-- Up-to-date: /home/solar/myRos2/install/te_demo/share/te_demo/local_setup.bash
-- Up-to-date: /home/solar/myRos2/install/te_demo/share/te_demo/local_setup.sh
-- Up-to-date: /home/solar/myRos2/install/te_demo/share/te_demo/local_setup.zsh
-- Up-to-date: /home/solar/myRos2/install/te_demo/share/te_demo/local_setup.dsv
-- Installing: /home/solar/myRos2/install/te_demo/share/te_demo/package.dsv
-- Up-to-date: /home/solar/myRos2/install/te_demo/share/ament_index/resource_index/packages/te_demo
-- Up-to-date: /home/solar/myRos2/install/te_demo/share/te_demo/cmake/export_te_demo__rosidl_generator_cExport.cmake
-- Up-to-date: /home/solar/myRos2/install/te_demo/share/te_demo/cmake/export_te_demo__rosidl_generator_cExport-noconfig.cmake
-- Up-to-date: /home/solar/myRos2/install/te_demo/share/te_demo/cmake/export_te_demo__rosidl_typesupport_fastrtps_cExport.cmake
-- Up-to-date: /home/solar/myRos2/install/te_demo/share/te_demo/cmake/export_te_demo__rosidl_typesupport_fastrtps_cExport-noconfig.cmake
-- Up-to-date: /home/solar/myRos2/install/te_demo/share/te_demo/cmake/te_demo__rosidl_typesupport_introspection_cExport.cmake
-- Up-to-date: /home/solar/myRos2/install/te_demo/share/te_demo/cmake/te_demo__rosidl_typesupport_introspection_cExport-noconfig.cmake
-- Up-to-date: /home/solar/myRos2/install/te_demo/share/te_demo/cmake/te_demo__rosidl_typesupport_cExport.cmake
-- Up-to-date: /home/solar/myRos2/install/te_demo/share/te_demo/cmake/te_demo__rosidl_typesupport_cExport-noconfig.cmake
-- Up-to-date: /home/solar/myRos2/install/te_demo/share/te_demo/cmake/export_te_demo__rosidl_generator_cppExport.cmake
-- Up-to-date: /home/solar/myRos2/install/te_demo/share/te_demo/cmake/export_te_demo__rosidl_typesupport_fastrtps_cppExport.cmake
-- Up-to-date: /home/solar/myRos2/install/te_demo/share/te_demo/cmake/export_te_demo__rosidl_typesupport_fastrtps_cppExport-noconfig.cmake
-- Up-to-date: /home/solar/myRos2/install/te_demo/share/te_demo/cmake/te_demo__rosidl_typesupport_introspection_cppExport.cmake
-- Up-to-date: /home/solar/myRos2/install/te_demo/share/te_demo/cmake/te_demo__rosidl_typesupport_introspection_cppExport-noconfig.cmake
-- Up-to-date: /home/solar/myRos2/install/te_demo/share/te_demo/cmake/te_demo__rosidl_typesupport_cppExport.cmake
-- Up-to-date: /home/solar/myRos2/install/te_demo/share/te_demo/cmake/te_demo__rosidl_typesupport_cppExport-noconfig.cmake
-- Up-to-date: /home/solar/myRos2/install/te_demo/share/te_demo/cmake/export_te_demo__rosidl_generator_pyExport.cmake
-- Up-to-date: /home/solar/myRos2/install/te_demo/share/te_demo/cmake/export_te_demo__rosidl_generator_pyExport-noconfig.cmake
-- Up-to-date: /home/solar/myRos2/install/te_demo/share/te_demo/cmake/rosidl_cmake-extras.cmake
-- Up-to-date: /home/solar/myRos2/install/te_demo/share/te_demo/cmake/ament_cmake_export_include_directories-extras.cmake
-- Up-to-date: /home/solar/myRos2/install/te_demo/share/te_demo/cmake/ament_cmake_export_libraries-extras.cmake
-- Up-to-date: /home/solar/myRos2/install/te_demo/share/te_demo/cmake/ament_cmake_export_targets-extras.cmake
-- Up-to-date: /home/solar/myRos2/install/te_demo/share/te_demo/cmake/rosidl_cmake_export_typesupport_targets-extras.cmake
-- Up-to-date: /home/solar/myRos2/install/te_demo/share/te_demo/cmake/ament_cmake_export_dependencies-extras.cmake
-- Up-to-date: /home/solar/myRos2/install/te_demo/share/te_demo/cmake/rosidl_cmake_export_typesupport_libraries-extras.cmake
-- Up-to-date: /home/solar/myRos2/install/te_demo/share/te_demo/cmake/te_demoConfig.cmake
-- Up-to-date: /home/solar/myRos2/install/te_demo/share/te_demo/cmake/te_demoConfig-version.cmake
-- Up-to-date: /home/solar/myRos2/install/te_demo/share/te_demo/package.xml
